#
# A fatal error has been detected by the Java Runtime Environment:
#
#  SIGSEGV (0xb) at pc=0x00007f05ba370620, pid=80648, tid=80690
#
# JRE version: OpenJDK Runtime Environment Temurin-17.0.9+9 (17.0.9+9) (build 17.0.9+9)
# Java VM: OpenJDK 64-Bit Server VM Temurin-17.0.9+9 (17.0.9+9, mixed mode, tiered, compressed oops, compressed class ptrs, parallel gc, linux-amd64)
# Problematic frame:
# V  [libjvm.so+0xc99620]  oopDesc* PSPromotionManager::copy_unmarked_to_survivor_space<false>(oopDesc*, markWord)+0x40
#
# Core dump will be written. Default location: Core dumps may be processed with "/usr/share/apport/apport -p%p -s%s -c%c -d%d -P%P -u%u -g%g -- %E" (or dumping to /home/user/Music/UAT/fino/P2mSettlement/settlement_consumer/core.80648)
#
# If you would like to submit a bug report, please visit:
#   https://github.com/adoptium/adoptium-support/issues
#

---------------  S U M M A R Y ------------

Command Line: --add-modules=ALL-SYSTEM --add-opens=java.base/java.util=ALL-UNNAMED --add-opens=java.base/java.lang=ALL-UNNAMED --add-opens=java.base/sun.nio.fs=ALL-UNNAMED -Declipse.application=org.eclipse.jdt.ls.core.id1 -Dosgi.bundles.defaultStartLevel=4 -Declipse.product=org.eclipse.jdt.ls.core.product -Djava.import.generatesMetadataFilesAtProjectRoot=false -DDetectVMInstallationsJob.disabled=true -Dfile.encoding=utf8 -XX:+UseParallelGC -XX:GCTimeRatio=4 -XX:AdaptiveSizePolicyWeight=90 -Dsun.zip.disableMemoryMapping=true -Xmx1G -Xms100m -Xlog:disable -javaagent:/home/user/.vscode/extensions/redhat.java-1.25.1-linux-x64/lombok/lombok-1.18.30.jar -XX:+HeapDumpOnOutOfMemoryError -XX:HeapDumpPath=/home/user/.config/Code/User/workspaceStorage/5c7cea983f6854595f0b307e254936d3/redhat.java -Daether.dependencyCollector.impl=bf /home/user/.vscode/extensions/redhat.java-1.25.1-linux-x64/server/plugins/org.eclipse.equinox.launcher_1.6.600.v20231106-1826.jar -configuration /home/user/.config/Code/User/globalStorage/redhat.java/1.25.1/config_linux -data /home/user/.config/Code/User/workspaceStorage/5c7cea983f6854595f0b307e254936d3/redhat.java/jdt_ws --stdio

Host: Intel(R) Core(TM) i5-5200U CPU @ 2.20GHz, 4 cores, 7G, Ubuntu 20.04.6 LTS
Time: Wed Jan  3 14:22:50 2024 IST elapsed time: 34.285489 seconds (0d 0h 0m 34s)

---------------  T H R E A D  ---------------

Current thread (0x00007f05900033f0):  GCTaskThread "GC Thread#3" [stack: 0x00007f0596011000,0x00007f0596111000] [id=80690]

Stack: [0x00007f0596011000,0x00007f0596111000],  sp=0x00007f059610fb40,  free space=1018k
Native frames: (J=compiled Java code, j=interpreted, Vv=VM code, C=native code)
V  [libjvm.so+0xc99620]  oopDesc* PSPromotionManager::copy_unmarked_to_survivor_space<false>(oopDesc*, markWord)+0x40
V  [libjvm.so+0xc992f2]  PSPromotionManager::drain_stacks_depth(bool)+0x592
V  [libjvm.so+0xc7cf6c]  PSCardTable::scavenge_contents_parallel(ObjectStartArray*, MutableSpace*, HeapWordImpl**, PSPromotionManager*, unsigned int, unsigned int)+0xa3c
V  [libjvm.so+0xc9dd6d]  ScavengeRootsTask::work(unsigned int)+0x4cd
V  [libjvm.so+0xf137bf]  GangWorker::loop()+0x5f
V  [libjvm.so+0xf1381f]
V  [libjvm.so+0xe629b0]  Thread::call_run()+0xc0
V  [libjvm.so+0xc23e91]  thread_native_entry(Thread*)+0xe1


siginfo: si_signo: 11 (SIGSEGV), si_code: 1 (SEGV_MAPERR), si_addr: 0x0000000000000298

Registers:
RAX=0x00007f05ba991320, RBX=0x00007f05b414e400, RCX=0x0000000000000003, RDX=0x0000000000000001
RSP=0x00007f059610fb40, RBP=0x00007f059610fbb0, RSI=0x00000000eb535198, RDI=0x0000000000000290
R8 =0x00007f059610fb60, R9 =0x0000000000000000, R10=0x00000001005a0960, R11=0x00000000c6fef7a0
R12=0x00000000eb535198, R13=0x00000000c6fef7b0, R14=0x00000000c6fef7b1, R15=0x00007f05ba991330
RIP=0x00007f05ba370620, EFLAGS=0x0000000000010206, CSGSFS=0x002b000000000033, ERR=0x0000000000000004
  TRAPNO=0x000000000000000e


Register to memory mapping:

RAX=0x00007f05ba991320: <offset 0x00000000012ba320> in /home/user/.vscode/extensions/redhat.java-1.25.1-linux-x64/jre/17.0.9-linux-x86_64/lib/server/libjvm.so at 0x00007f05b96d7000
RBX=0x00007f05b414e400 points into unknown readable memory: 0x00007f05ba9881e0 | e0 81 98 ba 05 7f 00 00
RCX=0x0000000000000003 is an unknown value
RDX=0x0000000000000001 is an unknown value
RSP=0x00007f059610fb40 points into unknown readable memory: 0x00007f05ba9f40a0 | a0 40 9f ba 05 7f 00 00
RBP=0x00007f059610fbb0 points into unknown readable memory: 0x00007f059610fc00 | 00 fc 10 96 05 7f 00 00
RSI=0x00000000eb535198 points into unknown readable memory: 0x004f001a00000001 | 01 00 00 00 1a 00 4f 00
RDI=0x0000000000000290 is an unknown value
R8 =0x00007f059610fb60 points into unknown readable memory: 0x00007f05ba8e8e10 | 10 8e 8e ba 05 7f 00 00
R9 =0x0 is NULL
R10=0x00000001005a0960 is pointing into metadata
R11=0x00000000c6fef7a0 is an oop: jdk.internal.jrtfs.JrtPath 
{0x00000000c6fef7a0} - klass: 'jdk/internal/jrtfs/JrtPath'
 - ---- fields (total size 4 words):
 - final 'jrtfs' 'Ljdk/internal/jrtfs/JrtFileSystem;' @12  a 'jdk/internal/jrtfs/JrtFileSystem'{0x00000000c11c2268} (c11c2268)
 - private final 'path' 'Ljava/lang/String;' @16  
[error occurred during error reporting (printing register info), id 0xb, SIGSEGV (0xb) at pc=0x00007f05ba2e3208]

Top of Stack: (sp=0x00007f059610fb40)
0x00007f059610fb40:   00007f05ba9f40a0 00007f05ba9f40a0
0x00007f059610fb50:   0000000400000001 004f001a00000001
0x00007f059610fb60:   00007f05ba8e8e10 00007f05b40aa060
0x00007f059610fb70:   00007f05b414e400 00007f05ba9da4ac
0x00007f059610fb80:   0000000000000002 00007f05b414e400
0x00007f059610fb90:   00007f05b414e560 00000000c6fef7b0
0x00007f059610fba0:   00000000c6fef7b1 00007f05ba991330
0x00007f059610fbb0:   00007f059610fc00 00007f05ba3702f2
0x00007f059610fbc0:   00000000c6fef7a0 00000000c13a0ef8
0x00007f059610fbd0:   00000000000031d7 00007f05b9032d88
0x00007f059610fbe0:   00007f05b9032d88 00000000c13b0f30
0x00007f059610fbf0:   0000000000000240 00007f05ba9f3aa0
0x00007f059610fc00:   00007f059610fce0 00007f05ba353f6c
0x00007f059610fc10:   00007f059610fc90 00007f05b4040040
0x00007f059610fc20:   00007f05b9029100 0000000000000100
0x00007f059610fc30:   00007f05b9029000 00000000c6f42e20
0x00007f059610fc40:   00007f05b9032d00 00007f05b414e400
0x00007f059610fc50:   0000000000000200 00007f05b9032d00
0x00007f059610fc60:   00000000c13b0f30 00007f05b9060a18
0x00007f059610fc70:   00007f05b9032c00 00000000c13b0f30
0x00007f059610fc80:   00007f05b4040040 00007f05b403e680
0x00007f059610fc90:   00007f05ba8e8e10 00007f05b40aa060
0x00007f059610fca0:   00007f05b414e400 00007f052c006ea8
0x00007f059610fcb0:   00007f059610fcf0 00007f0597dfc580
0x00007f059610fcc0:   00007f05b414e400 0000000000000002
0x00007f059610fcd0:   0000000000000002 00007f05900033f0
0x00007f059610fce0:   00007f059610fdf0 00007f05ba374d6d
0x00007f059610fcf0:   0000000000000004 00007f05ba374d34
0x00007f059610fd00:   00007f0597dfc5c0 00000000000003d8
0x00007f059610fd10:   00007f057010dc08 00007f057010d830
0x00007f059610fd20:   00007f05900036b0 00007f057010d820
0x00007f059610fd30:   00007f0597dfc580 00007f0597dfc5c0 

Instructions: (pc=0x00007f05ba370620)
0x00007f05ba370520:   e8 2b ea 72 ff e9 f9 fb ff ff 66 0f 1f 44 00 00
0x00007f05ba370530:   48 8d 05 11 1b 6a 00 4c 89 ee 48 89 55 c0 48 8b
0x00007f05ba370540:   38 e8 2a 86 fa ff 84 c0 0f 84 b2 f9 ff ff 48 8b
0x00007f05ba370550:   55 c0 49 39 16 0f 87 a5 f9 ff ff 48 8d 05 3e 3c
0x00007f05ba370560:   68 00 4d 89 e8 49 c1 e8 09 48 8b 00 48 8b 40 40
0x00007f05ba370570:   42 c6 04 00 03 e9 86 f9 ff ff 66 0f 1f 44 00 00
0x00007f05ba370580:   8b 93 60 01 00 00 8b 83 e0 00 00 00 29 d0 25 ff
0x00007f05ba370590:   ff 01 00 3d ff ff 01 00 74 08 85 c0 0f 85 fe f7
0x00007f05ba3705a0:   ff ff 48 83 c4 18 5b 41 5c 41 5d 41 5e 41 5f 5d
0x00007f05ba3705b0:   c3 31 d2 e9 3d fd ff ff 45 31 ff e9 a1 fd ff ff
0x00007f05ba3705c0:   45 31 ed e9 29 fa ff ff 31 d2 e9 ba f9 ff ff 45
0x00007f05ba3705d0:   31 ed e9 a2 fa ff ff 31 d2 e9 04 f9 ff ff 66 90
0x00007f05ba3705e0:   55 48 89 e5 41 57 41 56 41 55 41 54 49 89 f4 53
0x00007f05ba3705f0:   48 89 fb 48 83 ec 48 48 8d 05 e7 7c 66 00 48 89
0x00007f05ba370600:   55 a8 0f b6 10 84 d2 0f 84 0b 04 00 00 48 8d 05
0x00007f05ba370610:   0c 0d 62 00 8b 7e 08 8b 48 08 48 d3 e7 48 03 38
0x00007f05ba370620:   8b 47 08 89 45 a4 85 c0 0f 8e da 02 00 00 a8 01
0x00007f05ba370630:   0f 84 9a 00 00 00 48 8b 07 48 8d 15 b0 52 5f ff
0x00007f05ba370640:   48 8b 80 00 01 00 00 48 39 d0 0f 85 3d 04 00 00
0x00007f05ba370650:   c1 7d a4 03 4c 63 6d a4 48 8b 55 a8 49 89 d6 49
0x00007f05ba370660:   c1 ee 03 44 89 f0 83 e0 0f 83 e2 01 89 45 a0 0f
0x00007f05ba370670:   84 b3 03 00 00 48 8d 05 1c 3b 68 00 8b 4d a0 3b
0x00007f05ba370680:   08 0f 83 29 01 00 00 4c 8b 7b 08 48 8b 43 18 4c
0x00007f05ba370690:   29 f8 48 c1 e8 03 4c 39 e8 0f 82 01 01 00 00 4b
0x00007f05ba3706a0:   8d 04 ef 45 31 db 48 89 43 08 4d 85 ff 0f 84 ed
0x00007f05ba3706b0:   00 00 00 8b 45 a4 83 f8 08 0f 87 69 06 00 00 48
0x00007f05ba3706c0:   8d 15 fa 47 36 00 48 63 04 82 48 01 d0 ff e0 90
0x00007f05ba3706d0:   c1 f8 03 89 45 a4 4c 63 e8 e9 7a ff ff ff 66 90
0x00007f05ba3706e0:   49 8b 44 24 38 49 89 47 38 49 8b 44 24 30 49 89
0x00007f05ba3706f0:   47 30 49 8b 44 24 28 49 89 47 28 49 8b 44 24 20
0x00007f05ba370700:   49 89 47 20 49 8b 44 24 18 49 89 47 18 49 8b 44
0x00007f05ba370710:   24 10 49 89 47 10 49 8b 44 24 08 49 89 47 08 49 


Stack slot to memory mapping:
stack at sp + 0 slots: 0x00007f05ba9f40a0: <offset 0x000000000131d0a0> in /home/user/.vscode/extensions/redhat.java-1.25.1-linux-x64/jre/17.0.9-linux-x86_64/lib/server/libjvm.so at 0x00007f05b96d7000
stack at sp + 1 slots: 0x00007f05ba9f40a0: <offset 0x000000000131d0a0> in /home/user/.vscode/extensions/redhat.java-1.25.1-linux-x64/jre/17.0.9-linux-x86_64/lib/server/libjvm.so at 0x00007f05b96d7000
stack at sp + 2 slots: 0x0000000400000001 is an unknown value
stack at sp + 3 slots: 0x004f001a00000001 is an unknown value
stack at sp + 4 slots: 0x00007f05ba8e8e10: <offset 0x0000000001211e10> in /home/user/.vscode/extensions/redhat.java-1.25.1-linux-x64/jre/17.0.9-linux-x86_64/lib/server/libjvm.so at 0x00007f05b96d7000
stack at sp + 5 slots: 0x00007f05b40aa060 points into unknown readable memory: 0x00007f05ba8e9420 | 20 94 8e ba 05 7f 00 00
stack at sp + 6 slots: 0x00007f05b414e400 points into unknown readable memory: 0x00007f05ba9881e0 | e0 81 98 ba 05 7f 00 00
stack at sp + 7 slots: 0x00007f05ba9da4ac: <offset 0x00000000013034ac> in /home/user/.vscode/extensions/redhat.java-1.25.1-linux-x64/jre/17.0.9-linux-x86_64/lib/server/libjvm.so at 0x00007f05b96d7000


---------------  P R O C E S S  ---------------

Threads class SMR info:
_java_thread_list=0x00007f052c0077e0, length=27, elements={
0x00007f05b4027b00, 0x00007f05b4161bd0, 0x00007f05b4163150, 0x00007f05b418ad80,
0x00007f05b418e670, 0x00007f05b418f610, 0x00007f05b4190c70, 0x00007f05b4192130,
0x00007f05b4193580, 0x00007f05b41f0cd0, 0x00007f05b42edb00, 0x00007f05b44131b0,
0x00007f05b454a340, 0x00007f05b4521360, 0x00007f05b4524090, 0x00007f05403e7c70,
0x00007f0540226530, 0x00007f05402ed490, 0x00007f05403812f0, 0x00007f054038bfe0,
0x00007f0530009a50, 0x00007f0570138800, 0x00007f0540881c00, 0x00007f052c000e70,
0x00007f05b453e4f0, 0x00007f05b4634700, 0x00007f05b4636020
}

Java Threads: ( => current thread )
  0x00007f05b4027b00 JavaThread "main" [_thread_blocked, id=80650, stack(0x00007f05b947d000,0x00007f05b957e000)]
  0x00007f05b4161bd0 JavaThread "Reference Handler" daemon [_thread_blocked, id=80653, stack(0x00007f0597bfc000,0x00007f0597cfd000)]
  0x00007f05b4163150 JavaThread "Finalizer" daemon [_thread_blocked, id=80654, stack(0x00007f0597afb000,0x00007f0597bfc000)]
  0x00007f05b418ad80 JavaThread "Signal Dispatcher" daemon [_thread_blocked, id=80655, stack(0x00007f0596c1c000,0x00007f0596d1d000)]
  0x00007f05b418e670 JavaThread "Service Thread" daemon [_thread_blocked, id=80656, stack(0x00007f0596b1b000,0x00007f0596c1c000)]
  0x00007f05b418f610 JavaThread "Monitor Deflation Thread" daemon [_thread_blocked, id=80657, stack(0x00007f0596a1a000,0x00007f0596b1b000)]
  0x00007f05b4190c70 JavaThread "C2 CompilerThread0" daemon [_thread_blocked, id=80658, stack(0x00007f0596919000,0x00007f0596a1a000)]
  0x00007f05b4192130 JavaThread "C1 CompilerThread0" daemon [_thread_blocked, id=80659, stack(0x00007f0596818000,0x00007f0596919000)]
  0x00007f05b4193580 JavaThread "Sweeper thread" daemon [_thread_blocked, id=80660, stack(0x00007f0596717000,0x00007f0596818000)]
  0x00007f05b41f0cd0 JavaThread "Common-Cleaner" daemon [_thread_blocked, id=80667, stack(0x00007f0596616000,0x00007f0596717000)]
  0x00007f05b42edb00 JavaThread "Notification Thread" daemon [_thread_blocked, id=80675, stack(0x00007f0596515000,0x00007f0596616000)]
  0x00007f05b44131b0 JavaThread "process reaper" daemon [_thread_blocked, id=80684, stack(0x00007f05b8018000,0x00007f05b803a000)]
  0x00007f05b454a340 JavaThread "Active Thread: Equinox Container: dc06a195-c3d2-4ce9-a2de-69ecf00ae4ce" [_thread_blocked, id=80694, stack(0x00007f0595f0f000,0x00007f0596010000)]
  0x00007f05b4521360 JavaThread "Framework Event Dispatcher: Equinox Container: dc06a195-c3d2-4ce9-a2de-69ecf00ae4ce" daemon [_thread_blocked, id=80698, stack(0x00007f0595e0e000,0x00007f0595f0f000)]
  0x00007f05b4524090 JavaThread "Start Level: Equinox Container: dc06a195-c3d2-4ce9-a2de-69ecf00ae4ce" daemon [_thread_blocked, id=80699, stack(0x00007f0595d0d000,0x00007f0595e0e000)]
  0x00007f05403e7c70 JavaThread "Bundle File Closer" daemon [_thread_blocked, id=80701, stack(0x00007f05959fa000,0x00007f0595afb000)]
  0x00007f0540226530 JavaThread "SCR Component Actor" daemon [_thread_blocked, id=80704, stack(0x00007f05958f9000,0x00007f05959fa000)]
  0x00007f05402ed490 JavaThread "Worker-JM" [_thread_blocked, id=80757, stack(0x00007f0596313000,0x00007f0596414000)]
  0x00007f05403812f0 JavaThread "Worker-0" [_thread_blocked, id=80763, stack(0x00007f05956f7000,0x00007f05957f8000)]
  0x00007f054038bfe0 JavaThread "Worker-1: Initialize Workspace" [_thread_blocked, id=80764, stack(0x00007f05955f6000,0x00007f05956f7000)]
  0x00007f0530009a50 JavaThread "Worker-2" [_thread_blocked, id=80774, stack(0x00007f05954f5000,0x00007f05955f6000)]
  0x00007f0570138800 JavaThread "C2 CompilerThread1" daemon [_thread_in_native, id=80775, stack(0x00007f05953f4000,0x00007f05954f5000)]
  0x00007f0540881c00 JavaThread "Java indexing" daemon [_thread_blocked, id=80776, stack(0x00007f05952f3000,0x00007f05953f4000)]
  0x00007f052c000e70 JavaThread "Worker-3: Java indexing... " [_thread_blocked, id=80777, stack(0x00007f05951f2000,0x00007f05952f3000)]
  0x00007f05b453e4f0 JavaThread "pool-2-thread-1" [_thread_blocked, id=80794, stack(0x00007f0594e9b000,0x00007f0594f9c000)]
  0x00007f05b4634700 JavaThread "WorkspaceEventsHandler" [_thread_blocked, id=80797, stack(0x00007f05950f1000,0x00007f05951f2000)]
  0x00007f05b4636020 JavaThread "pool-1-thread-1" [_thread_blocked, id=80798, stack(0x00007f0594ff0000,0x00007f05950f1000)]

Other Threads:
  0x00007f05b4068070 VMThread "VM Thread" [stack: 0x00007f0597cfe000,0x00007f0597dfe000] [id=80652]
  0x00007f05b4288fa0 WatcherThread [stack: 0x00007f0596415000,0x00007f0596515000] [id=80676]
  0x00007f05b403e840 GCTaskThread "GC Thread#0" [stack: 0x00007f05b8f29000,0x00007f05b9029000] [id=80651]
  0x00007f05900010d0 GCTaskThread "GC Thread#1" [stack: 0x00007f0596213000,0x00007f0596313000] [id=80688]
  0x00007f05900029e0 GCTaskThread "GC Thread#2" [stack: 0x00007f0596112000,0x00007f0596212000] [id=80689]
=>0x00007f05900033f0 GCTaskThread "GC Thread#3" [stack: 0x00007f0596011000,0x00007f0596111000] [id=80690]

Threads with active compile tasks:
C2 CompilerThread0    34305 8387       4       org.eclipse.jdt.internal.core.search.indexing.BinaryIndexer::extractReferenceFromConstantPool (351 bytes)
C2 CompilerThread1    34305 8266   !   4       org.eclipse.jdt.internal.compiler.classfmt.ClassFileReader::<init> (2113 bytes)

VM state: at safepoint (normal execution)

VM Mutex/Monitor currently owned by a thread:  ([mutex/lock_event])
[0x00007f05b4024240] Threads_lock - owner thread: 0x00007f05b4068070
[0x00007f05b40249f0] Heap_lock - owner thread: 0x00007f0540881c00

Heap address: 0x00000000c0000000, size: 1024 MB, Compressed Oops mode: 32-bit

CDS archive(s) not mapped
Compressed class space mapped at: 0x0000000100000000-0x0000000140000000, reserved size: 1073741824
Narrow klass base: 0x0000000000000000, Narrow klass shift: 3, Narrow klass range: 0x140000000

GC Precious Log:
 CPUs: 4 total, 4 available
 Memory: 7826M
 Large Page Support: Disabled
 NUMA Support: Disabled
 Compressed Oops: Enabled (32-bit)
 Alignments: Space 512K, Generation 512K, Heap 2M
 Heap Min Capacity: 100M
 Heap Initial Capacity: 100M
 Heap Max Capacity: 1G
 Pre-touch: Disabled
 Parallel Workers: 4

Heap:
 PSYoungGen      total 10752K, used 10734K [0x00000000eab00000, 0x00000000ebc80000, 0x0000000100000000)
  eden space 8704K, 100% used [0x00000000eab00000,0x00000000eb380000,0x00000000eb380000)
  from space 2048K, 99% used [0x00000000eb380000,0x00000000eb57b9d0,0x00000000eb580000)
  to   space 4608K, 37% used [0x00000000eb800000,0x00000000eb9aee28,0x00000000ebc80000)
 ParOldGen       total 116736K, used 115879K [0x00000000c0000000, 0x00000000c7200000, 0x00000000eab00000)
  object space 116736K, 99% used [0x00000000c0000000,0x00000000c7129f50,0x00000000c7200000)
 Metaspace       used 57307K, committed 58368K, reserved 1114112K
  class space    used 6168K, committed 6656K, reserved 1048576K

Card table byte_map: [0x00007f05b9029000,0x00007f05b922a000] _byte_map_base: 0x00007f05b8a29000

Marking Bits: (ParMarkBitMap*) 0x00007f05ba9f3c40
 Begin Bits: [0x00007f05a03db000, 0x00007f05a13db000)
 End Bits:   [0x00007f05a13db000, 0x00007f05a23db000)

Polling page: 0x00007f05bac4a000

Metaspace:

Usage:
  Non-class:     49.94 MB used.
      Class:      6.02 MB used.
       Both:     55.96 MB used.

Virtual space:
  Non-class space:       64.00 MB reserved,      50.50 MB ( 79%) committed,  1 nodes.
      Class space:        1.00 GB reserved,       6.50 MB ( <1%) committed,  1 nodes.
             Both:        1.06 GB reserved,      57.00 MB (  5%) committed. 

Chunk freelists:
   Non-Class:  12.75 MB
       Class:  9.36 MB
        Both:  22.11 MB

MaxMetaspaceSize: unlimited
CompressedClassSpaceSize: 1.00 GB
Initial GC threshold: 21.00 MB
Current GC threshold: 92.94 MB
CDS: off
MetaspaceReclaimPolicy: balanced
 - commit_granule_bytes: 65536.
 - commit_granule_words: 8192.
 - virtual_space_node_default_size: 8388608.
 - enlarge_chunks_in_place: 1.
 - new_chunks_are_fully_committed: 0.
 - uncommit_free_chunks: 1.
 - use_allocation_guard: 0.
 - handle_deallocations: 1.


Internal statistics:

num_allocs_failed_limit: 6.
num_arena_births: 640.
num_arena_deaths: 14.
num_vsnodes_births: 2.
num_vsnodes_deaths: 0.
num_space_committed: 912.
num_space_uncommitted: 0.
num_chunks_returned_to_freelist: 20.
num_chunks_taken_from_freelist: 2796.
num_chunk_merges: 10.
num_chunk_splits: 1791.
num_chunks_enlarged: 1111.
num_inconsistent_stats: 0.

CodeHeap 'non-profiled nmethods': size=120032Kb used=3336Kb max_used=3336Kb free=116696Kb
 bounds [0x00007f05a9ea3000, 0x00007f05aa1f3000, 0x00007f05b13db000]
CodeHeap 'profiled nmethods': size=120028Kb used=14398Kb max_used=14398Kb free=105630Kb
 bounds [0x00007f05a23db000, 0x00007f05a31eb000, 0x00007f05a9912000]
CodeHeap 'non-nmethods': size=5700Kb used=1287Kb max_used=1335Kb free=4413Kb
 bounds [0x00007f05a9912000, 0x00007f05a9b82000, 0x00007f05a9ea3000]
 total_blobs=7896 nmethods=7280 adapters=531
 compilation: enabled
              stopped_count=0, restarted_count=0
 full_count=0

Compilation events (20 events):
Event: 34.170 Thread 0x00007f05b4192130 8418       2       org.codehaus.plexus.util.xml.pull.MXParser::parseEntityRef (59 bytes)
Event: 34.170 Thread 0x00007f05b4192130 nmethod 8418 0x00007f05a31e6890 code [0x00007f05a31e6a60, 0x00007f05a31e6c90]
Event: 34.170 Thread 0x00007f05b4192130 8423       2       org.eclipse.sisu.inject.MildKeys$Weak::<init> (15 bytes)
Event: 34.171 Thread 0x00007f05b4192130 nmethod 8423 0x00007f05a31e6d90 code [0x00007f05a31e6f40, 0x00007f05a31e70c0]
Event: 34.171 Thread 0x00007f05b4192130 8420       2       org.codehaus.plexus.util.xml.pull.MXParser::joinPC (69 bytes)
Event: 34.171 Thread 0x00007f05b4192130 nmethod 8420 0x00007f05a31e7190 code [0x00007f05a31e7340, 0x00007f05a31e7570]
Event: 34.173 Thread 0x00007f05b4192130 8425   !   2       org.apache.maven.plugin.descriptor.MojoDescriptor::clone (18 bytes)
Event: 34.173 Thread 0x00007f05b4192130 nmethod 8425 0x00007f05a31e7690 code [0x00007f05a31e7840, 0x00007f05a31e7a50]
Event: 34.173 Thread 0x00007f05b4192130 8424       2       org.eclipse.aether.AbstractForwardingRepositorySystemSession::getWorkspaceReader (10 bytes)
Event: 34.174 Thread 0x00007f05b4192130 nmethod 8424 0x00007f05a31e7b90 code [0x00007f05a31e7d20, 0x00007f05a31e7e30]
Event: 34.179 Thread 0x00007f05b4192130 8426       3       org.eclipse.jdt.internal.compiler.classfmt.MethodInfo::decodeMethodAnnotations (177 bytes)
Event: 34.182 Thread 0x00007f05b4192130 nmethod 8426 0x00007f05a31e7f10 code [0x00007f05a31e8140, 0x00007f05a31e8ba0]
Event: 34.210 Thread 0x00007f05b4192130 8427       3       org.eclipse.jdt.internal.compiler.classfmt.MethodInfoWithAnnotations::<init> (90 bytes)
Event: 34.211 Thread 0x00007f05b4192130 nmethod 8427 0x00007f05a31e8f10 code [0x00007f05a31e90c0, 0x00007f05a31e93d0]
Event: 34.216 Thread 0x00007f05b4192130 8428       2       java.lang.invoke.MethodHandles::makeIdentity (23 bytes)
Event: 34.217 Thread 0x00007f05b4192130 nmethod 8428 0x00007f05a31e9510 code [0x00007f05a31e9720, 0x00007f05a31e9ae0]
Event: 34.217 Thread 0x00007f05b4192130 8429       2       java.util.stream.AbstractPipeline::copyIntoWithCancel (46 bytes)
Event: 34.217 Thread 0x00007f05b4192130 nmethod 8429 0x00007f05a31e9e10 code [0x00007f05a31e9fe0, 0x00007f05a31ea210]
Event: 34.220 Thread 0x00007f05b4192130 8430       2       java.lang.StringUTF16::toChars (18 bytes)
Event: 34.221 Thread 0x00007f05b4192130 nmethod 8430 0x00007f05a31ea390 code [0x00007f05a31ea540, 0x00007f05a31ea700]

GC Heap History (20 events):
Event: 32.142 GC heap after
{Heap after GC invocations=51 (full 4):
 PSYoungGen      total 17920K, used 3631K [0x00000000eab00000, 0x00000000ec100000, 0x0000000100000000)
  eden space 13824K, 0% used [0x00000000eab00000,0x00000000eab00000,0x00000000eb880000)
  from space 4096K, 88% used [0x00000000ebd00000,0x00000000ec08beb8,0x00000000ec100000)
  to   space 4096K, 0% used [0x00000000eb880000,0x00000000eb880000,0x00000000ebc80000)
 ParOldGen       total 116736K, used 94366K [0x00000000c0000000, 0x00000000c7200000, 0x00000000eab00000)
  object space 116736K, 80% used [0x00000000c0000000,0x00000000c5c27a00,0x00000000c7200000)
 Metaspace       used 56209K, committed 57216K, reserved 1114112K
  class space    used 6036K, committed 6464K, reserved 1048576K
}
Event: 32.357 GC heap before
{Heap before GC invocations=52 (full 4):
 PSYoungGen      total 17920K, used 17455K [0x00000000eab00000, 0x00000000ec100000, 0x0000000100000000)
  eden space 13824K, 100% used [0x00000000eab00000,0x00000000eb880000,0x00000000eb880000)
  from space 4096K, 88% used [0x00000000ebd00000,0x00000000ec08beb8,0x00000000ec100000)
  to   space 4096K, 0% used [0x00000000eb880000,0x00000000eb880000,0x00000000ebc80000)
 ParOldGen       total 116736K, used 94366K [0x00000000c0000000, 0x00000000c7200000, 0x00000000eab00000)
  object space 116736K, 80% used [0x00000000c0000000,0x00000000c5c27a00,0x00000000c7200000)
 Metaspace       used 56287K, committed 57280K, reserved 1114112K
  class space    used 6036K, committed 6464K, reserved 1048576K
}
Event: 32.383 GC heap after
{Heap after GC invocations=52 (full 4):
 PSYoungGen      total 16896K, used 2614K [0x00000000eab00000, 0x00000000ebe80000, 0x0000000100000000)
  eden space 13824K, 0% used [0x00000000eab00000,0x00000000eab00000,0x00000000eb880000)
  from space 3072K, 85% used [0x00000000eb880000,0x00000000ebb0da70,0x00000000ebb80000)
  to   space 3072K, 0% used [0x00000000ebb80000,0x00000000ebb80000,0x00000000ebe80000)
 ParOldGen       total 116736K, used 97952K [0x00000000c0000000, 0x00000000c7200000, 0x00000000eab00000)
  object space 116736K, 83% used [0x00000000c0000000,0x00000000c5fa8398,0x00000000c7200000)
 Metaspace       used 56287K, committed 57280K, reserved 1114112K
  class space    used 6036K, committed 6464K, reserved 1048576K
}
Event: 32.564 GC heap before
{Heap before GC invocations=53 (full 4):
 PSYoungGen      total 16896K, used 16438K [0x00000000eab00000, 0x00000000ebe80000, 0x0000000100000000)
  eden space 13824K, 100% used [0x00000000eab00000,0x00000000eb880000,0x00000000eb880000)
  from space 3072K, 85% used [0x00000000eb880000,0x00000000ebb0da70,0x00000000ebb80000)
  to   space 3072K, 0% used [0x00000000ebb80000,0x00000000ebb80000,0x00000000ebe80000)
 ParOldGen       total 116736K, used 97952K [0x00000000c0000000, 0x00000000c7200000, 0x00000000eab00000)
  object space 116736K, 83% used [0x00000000c0000000,0x00000000c5fa8398,0x00000000c7200000)
 Metaspace       used 56353K, committed 57344K, reserved 1114112K
  class space    used 6036K, committed 6464K, reserved 1048576K
}
Event: 32.594 GC heap after
{Heap after GC invocations=53 (full 4):
 PSYoungGen      total 15872K, used 1794K [0x00000000eab00000, 0x00000000ebd80000, 0x0000000100000000)
  eden space 13824K, 0% used [0x00000000eab00000,0x00000000eab00000,0x00000000eb880000)
  from space 2048K, 87% used [0x00000000ebb80000,0x00000000ebd40910,0x00000000ebd80000)
  to   space 2560K, 0% used [0x00000000eb880000,0x00000000eb880000,0x00000000ebb00000)
 ParOldGen       total 116736K, used 100438K [0x00000000c0000000, 0x00000000c7200000, 0x00000000eab00000)
  object space 116736K, 86% used [0x00000000c0000000,0x00000000c6215b68,0x00000000c7200000)
 Metaspace       used 56353K, committed 57344K, reserved 1114112K
  class space    used 6036K, committed 6464K, reserved 1048576K
}
Event: 32.768 GC heap before
{Heap before GC invocations=54 (full 4):
 PSYoungGen      total 15872K, used 15618K [0x00000000eab00000, 0x00000000ebd80000, 0x0000000100000000)
  eden space 13824K, 100% used [0x00000000eab00000,0x00000000eb880000,0x00000000eb880000)
  from space 2048K, 87% used [0x00000000ebb80000,0x00000000ebd40910,0x00000000ebd80000)
  to   space 2560K, 0% used [0x00000000eb880000,0x00000000eb880000,0x00000000ebb00000)
 ParOldGen       total 116736K, used 100438K [0x00000000c0000000, 0x00000000c7200000, 0x00000000eab00000)
  object space 116736K, 86% used [0x00000000c0000000,0x00000000c6215b68,0x00000000c7200000)
 Metaspace       used 56380K, committed 57344K, reserved 1114112K
  class space    used 6037K, committed 6464K, reserved 1048576K
}
Event: 32.794 GC heap after
{Heap after GC invocations=54 (full 4):
 PSYoungGen      total 15872K, used 1972K [0x00000000eab00000, 0x00000000ebc80000, 0x0000000100000000)
  eden space 13824K, 0% used [0x00000000eab00000,0x00000000eab00000,0x00000000eb880000)
  from space 2048K, 96% used [0x00000000eb880000,0x00000000eba6d378,0x00000000eba80000)
  to   space 2048K, 0% used [0x00000000eba80000,0x00000000eba80000,0x00000000ebc80000)
 ParOldGen       total 116736K, used 102062K [0x00000000c0000000, 0x00000000c7200000, 0x00000000eab00000)
  object space 116736K, 87% used [0x00000000c0000000,0x00000000c63ab998,0x00000000c7200000)
 Metaspace       used 56380K, committed 57344K, reserved 1114112K
  class space    used 6037K, committed 6464K, reserved 1048576K
}
Event: 33.023 GC heap before
{Heap before GC invocations=55 (full 4):
 PSYoungGen      total 15872K, used 15796K [0x00000000eab00000, 0x00000000ebc80000, 0x0000000100000000)
  eden space 13824K, 100% used [0x00000000eab00000,0x00000000eb880000,0x00000000eb880000)
  from space 2048K, 96% used [0x00000000eb880000,0x00000000eba6d378,0x00000000eba80000)
  to   space 2048K, 0% used [0x00000000eba80000,0x00000000eba80000,0x00000000ebc80000)
 ParOldGen       total 116736K, used 102062K [0x00000000c0000000, 0x00000000c7200000, 0x00000000eab00000)
  object space 116736K, 87% used [0x00000000c0000000,0x00000000c63ab998,0x00000000c7200000)
 Metaspace       used 56438K, committed 57472K, reserved 1114112K
  class space    used 6037K, committed 6464K, reserved 1048576K
}
Event: 33.039 GC heap after
{Heap after GC invocations=55 (full 4):
 PSYoungGen      total 13312K, used 2043K [0x00000000eab00000, 0x00000000ec180000, 0x0000000100000000)
  eden space 11264K, 0% used [0x00000000eab00000,0x00000000eab00000,0x00000000eb600000)
  from space 2048K, 99% used [0x00000000eba80000,0x00000000ebc7ec08,0x00000000ebc80000)
  to   space 4608K, 0% used [0x00000000eb600000,0x00000000eb600000,0x00000000eba80000)
 ParOldGen       total 116736K, used 103866K [0x00000000c0000000, 0x00000000c7200000, 0x00000000eab00000)
  object space 116736K, 88% used [0x00000000c0000000,0x00000000c656ebd8,0x00000000c7200000)
 Metaspace       used 56438K, committed 57472K, reserved 1114112K
  class space    used 6037K, committed 6464K, reserved 1048576K
}
Event: 33.221 GC heap before
{Heap before GC invocations=56 (full 4):
 PSYoungGen      total 13312K, used 13307K [0x00000000eab00000, 0x00000000ec180000, 0x0000000100000000)
  eden space 11264K, 100% used [0x00000000eab00000,0x00000000eb600000,0x00000000eb600000)
  from space 2048K, 99% used [0x00000000eba80000,0x00000000ebc7ec08,0x00000000ebc80000)
  to   space 4608K, 0% used [0x00000000eb600000,0x00000000eb600000,0x00000000eba80000)
 ParOldGen       total 116736K, used 103866K [0x00000000c0000000, 0x00000000c7200000, 0x00000000eab00000)
  object space 116736K, 88% used [0x00000000c0000000,0x00000000c656ebd8,0x00000000c7200000)
 Metaspace       used 56459K, committed 57472K, reserved 1114112K
  class space    used 6037K, committed 6464K, reserved 1048576K
}
Event: 33.236 GC heap after
{Heap after GC invocations=56 (full 4):
 PSYoungGen      total 13824K, used 2139K [0x00000000eab00000, 0x00000000ebc00000, 0x0000000100000000)
  eden space 11264K, 0% used [0x00000000eab00000,0x00000000eab00000,0x00000000eb600000)
  from space 2560K, 83% used [0x00000000eb600000,0x00000000eb816d48,0x00000000eb880000)
  to   space 3072K, 0% used [0x00000000eb900000,0x00000000eb900000,0x00000000ebc00000)
 ParOldGen       total 116736K, used 105779K [0x00000000c0000000, 0x00000000c7200000, 0x00000000eab00000)
  object space 116736K, 90% used [0x00000000c0000000,0x00000000c674cfa0,0x00000000c7200000)
 Metaspace       used 56459K, committed 57472K, reserved 1114112K
  class space    used 6037K, committed 6464K, reserved 1048576K
}
Event: 33.392 GC heap before
{Heap before GC invocations=57 (full 4):
 PSYoungGen      total 13824K, used 13395K [0x00000000eab00000, 0x00000000ebc00000, 0x0000000100000000)
  eden space 11264K, 99% used [0x00000000eab00000,0x00000000eb5fe100,0x00000000eb600000)
  from space 2560K, 83% used [0x00000000eb600000,0x00000000eb816d48,0x00000000eb880000)
  to   space 3072K, 0% used [0x00000000eb900000,0x00000000eb900000,0x00000000ebc00000)
 ParOldGen       total 116736K, used 105779K [0x00000000c0000000, 0x00000000c7200000, 0x00000000eab00000)
  object space 116736K, 90% used [0x00000000c0000000,0x00000000c674cfa0,0x00000000c7200000)
 Metaspace       used 56484K, committed 57472K, reserved 1114112K
  class space    used 6038K, committed 6464K, reserved 1048576K
}
Event: 33.416 GC heap after
{Heap after GC invocations=57 (full 4):
 PSYoungGen      total 11776K, used 3057K [0x00000000eab00000, 0x00000000ec100000, 0x0000000100000000)
  eden space 8704K, 0% used [0x00000000eab00000,0x00000000eab00000,0x00000000eb380000)
  from space 3072K, 99% used [0x00000000eb900000,0x00000000ebbfc488,0x00000000ebc00000)
  to   space 5632K, 0% used [0x00000000eb380000,0x00000000eb380000,0x00000000eb900000)
 ParOldGen       total 116736K, used 107798K [0x00000000c0000000, 0x00000000c7200000, 0x00000000eab00000)
  object space 116736K, 92% used [0x00000000c0000000,0x00000000c6945a28,0x00000000c7200000)
 Metaspace       used 56484K, committed 57472K, reserved 1114112K
  class space    used 6038K, committed 6464K, reserved 1048576K
}
Event: 33.612 GC heap before
{Heap before GC invocations=58 (full 4):
 PSYoungGen      total 11776K, used 11761K [0x00000000eab00000, 0x00000000ec100000, 0x0000000100000000)
  eden space 8704K, 100% used [0x00000000eab00000,0x00000000eb380000,0x00000000eb380000)
  from space 3072K, 99% used [0x00000000eb900000,0x00000000ebbfc488,0x00000000ebc00000)
  to   space 5632K, 0% used [0x00000000eb380000,0x00000000eb380000,0x00000000eb900000)
 ParOldGen       total 116736K, used 107798K [0x00000000c0000000, 0x00000000c7200000, 0x00000000eab00000)
  object space 116736K, 92% used [0x00000000c0000000,0x00000000c6945a28,0x00000000c7200000)
 Metaspace       used 56790K, committed 57792K, reserved 1114112K
  class space    used 6088K, committed 6528K, reserved 1048576K
}
Event: 33.653 GC heap after
{Heap after GC invocations=58 (full 4):
 PSYoungGen      total 10752K, used 1622K [0x00000000eab00000, 0x00000000eb980000, 0x0000000100000000)
  eden space 8704K, 0% used [0x00000000eab00000,0x00000000eab00000,0x00000000eb380000)
  from space 2048K, 79% used [0x00000000eb380000,0x00000000eb515850,0x00000000eb580000)
  to   space 3072K, 0% used [0x00000000eb680000,0x00000000eb680000,0x00000000eb980000)
 ParOldGen       total 116736K, used 110634K [0x00000000c0000000, 0x00000000c7200000, 0x00000000eab00000)
  object space 116736K, 94% used [0x00000000c0000000,0x00000000c6c0ab68,0x00000000c7200000)
 Metaspace       used 56790K, committed 57792K, reserved 1114112K
  class space    used 6088K, committed 6528K, reserved 1048576K
}
Event: 33.853 GC heap before
{Heap before GC invocations=59 (full 4):
 PSYoungGen      total 10752K, used 10326K [0x00000000eab00000, 0x00000000eb980000, 0x0000000100000000)
  eden space 8704K, 100% used [0x00000000eab00000,0x00000000eb380000,0x00000000eb380000)
  from space 2048K, 79% used [0x00000000eb380000,0x00000000eb515850,0x00000000eb580000)
  to   space 3072K, 0% used [0x00000000eb680000,0x00000000eb680000,0x00000000eb980000)
 ParOldGen       total 116736K, used 110634K [0x00000000c0000000, 0x00000000c7200000, 0x00000000eab00000)
  object space 116736K, 94% used [0x00000000c0000000,0x00000000c6c0ab68,0x00000000c7200000)
 Metaspace       used 57035K, committed 58112K, reserved 1114112K
  class space    used 6130K, committed 6592K, reserved 1048576K
}
Event: 33.865 GC heap after
{Heap after GC invocations=59 (full 4):
 PSYoungGen      total 10752K, used 1692K [0x00000000eab00000, 0x00000000eb880000, 0x0000000100000000)
  eden space 8704K, 0% used [0x00000000eab00000,0x00000000eab00000,0x00000000eb380000)
  from space 2048K, 82% used [0x00000000eb680000,0x00000000eb8272b0,0x00000000eb880000)
  to   space 2048K, 0% used [0x00000000eb380000,0x00000000eb380000,0x00000000eb580000)
 ParOldGen       total 116736K, used 112186K [0x00000000c0000000, 0x00000000c7200000, 0x00000000eab00000)
  object space 116736K, 96% used [0x00000000c0000000,0x00000000c6d8eba0,0x00000000c7200000)
 Metaspace       used 57035K, committed 58112K, reserved 1114112K
  class space    used 6130K, committed 6592K, reserved 1048576K
}
Event: 34.032 GC heap before
{Heap before GC invocations=60 (full 4):
 PSYoungGen      total 10752K, used 10396K [0x00000000eab00000, 0x00000000eb880000, 0x0000000100000000)
  eden space 8704K, 100% used [0x00000000eab00000,0x00000000eb380000,0x00000000eb380000)
  from space 2048K, 82% used [0x00000000eb680000,0x00000000eb8272b0,0x00000000eb880000)
  to   space 2048K, 0% used [0x00000000eb380000,0x00000000eb380000,0x00000000eb580000)
 ParOldGen       total 116736K, used 112186K [0x00000000c0000000, 0x00000000c7200000, 0x00000000eab00000)
  object space 116736K, 96% used [0x00000000c0000000,0x00000000c6d8eba0,0x00000000c7200000)
 Metaspace       used 57127K, committed 58176K, reserved 1114112K
  class space    used 6154K, committed 6592K, reserved 1048576K
}
Event: 34.047 GC heap after
{Heap after GC invocations=60 (full 4):
 PSYoungGen      total 10752K, used 2030K [0x00000000eab00000, 0x00000000ebc80000, 0x0000000100000000)
  eden space 8704K, 0% used [0x00000000eab00000,0x00000000eab00000,0x00000000eb380000)
  from space 2048K, 99% used [0x00000000eb380000,0x00000000eb57b9d0,0x00000000eb580000)
  to   space 4608K, 0% used [0x00000000eb800000,0x00000000eb800000,0x00000000ebc80000)
 ParOldGen       total 116736K, used 113931K [0x00000000c0000000, 0x00000000c7200000, 0x00000000eab00000)
  object space 116736K, 97% used [0x00000000c0000000,0x00000000c6f42e20,0x00000000c7200000)
 Metaspace       used 57127K, committed 58176K, reserved 1114112K
  class space    used 6154K, committed 6592K, reserved 1048576K
}
Event: 34.225 GC heap before
{Heap before GC invocations=61 (full 4):
 PSYoungGen      total 10752K, used 10734K [0x00000000eab00000, 0x00000000ebc80000, 0x0000000100000000)
  eden space 8704K, 100% used [0x00000000eab00000,0x00000000eb380000,0x00000000eb380000)
  from space 2048K, 99% used [0x00000000eb380000,0x00000000eb57b9d0,0x00000000eb580000)
  to   space 4608K, 0% used [0x00000000eb800000,0x00000000eb800000,0x00000000ebc80000)
 ParOldGen       total 116736K, used 113931K [0x00000000c0000000, 0x00000000c7200000, 0x00000000eab00000)
  object space 116736K, 97% used [0x00000000c0000000,0x00000000c6f42e20,0x00000000c7200000)
 Metaspace       used 57307K, committed 58368K, reserved 1114112K
  class space    used 6168K, committed 6656K, reserved 1048576K
}

Dll operation events (11 events):
Event: 0.004 Loaded shared library /home/user/.vscode/extensions/redhat.java-1.25.1-linux-x64/jre/17.0.9-linux-x86_64/lib/libjava.so
Event: 0.337 Loaded shared library /home/user/.vscode/extensions/redhat.java-1.25.1-linux-x64/jre/17.0.9-linux-x86_64/lib/libzip.so
Event: 0.339 Loaded shared library /home/user/.vscode/extensions/redhat.java-1.25.1-linux-x64/jre/17.0.9-linux-x86_64/lib/libinstrument.so
Event: 0.354 Loaded shared library /home/user/.vscode/extensions/redhat.java-1.25.1-linux-x64/jre/17.0.9-linux-x86_64/lib/libnio.so
Event: 0.367 Loaded shared library /home/user/.vscode/extensions/redhat.java-1.25.1-linux-x64/jre/17.0.9-linux-x86_64/lib/libzip.so
Event: 0.396 Loaded shared library /home/user/.vscode/extensions/redhat.java-1.25.1-linux-x64/jre/17.0.9-linux-x86_64/lib/libjimage.so
Event: 0.506 Loaded shared library /home/user/.vscode/extensions/redhat.java-1.25.1-linux-x64/jre/17.0.9-linux-x86_64/lib/libverify.so
Event: 2.288 Loaded shared library /home/user/.vscode/extensions/redhat.java-1.25.1-linux-x64/jre/17.0.9-linux-x86_64/lib/libnet.so
Event: 3.199 Loaded shared library /home/user/.config/Code/User/globalStorage/redhat.java/1.25.1/config_linux/org.eclipse.equinox.launcher/org.eclipse.equinox.launcher.gtk.linux.x86_64_1.2.800.v20231003-1442/eclipse_11802.so
Event: 6.696 Loaded shared library /home/user/.vscode/extensions/redhat.java-1.25.1-linux-x64/jre/17.0.9-linux-x86_64/lib/libmanagement.so
Event: 6.698 Loaded shared library /home/user/.vscode/extensions/redhat.java-1.25.1-linux-x64/jre/17.0.9-linux-x86_64/lib/libmanagement_ext.so

Deoptimization events (20 events):
Event: 34.124 Thread 0x00007f054038bfe0 DEOPT PACKING pc=0x00007f05aa1b4098 sp=0x00007f05956f3740
Event: 34.124 Thread 0x00007f054038bfe0 DEOPT UNPACKING pc=0x00007f05a9968399 sp=0x00007f05956f36e0 mode 2
Event: 34.125 Thread 0x00007f054038bfe0 Uncommon trap: trap_request=0xffffff45 fr.pc=0x00007f05aa128070 relative=0x0000000000000d30
Event: 34.125 Thread 0x00007f054038bfe0 Uncommon trap: reason=unstable_if action=reinterpret pc=0x00007f05aa128070 method=org.codehaus.plexus.util.xml.pull.MXParser.nextImpl()I @ 1162 c2
Event: 34.125 Thread 0x00007f054038bfe0 DEOPT PACKING pc=0x00007f05aa128070 sp=0x00007f05956f3730
Event: 34.125 Thread 0x00007f054038bfe0 DEOPT UNPACKING pc=0x00007f05a9968399 sp=0x00007f05956f36d8 mode 2
Event: 34.145 Thread 0x00007f0540881c00 DEOPT PACKING pc=0x00007f05a241a20b sp=0x00007f05953f1de0
Event: 34.145 Thread 0x00007f0540881c00 DEOPT UNPACKING pc=0x00007f05a9968b2f sp=0x00007f05953f1368 mode 0
Event: 34.159 Thread 0x00007f0540881c00 DEOPT PACKING pc=0x00007f05a2ea82ee sp=0x00007f05953f1c80
Event: 34.159 Thread 0x00007f0540881c00 DEOPT UNPACKING pc=0x00007f05a9968b2f sp=0x00007f05953f1118 mode 0
Event: 34.165 Thread 0x00007f054038bfe0 Uncommon trap: trap_request=0xffffff45 fr.pc=0x00007f05aa00d01c relative=0x00000000000006bc
Event: 34.165 Thread 0x00007f054038bfe0 Uncommon trap: reason=unstable_if action=reinterpret pc=0x00007f05aa00d01c method=java.util.TreeMap.getEntry(Ljava/lang/Object;)Ljava/util/TreeMap$Entry; @ 4 c2
Event: 34.165 Thread 0x00007f054038bfe0 DEOPT PACKING pc=0x00007f05aa00d01c sp=0x00007f05956f40e0
Event: 34.165 Thread 0x00007f054038bfe0 DEOPT UNPACKING pc=0x00007f05a9968399 sp=0x00007f05956f40a8 mode 2
Event: 34.178 Thread 0x00007f0540881c00 DEOPT PACKING pc=0x00007f05a2f2e2bd sp=0x00007f05953f1e20
Event: 34.178 Thread 0x00007f0540881c00 DEOPT UNPACKING pc=0x00007f05a9968b2f sp=0x00007f05953f1368 mode 0
Event: 34.194 Thread 0x00007f0540881c00 DEOPT PACKING pc=0x00007f05a241a20b sp=0x00007f05953f1de0
Event: 34.194 Thread 0x00007f0540881c00 DEOPT UNPACKING pc=0x00007f05a9968b2f sp=0x00007f05953f1368 mode 0
Event: 34.201 Thread 0x00007f0540881c00 DEOPT PACKING pc=0x00007f05a2ea82ee sp=0x00007f05953f1d10
Event: 34.201 Thread 0x00007f0540881c00 DEOPT UNPACKING pc=0x00007f05a9968b2f sp=0x00007f05953f11a8 mode 0

Classes unloaded (7 events):
Event: 10.858 Thread 0x00007f05b4068070 Unloading class 0x000000010025c000 'java/lang/invoke/LambdaForm$MH+0x000000010025c000'
Event: 10.858 Thread 0x00007f05b4068070 Unloading class 0x000000010025bc00 'java/lang/invoke/LambdaForm$MH+0x000000010025bc00'
Event: 10.858 Thread 0x00007f05b4068070 Unloading class 0x000000010025b800 'java/lang/invoke/LambdaForm$MH+0x000000010025b800'
Event: 10.858 Thread 0x00007f05b4068070 Unloading class 0x000000010025b400 'java/lang/invoke/LambdaForm$MH+0x000000010025b400'
Event: 10.858 Thread 0x00007f05b4068070 Unloading class 0x000000010025b000 'java/lang/invoke/LambdaForm$BMH+0x000000010025b000'
Event: 10.858 Thread 0x00007f05b4068070 Unloading class 0x000000010025ac00 'java/lang/invoke/LambdaForm$DMH+0x000000010025ac00'
Event: 10.858 Thread 0x00007f05b4068070 Unloading class 0x0000000100258000 'java/lang/invoke/LambdaForm$DMH+0x0000000100258000'

Classes redefined (0 events):
No events

Internal exceptions (20 events):
Event: 33.511 Thread 0x00007f054038bfe0 Exception <a 'java/lang/NoSuchMethodError'{0x00000000eada0f00}: 'int java.lang.invoke.DirectMethodHandle$Holder.invokeVirtual(java.lang.Object, java.lang.Object)'> (0x00000000eada0f00) 
thrown [src/hotspot/share/interpreter/linkResolver.cpp, line 758]
Event: 33.520 Thread 0x00007f054038bfe0 Exception <a 'java/lang/NoSuchMethodError'{0x00000000eadcffa8}: 'int java.lang.invoke.DirectMethodHandle$Holder.invokeStaticInit(java.lang.Object, int, int)'> (0x00000000eadcffa8) 
thrown [src/hotspot/share/interpreter/linkResolver.cpp, line 758]
Event: 33.522 Thread 0x00007f054038bfe0 Exception <a 'java/lang/NoSuchMethodError'{0x00000000eadd7a40}: 'int java.lang.invoke.DirectMethodHandle$Holder.invokeStaticInit(java.lang.Object, long, long)'> (0x00000000eadd7a40) 
thrown [src/hotspot/share/interpreter/linkResolver.cpp, line 758]
Event: 33.523 Thread 0x00007f054038bfe0 Exception <a 'java/lang/NoSuchMethodError'{0x00000000eaddeb38}: 'int java.lang.invoke.DirectMethodHandle$Holder.invokeStaticInit(java.lang.Object, float, float)'> (0x00000000eaddeb38) 
thrown [src/hotspot/share/interpreter/linkResolver.cpp, line 758]
Event: 33.525 Thread 0x00007f054038bfe0 Exception <a 'java/lang/NoSuchMethodError'{0x00000000eae55b70}: 'int java.lang.invoke.DirectMethodHandle$Holder.invokeStaticInit(java.lang.Object, double, double)'> (0x00000000eae55b70) 
thrown [src/hotspot/share/interpreter/linkResolver.cpp, line 758]
Event: 33.526 Thread 0x00007f054038bfe0 Exception <a 'java/lang/NoSuchMethodError'{0x00000000eae5a420}: 'int java.lang.invoke.DirectMethodHandle$Holder.invokeStatic(java.lang.Object, long)'> (0x00000000eae5a420) 
thrown [src/hotspot/share/interpreter/linkResolver.cpp, line 758]
Event: 33.533 Thread 0x00007f054038bfe0 Exception <a 'java/lang/NoSuchMethodError'{0x00000000eaec25c8}: 'int java.lang.invoke.Invokers$Holder.linkToTargetMethod(java.lang.Object, java.lang.Object)'> (0x00000000eaec25c8) 
thrown [src/hotspot/share/interpreter/linkResolver.cpp, line 758]
Event: 33.720 Thread 0x00007f054038bfe0 Exception <a 'java/lang/NoSuchMethodError'{0x00000000eae5c5d8}: 'java.lang.Object java.lang.invoke.DirectMethodHandle$Holder.invokeSpecial(java.lang.Object, java.lang.Object, java.lang.Object, java.lang.Object, java.lang.Object, java.lang.Object, java.lang.Object, java.lang.Object, java.lang.Object, java.lang.Object, java.lang.Object)'> (0x00000000eae5c5d8) 
thrown [src/hotspot/share/interpreter/linkResolver.cpp, line 758]
Event: 33.720 Thread 0x00007f054038bfe0 Exception <a 'java/lang/NoSuchMethodError'{0x00000000eaf5a508}: 'java.lang.Object java.lang.invoke.Invokers$Holder.invoke_MT(java.lang.Object, java.lang.Object, java.lang.Object, java.lang.Object, java.lang.Object, java.lang.Object, java.lang.Object, java.lang.Object, java.lang.Object, java.lang.Object, java.lang.Object)'> (0x00000000eaf5a508) 
thrown [src/hotspot/share/interpreter/linkResolver.cpp, line 758]
Event: 33.751 Thread 0x00007f054038bfe0 Exception <a 'java/lang/NoSuchMethodError'{0x00000000eb045d30}: 'java.lang.Object java.lang.invoke.DirectMethodHandle$Holder.invokeSpecial(java.lang.Object, java.lang.Object, java.lang.Object, java.lang.Object, java.lang.Object, java.lang.Object, java.lang.Object, java.lang.Object, java.lang.Object)'> (0x00000000eb045d30) 
thrown [src/hotspot/share/interpreter/linkResolver.cpp, line 758]
Event: 33.752 Thread 0x00007f054038bfe0 Exception <a 'java/lang/NoSuchMethodError'{0x00000000eb04a658}: 'java.lang.Object java.lang.invoke.Invokers$Holder.invoke_MT(java.lang.Object, java.lang.Object, java.lang.Object, java.lang.Object, java.lang.Object, java.lang.Object, java.lang.Object, java.lang.Object, java.lang.Object)'> (0x00000000eb04a658) 
thrown [src/hotspot/share/interpreter/linkResolver.cpp, line 758]
Event: 33.826 Thread 0x00007f054038bfe0 Exception <a 'java/lang/NoSuchMethodError'{0x00000000eb1e8b70}: 'java.lang.Object java.lang.invoke.DirectMethodHandle$Holder.invokeStatic(java.lang.Object, int, java.lang.Object, java.lang.Object)'> (0x00000000eb1e8b70) 
thrown [src/hotspot/share/interpreter/linkResolver.cpp, line 758]
Event: 33.827 Thread 0x00007f054038bfe0 Exception <a 'java/lang/NoSuchMethodError'{0x00000000eb2d8e88}: 'java.lang.Object java.lang.invoke.DelegatingMethodHandle$Holder.delegate(java.lang.Object, int, java.lang.Object, java.lang.Object)'> (0x00000000eb2d8e88) 
thrown [src/hotspot/share/interpreter/linkResolver.cpp, line 758]
Event: 33.853 Thread 0x00007f054038bfe0 Exception <a 'java/lang/NoSuchMethodError'{0x00000000eb34ffd8}: 'int java.lang.invoke.Invokers$Holder.linkToTargetMethod(java.lang.Object, java.lang.Object, java.lang.Object)'> (0x00000000eb34ffd8) 
thrown [src/hotspot/share/interpreter/linkResolver.cpp, line 758]
Event: 33.867 Thread 0x00007f054038bfe0 Implicit null exception at 0x00007f05aa0a8cb3 to 0x00007f05aa0abc44
Event: 33.892 Thread 0x00007f054038bfe0 Exception <a 'java/lang/NoSuchMethodError'{0x00000000eac95b98}: 'java.lang.Object java.lang.invoke.DirectMethodHandle$Holder.newInvokeSpecial(java.lang.Object, java.lang.Object, java.lang.Object, java.lang.Object, java.lang.Object, java.lang.Object, java.lang.Object, java.lang.Object)'> (0x00000000eac95b98) 
thrown [src/hotspot/share/interpreter/linkResolver.cpp, line 758]
Event: 33.893 Thread 0x00007f054038bfe0 Exception <a 'java/lang/NoSuchMethodError'{0x00000000eac9a848}: 'java.lang.Object java.lang.invoke.Invokers$Holder.linkToTargetMethod(java.lang.Object, java.lang.Object, java.lang.Object, java.lang.Object, java.lang.Object, java.lang.Object, java.lang.Object, java.lang.Object)'> (0x00000000eac9a848) 
thrown [src/hotspot/share/interpreter/linkResolver.cpp, line 758]
Event: 33.907 Thread 0x00007f054038bfe0 Exception <a 'java/lang/NoSuchMethodError'{0x00000000eacaf860}: 'java.lang.Object java.lang.invoke.DirectMethodHandle$Holder.invokeStatic(java.lang.Object, java.lang.Object, int, java.lang.Object, java.lang.Object)'> (0x00000000eacaf860) 
thrown [src/hotspot/share/interpreter/linkResolver.cpp, line 758]
Event: 33.908 Thread 0x00007f054038bfe0 Exception <a 'java/lang/NoSuchMethodError'{0x00000000eacd40f8}: 'java.lang.Object java.lang.invoke.DirectMethodHandle$Holder.newInvokeSpecial(java.lang.Object, java.lang.Object, int)'> (0x00000000eacd40f8) 
thrown [src/hotspot/share/interpreter/linkResolver.cpp, line 758]
Event: 34.165 Thread 0x00007f054038bfe0 Implicit null exception at 0x00007f05aa00c993 to 0x00007f05aa00d004

VM Operations (20 events):
Event: 32.594 Executing VM operation: ParallelGCFailedAllocation done
Event: 32.768 Executing VM operation: ParallelGCFailedAllocation
Event: 32.794 Executing VM operation: ParallelGCFailedAllocation done
Event: 33.017 Executing VM operation: ParallelGCFailedAllocation
Event: 33.039 Executing VM operation: ParallelGCFailedAllocation done
Event: 33.041 Executing VM operation: HandshakeAllThreads
Event: 33.051 Executing VM operation: HandshakeAllThreads done
Event: 33.211 Executing VM operation: ParallelGCFailedAllocation
Event: 33.236 Executing VM operation: ParallelGCFailedAllocation done
Event: 33.392 Executing VM operation: ParallelGCFailedAllocation
Event: 33.416 Executing VM operation: ParallelGCFailedAllocation done
Event: 33.612 Executing VM operation: ParallelGCFailedAllocation
Event: 33.653 Executing VM operation: ParallelGCFailedAllocation done
Event: 33.815 Executing VM operation: HandshakeAllThreads
Event: 33.825 Executing VM operation: HandshakeAllThreads done
Event: 33.853 Executing VM operation: ParallelGCFailedAllocation
Event: 33.865 Executing VM operation: ParallelGCFailedAllocation done
Event: 34.032 Executing VM operation: ParallelGCFailedAllocation
Event: 34.047 Executing VM operation: ParallelGCFailedAllocation done
Event: 34.225 Executing VM operation: ParallelGCFailedAllocation

Events (20 events):
Event: 33.483 loading class java/lang/invoke/MethodHandleImpl$Makers$3
Event: 33.483 loading class java/lang/invoke/MethodHandleImpl$Makers$3 done
Event: 33.503 loading class java/lang/invoke/DirectMethodHandle$EnsureInitialized
Event: 33.504 loading class java/lang/invoke/DirectMethodHandle$EnsureInitialized done
Event: 33.504 loading class java/lang/invoke/BoundMethodHandle$Species_I
Event: 33.504 loading class java/lang/invoke/BoundMethodHandle$Species_I done
Event: 33.505 loading class java/lang/runtime/ObjectMethods$1
Event: 33.505 loading class java/lang/runtime/ObjectMethods$1 done
Event: 33.527 loading class java/lang/invoke/DirectMethodHandle$1
Event: 33.527 loading class java/lang/invoke/DirectMethodHandle$1 done
Event: 33.797 loading class java/util/AbstractList$RandomAccessSubList
Event: 33.802 loading class java/util/AbstractList$SubList
Event: 33.803 loading class java/util/AbstractList$SubList done
Event: 33.803 loading class java/util/AbstractList$RandomAccessSubList done
Event: 33.803 loading class java/util/AbstractList$ListItr
Event: 33.803 loading class java/util/AbstractList$ListItr done
Event: 33.825 loading class java/util/AbstractList$SubList$1
Event: 33.826 loading class java/util/AbstractList$SubList$1 done
Event: 33.827 loading class java/lang/invoke/MethodHandleImpl$CountingWrapper
Event: 33.828 loading class java/lang/invoke/MethodHandleImpl$CountingWrapper done


Dynamic libraries:
c0000000-c7200000 rw-p 00000000 00:00 0 
c7200000-eab00000 ---p 00000000 00:00 0 
eab00000-ebc80000 rw-p 00000000 00:00 0 
ebc80000-100000000 ---p 00000000 00:00 0 
100000000-100020000 rw-p 00000000 00:00 0 
100020000-100040000 rw-p 00000000 00:00 0 
100040000-1000c0000 rw-p 00000000 00:00 0 
1000c0000-1000e0000 rw-p 00000000 00:00 0 
1000e0000-100140000 rw-p 00000000 00:00 0 
100140000-100180000 rw-p 00000000 00:00 0 
100180000-1001c0000 rw-p 00000000 00:00 0 
1001c0000-100200000 rw-p 00000000 00:00 0 
100200000-100300000 rw-p 00000000 00:00 0 
100300000-1005c0000 rw-p 00000000 00:00 0 
1005c0000-1005d0000 rw-p 00000000 00:00 0 
1005d0000-100600000 ---p 00000000 00:00 0 
100600000-1006b0000 rw-p 00000000 00:00 0 
1006b0000-140000000 ---p 00000000 00:00 0 
5647093e2000-5647093e3000 r--p 00000000 08:05 5540742                    /home/user/.vscode/extensions/redhat.java-1.25.1-linux-x64/jre/17.0.9-linux-x86_64/bin/java
5647093e3000-5647093e4000 r-xp 00001000 08:05 5540742                    /home/user/.vscode/extensions/redhat.java-1.25.1-linux-x64/jre/17.0.9-linux-x86_64/bin/java
5647093e4000-5647093e5000 r--p 00002000 08:05 5540742                    /home/user/.vscode/extensions/redhat.java-1.25.1-linux-x64/jre/17.0.9-linux-x86_64/bin/java
5647093e5000-5647093e6000 r--p 00002000 08:05 5540742                    /home/user/.vscode/extensions/redhat.java-1.25.1-linux-x64/jre/17.0.9-linux-x86_64/bin/java
5647093e6000-5647093e7000 rw-p 00003000 08:05 5540742                    /home/user/.vscode/extensions/redhat.java-1.25.1-linux-x64/jre/17.0.9-linux-x86_64/bin/java
56470b360000-56470b3a8000 rw-p 00000000 00:00 0                          [heap]
7f05177f1000-7f0520000000 r--s 00000000 08:05 6425659                    /usr/lib/jvm/java-11-openjdk-amd64/lib/modules
7f0520000000-7f0520109000 rw-p 00000000 00:00 0 
7f0520109000-7f0524000000 ---p 00000000 00:00 0 
7f0524000000-7f0524056000 rw-p 00000000 00:00 0 
7f0524056000-7f0528000000 ---p 00000000 00:00 0 
7f0528000000-7f05294a8000 rw-p 00000000 00:00 0 
7f05294a8000-7f052c000000 ---p 00000000 00:00 0 
7f052c000000-7f052c021000 rw-p 00000000 00:00 0 
7f052c021000-7f0530000000 ---p 00000000 00:00 0 
7f0530000000-7f0530050000 rw-p 00000000 00:00 0 
7f0530050000-7f0534000000 ---p 00000000 00:00 0 
7f0534000000-7f0534aa1000 rw-p 00000000 00:00 0 
7f0534aa1000-7f0538000000 ---p 00000000 00:00 0 
7f0538000000-7f0538021000 rw-p 00000000 00:00 0 
7f0538021000-7f053c000000 ---p 00000000 00:00 0 
7f053c000000-7f053c021000 rw-p 00000000 00:00 0 
7f053c021000-7f0540000000 ---p 00000000 00:00 0 
7f0540000000-7f0540a7d000 rw-p 00000000 00:00 0 
7f0540a7d000-7f0544000000 ---p 00000000 00:00 0 
7f0544000000-7f0544021000 rw-p 00000000 00:00 0 
7f0544021000-7f0548000000 ---p 00000000 00:00 0 
7f0548000000-7f0548021000 rw-p 00000000 00:00 0 
7f0548021000-7f054c000000 ---p 00000000 00:00 0 
7f054c000000-7f054c021000 rw-p 00000000 00:00 0 
7f054c021000-7f0550000000 ---p 00000000 00:00 0 
7f0550000000-7f0550021000 rw-p 00000000 00:00 0 
7f0550021000-7f0554000000 ---p 00000000 00:00 0 
7f0554000000-7f0554173000 rw-p 00000000 00:00 0 
7f0554173000-7f0558000000 ---p 00000000 00:00 0 
7f0558000000-7f0558021000 rw-p 00000000 00:00 0 
7f0558021000-7f055c000000 ---p 00000000 00:00 0 
7f055c000000-7f055c021000 rw-p 00000000 00:00 0 
7f055c021000-7f0560000000 ---p 00000000 00:00 0 
7f0560000000-7f0560021000 rw-p 00000000 00:00 0 
7f0560021000-7f0564000000 ---p 00000000 00:00 0 
7f0564000000-7f056445e000 rw-p 00000000 00:00 0 
7f056445e000-7f0568000000 ---p 00000000 00:00 0 
7f0568000000-7f0568021000 rw-p 00000000 00:00 0 
7f0568021000-7f056c000000 ---p 00000000 00:00 0 
7f056c000000-7f056c021000 rw-p 00000000 00:00 0 
7f056c021000-7f0570000000 ---p 00000000 00:00 0 
7f0570000000-7f0570f19000 rw-p 00000000 00:00 0 
7f0570f19000-7f0574000000 ---p 00000000 00:00 0 
7f0574000000-7f0574021000 rw-p 00000000 00:00 0 
7f0574021000-7f0578000000 ---p 00000000 00:00 0 
7f0578000000-7f0578021000 rw-p 00000000 00:00 0 
7f0578021000-7f057c000000 ---p 00000000 00:00 0 
7f057c000000-7f057d815000 rw-p 00000000 00:00 0 
7f057d815000-7f0580000000 ---p 00000000 00:00 0 
7f0580000000-7f0580021000 rw-p 00000000 00:00 0 
7f0580021000-7f0584000000 ---p 00000000 00:00 0 
7f0584000000-7f0584021000 rw-p 00000000 00:00 0 
7f0584021000-7f0588000000 ---p 00000000 00:00 0 
7f0588000000-7f0588021000 rw-p 00000000 00:00 0 
7f0588021000-7f058c000000 ---p 00000000 00:00 0 
7f058c000000-7f058c021000 rw-p 00000000 00:00 0 
7f058c021000-7f0590000000 ---p 00000000 00:00 0 
7f0590000000-7f0590040000 rw-p 00000000 00:00 0 
7f0590040000-7f0594000000 ---p 00000000 00:00 0 
7f0594806000-7f0594a97000 rw-p 00000000 00:00 0 
7f0594a97000-7f0594a9b000 ---p 00000000 00:00 0 
7f0594a9b000-7f0594b98000 rw-p 00000000 00:00 0 
7f0594b98000-7f0594b9c000 ---p 00000000 00:00 0 
7f0594b9c000-7f0594c99000 rw-p 00000000 00:00 0 
7f0594c99000-7f0594c9d000 ---p 00000000 00:00 0 
7f0594c9d000-7f0594d9a000 rw-p 00000000 00:00 0 
7f0594d9a000-7f0594d9e000 ---p 00000000 00:00 0 
7f0594d9e000-7f0594e9b000 rw-p 00000000 00:00 0 
7f0594e9b000-7f0594e9f000 ---p 00000000 00:00 0 
7f0594e9f000-7f0594f9c000 rw-p 00000000 00:00 0 
7f0594ff0000-7f0594ff4000 ---p 00000000 00:00 0 
7f0594ff4000-7f05950f1000 rw-p 00000000 00:00 0 
7f05950f1000-7f05950f5000 ---p 00000000 00:00 0 
7f05950f5000-7f05951f2000 rw-p 00000000 00:00 0 
7f05951f2000-7f05951f6000 ---p 00000000 00:00 0 
7f05951f6000-7f05952f3000 rw-p 00000000 00:00 0 
7f05952f3000-7f05952f7000 ---p 00000000 00:00 0 
7f05952f7000-7f05953f4000 rw-p 00000000 00:00 0 
7f05953f4000-7f05953f8000 ---p 00000000 00:00 0 
7f05953f8000-7f05954f5000 rw-p 00000000 00:00 0 
7f05954f5000-7f05954f9000 ---p 00000000 00:00 0 
7f05954f9000-7f05955f6000 rw-p 00000000 00:00 0 
7f05955f6000-7f05955fa000 ---p 00000000 00:00 0 
7f05955fa000-7f05956f7000 rw-p 00000000 00:00 0 
7f05956f7000-7f05956fb000 ---p 00000000 00:00 0 
7f05956fb000-7f05957f8000 rw-p 00000000 00:00 0 
7f05957f8000-7f05957fc000 ---p 00000000 00:00 0 
7f05957fc000-7f05958f9000 rw-p 00000000 00:00 0 
7f05958f9000-7f05958fd000 ---p 00000000 00:00 0 
7f05958fd000-7f05959fa000 rw-p 00000000 00:00 0 
7f05959fa000-7f05959fe000 ---p 00000000 00:00 0 
7f05959fe000-7f0595afb000 rw-p 00000000 00:00 0 
7f0595afb000-7f0595b0b000 r-xp 00000000 08:05 5401042                    /home/user/.config/Code/User/globalStorage/redhat.java/1.25.1/config_linux/org.eclipse.equinox.launcher/org.eclipse.equinox.launcher.gtk.linux.x86_64_1.2.800.v20231003-1442/eclipse_11802.so
7f0595b0b000-7f0595d0a000 ---p 00010000 08:05 5401042                    /home/user/.config/Code/User/globalStorage/redhat.java/1.25.1/config_linux/org.eclipse.equinox.launcher/org.eclipse.equinox.launcher.gtk.linux.x86_64_1.2.800.v20231003-1442/eclipse_11802.so
7f0595d0a000-7f0595d0b000 r--p 0000f000 08:05 5401042                    /home/user/.config/Code/User/globalStorage/redhat.java/1.25.1/config_linux/org.eclipse.equinox.launcher/org.eclipse.equinox.launcher.gtk.linux.x86_64_1.2.800.v20231003-1442/eclipse_11802.so
7f0595d0b000-7f0595d0c000 rw-p 00010000 08:05 5401042                    /home/user/.config/Code/User/globalStorage/redhat.java/1.25.1/config_linux/org.eclipse.equinox.launcher/org.eclipse.equinox.launcher.gtk.linux.x86_64_1.2.800.v20231003-1442/eclipse_11802.so
7f0595d0c000-7f0595d0d000 rw-p 00000000 00:00 0 
7f0595d0d000-7f0595d11000 ---p 00000000 00:00 0 
7f0595d11000-7f0595e0e000 rw-p 00000000 00:00 0 
7f0595e0e000-7f0595e12000 ---p 00000000 00:00 0 
7f0595e12000-7f0595f0f000 rw-p 00000000 00:00 0 
7f0595f0f000-7f0595f13000 ---p 00000000 00:00 0 
7f0595f13000-7f0596010000 rw-p 00000000 00:00 0 
7f0596010000-7f0596011000 ---p 00000000 00:00 0 
7f0596011000-7f0596111000 rw-p 00000000 00:00 0 
7f0596111000-7f0596112000 ---p 00000000 00:00 0 
7f0596112000-7f0596212000 rw-p 00000000 00:00 0 
7f0596212000-7f0596213000 ---p 00000000 00:00 0 
7f0596213000-7f0596313000 rw-p 00000000 00:00 0 
7f0596313000-7f0596317000 ---p 00000000 00:00 0 
7f0596317000-7f0596414000 rw-p 00000000 00:00 0 
7f0596414000-7f0596415000 ---p 00000000 00:00 0 
7f0596415000-7f0596515000 rw-p 00000000 00:00 0 
7f0596515000-7f0596519000 ---p 00000000 00:00 0 
7f0596519000-7f0596616000 rw-p 00000000 00:00 0 
7f0596616000-7f059661a000 ---p 00000000 00:00 0 
7f059661a000-7f0596717000 rw-p 00000000 00:00 0 
7f0596717000-7f059671b000 ---p 00000000 00:00 0 
7f059671b000-7f0596818000 rw-p 00000000 00:00 0 
7f0596818000-7f059681c000 ---p 00000000 00:00 0 
7f059681c000-7f0596919000 rw-p 00000000 00:00 0 
7f0596919000-7f059691d000 ---p 00000000 00:00 0 
7f059691d000-7f0596a1a000 rw-p 00000000 00:00 0 
7f0596a1a000-7f0596a1e000 ---p 00000000 00:00 0 
7f0596a1e000-7f0596b1b000 rw-p 00000000 00:00 0 
7f0596b1b000-7f0596b1f000 ---p 00000000 00:00 0 
7f0596b1f000-7f0596c1c000 rw-p 00000000 00:00 0 
7f0596c1c000-7f0596c20000 ---p 00000000 00:00 0 
7f0596c20000-7f0596d1d000 rw-p 00000000 00:00 0 
7f0596d1d000-7f0597afb000 r--p 00000000 08:05 6296746                    /usr/lib/locale/locale-archive
7f0597afb000-7f0597aff000 ---p 00000000 00:00 0 
7f0597aff000-7f0597bfc000 rw-p 00000000 00:00 0 
7f0597bfc000-7f0597c00000 ---p 00000000 00:00 0 
7f0597c00000-7f0597cfd000 rw-p 00000000 00:00 0 
7f0597cfd000-7f0597cfe000 ---p 00000000 00:00 0 
7f0597cfe000-7f0598400000 rw-p 00000000 00:00 0 
7f0598400000-7f0598460000 rw-p 00000000 00:00 0 
7f0598460000-7f0598480000 rw-p 00000000 00:00 0 
7f0598480000-7f0598500000 rw-p 00000000 00:00 0 
7f0598500000-7f0598800000 rw-p 00000000 00:00 0 
7f0598800000-7f0598900000 rw-p 00000000 00:00 0 
7f0598900000-7f0598b80000 rw-p 00000000 00:00 0 
7f0598b80000-7f0598c00000 rw-p 00000000 00:00 0 
7f0598c00000-7f0598d00000 rw-p 00000000 00:00 0 
7f0598d00000-7f0598e00000 rw-p 00000000 00:00 0 
7f0598e00000-7f0598f00000 rw-p 00000000 00:00 0 
7f0598f00000-7f0599000000 rw-p 00000000 00:00 0 
7f0599000000-7f0599180000 rw-p 00000000 00:00 0 
7f0599180000-7f0599200000 rw-p 00000000 00:00 0 
7f0599200000-7f0599380000 rw-p 00000000 00:00 0 
7f0599380000-7f0599400000 rw-p 00000000 00:00 0 
7f0599400000-7f0599700000 rw-p 00000000 00:00 0 
7f0599700000-7f0599800000 rw-p 00000000 00:00 0 
7f0599800000-7f0599f00000 rw-p 00000000 00:00 0 
7f0599f00000-7f059a000000 rw-p 00000000 00:00 0 
7f059a000000-7f059a500000 rw-p 00000000 00:00 0 
7f059a500000-7f059a600000 rw-p 00000000 00:00 0 
7f059a600000-7f059b100000 rw-p 00000000 00:00 0 
7f059b100000-7f059b140000 rw-p 00000000 00:00 0 
7f059b140000-7f059b200000 ---p 00000000 00:00 0 
7f059b200000-7f059b340000 rw-p 00000000 00:00 0 
7f059b340000-7f059c000000 ---p 00000000 00:00 0 
7f059c000000-7f059c021000 rw-p 00000000 00:00 0 
7f059c021000-7f05a0000000 ---p 00000000 00:00 0 
7f05a00d8000-7f05a23db000 rw-p 00000000 00:00 0 
7f05a23db000-7f05a31eb000 rwxp 00000000 00:00 0 
7f05a31eb000-7f05a9912000 ---p 00000000 00:00 0 
7f05a9912000-7f05a9b82000 rwxp 00000000 00:00 0 
7f05a9b82000-7f05a9ea3000 ---p 00000000 00:00 0 
7f05a9ea3000-7f05aa1f3000 rwxp 00000000 00:00 0 
7f05aa1f3000-7f05b13db000 ---p 00000000 00:00 0 
7f05b13db000-7f05b4000000 r--s 00000000 08:05 6061635                    /home/user/.vscode/extensions/redhat.java-1.25.1-linux-x64/jre/17.0.9-linux-x86_64/lib/modules
7f05b4000000-7f05b463a000 rw-p 00000000 00:00 0 
7f05b463a000-7f05b8000000 ---p 00000000 00:00 0 
7f05b8008000-7f05b800f000 r--s 00000000 08:05 6950955                    /usr/lib/x86_64-linux-gnu/gconv/gconv-modules.cache
7f05b800f000-7f05b8011000 r--p 00000000 08:05 6061623                    /home/user/.vscode/extensions/redhat.java-1.25.1-linux-x64/jre/17.0.9-linux-x86_64/lib/libmanagement_ext.so
7f05b8011000-7f05b8014000 r-xp 00002000 08:05 6061623                    /home/user/.vscode/extensions/redhat.java-1.25.1-linux-x64/jre/17.0.9-linux-x86_64/lib/libmanagement_ext.so
7f05b8014000-7f05b8015000 r--p 00005000 08:05 6061623                    /home/user/.vscode/extensions/redhat.java-1.25.1-linux-x64/jre/17.0.9-linux-x86_64/lib/libmanagement_ext.so
7f05b8015000-7f05b8016000 ---p 00006000 08:05 6061623                    /home/user/.vscode/extensions/redhat.java-1.25.1-linux-x64/jre/17.0.9-linux-x86_64/lib/libmanagement_ext.so
7f05b8016000-7f05b8017000 r--p 00006000 08:05 6061623                    /home/user/.vscode/extensions/redhat.java-1.25.1-linux-x64/jre/17.0.9-linux-x86_64/lib/libmanagement_ext.so
7f05b8017000-7f05b8018000 rw-p 00007000 08:05 6061623                    /home/user/.vscode/extensions/redhat.java-1.25.1-linux-x64/jre/17.0.9-linux-x86_64/lib/libmanagement_ext.so
7f05b8018000-7f05b801c000 ---p 00000000 00:00 0 
7f05b801c000-7f05b803a000 rw-p 00000000 00:00 0 
7f05b803a000-7f05b803e000 r--p 00000000 08:05 6061633                    /home/user/.vscode/extensions/redhat.java-1.25.1-linux-x64/jre/17.0.9-linux-x86_64/lib/libverify.so
7f05b803e000-7f05b8045000 r-xp 00004000 08:05 6061633                    /home/user/.vscode/extensions/redhat.java-1.25.1-linux-x64/jre/17.0.9-linux-x86_64/lib/libverify.so
7f05b8045000-7f05b8047000 r--p 0000b000 08:05 6061633                    /home/user/.vscode/extensions/redhat.java-1.25.1-linux-x64/jre/17.0.9-linux-x86_64/lib/libverify.so
7f05b8047000-7f05b8049000 r--p 0000c000 08:05 6061633                    /home/user/.vscode/extensions/redhat.java-1.25.1-linux-x64/jre/17.0.9-linux-x86_64/lib/libverify.so
7f05b8049000-7f05b804a000 rw-p 0000e000 08:05 6061633                    /home/user/.vscode/extensions/redhat.java-1.25.1-linux-x64/jre/17.0.9-linux-x86_64/lib/libverify.so
7f05b804a000-7f05b804e000 r--p 00000000 08:05 6061626                    /home/user/.vscode/extensions/redhat.java-1.25.1-linux-x64/jre/17.0.9-linux-x86_64/lib/libnet.so
7f05b804e000-7f05b805c000 r-xp 00004000 08:05 6061626                    /home/user/.vscode/extensions/redhat.java-1.25.1-linux-x64/jre/17.0.9-linux-x86_64/lib/libnet.so
7f05b805c000-7f05b8060000 r--p 00012000 08:05 6061626                    /home/user/.vscode/extensions/redhat.java-1.25.1-linux-x64/jre/17.0.9-linux-x86_64/lib/libnet.so
7f05b8060000-7f05b8061000 r--p 00015000 08:05 6061626                    /home/user/.vscode/extensions/redhat.java-1.25.1-linux-x64/jre/17.0.9-linux-x86_64/lib/libnet.so
7f05b8061000-7f05b8062000 rw-p 00016000 08:05 6061626                    /home/user/.vscode/extensions/redhat.java-1.25.1-linux-x64/jre/17.0.9-linux-x86_64/lib/libnet.so
7f05b8062000-7f05b8069000 r--p 00000000 08:05 6061627                    /home/user/.vscode/extensions/redhat.java-1.25.1-linux-x64/jre/17.0.9-linux-x86_64/lib/libnio.so
7f05b8069000-7f05b8072000 r-xp 00007000 08:05 6061627                    /home/user/.vscode/extensions/redhat.java-1.25.1-linux-x64/jre/17.0.9-linux-x86_64/lib/libnio.so
7f05b8072000-7f05b8076000 r--p 00010000 08:05 6061627                    /home/user/.vscode/extensions/redhat.java-1.25.1-linux-x64/jre/17.0.9-linux-x86_64/lib/libnio.so
7f05b8076000-7f05b8077000 ---p 00014000 08:05 6061627                    /home/user/.vscode/extensions/redhat.java-1.25.1-linux-x64/jre/17.0.9-linux-x86_64/lib/libnio.so
7f05b8077000-7f05b8078000 r--p 00014000 08:05 6061627                    /home/user/.vscode/extensions/redhat.java-1.25.1-linux-x64/jre/17.0.9-linux-x86_64/lib/libnio.so
7f05b8078000-7f05b8079000 rw-p 00015000 08:05 6061627                    /home/user/.vscode/extensions/redhat.java-1.25.1-linux-x64/jre/17.0.9-linux-x86_64/lib/libnio.so
7f05b8079000-7f05b8a83000 rw-p 00000000 00:00 0 
7f05b8a83000-7f05b8a85000 r--p 00000000 08:05 6061634                    /home/user/.vscode/extensions/redhat.java-1.25.1-linux-x64/jre/17.0.9-linux-x86_64/lib/libzip.so
7f05b8a85000-7f05b8a97000 r-xp 00002000 08:05 6061634                    /home/user/.vscode/extensions/redhat.java-1.25.1-linux-x64/jre/17.0.9-linux-x86_64/lib/libzip.so
7f05b8a97000-7f05b8a9f000 r--p 00014000 08:05 6061634                    /home/user/.vscode/extensions/redhat.java-1.25.1-linux-x64/jre/17.0.9-linux-x86_64/lib/libzip.so
7f05b8a9f000-7f05b8aa0000 r--p 0001b000 08:05 6061634                    /home/user/.vscode/extensions/redhat.java-1.25.1-linux-x64/jre/17.0.9-linux-x86_64/lib/libzip.so
7f05b8aa0000-7f05b8aa1000 rw-p 0001c000 08:05 6061634                    /home/user/.vscode/extensions/redhat.java-1.25.1-linux-x64/jre/17.0.9-linux-x86_64/lib/libzip.so
7f05b8aa1000-7f05b8e0b000 rw-p 00000000 00:00 0 
7f05b8e0b000-7f05b8f28000 ---p 00000000 00:00 0 
7f05b8f28000-7f05b8f29000 ---p 00000000 00:00 0 
7f05b8f29000-7f05b9062000 rw-p 00000000 00:00 0 
7f05b9062000-7f05b917e000 ---p 00000000 00:00 0 
7f05b917e000-7f05b9188000 rw-p 00000000 00:00 0 
7f05b9188000-7f05b9229000 ---p 00000000 00:00 0 
7f05b9229000-7f05b9231000 rw-p 00000000 00:00 0 
7f05b9231000-7f05b9315000 ---p 00000000 00:00 0 
7f05b9315000-7f05b9332000 rw-p 00000000 00:00 0 
7f05b9332000-7f05b9400000 ---p 00000000 00:00 0 
7f05b9400000-7f05b9405000 rw-p 00000000 00:00 0 
7f05b9405000-7f05b940c000 ---p 00000000 00:00 0 
7f05b940c000-7f05b940f000 r--p 00000000 08:05 6298221                    /usr/lib/x86_64-linux-gnu/libnss_files-2.31.so
7f05b940f000-7f05b9416000 r-xp 00003000 08:05 6298221                    /usr/lib/x86_64-linux-gnu/libnss_files-2.31.so
7f05b9416000-7f05b9418000 r--p 0000a000 08:05 6298221                    /usr/lib/x86_64-linux-gnu/libnss_files-2.31.so
7f05b9418000-7f05b9419000 r--p 0000b000 08:05 6298221                    /usr/lib/x86_64-linux-gnu/libnss_files-2.31.so
7f05b9419000-7f05b941a000 rw-p 0000c000 08:05 6298221                    /usr/lib/x86_64-linux-gnu/libnss_files-2.31.so
7f05b941a000-7f05b9420000 rw-p 00000000 00:00 0 
7f05b9424000-7f05b9427000 r--p 00000000 08:05 6061624                    /home/user/.vscode/extensions/redhat.java-1.25.1-linux-x64/jre/17.0.9-linux-x86_64/lib/libmanagement.so
7f05b9427000-7f05b9428000 r-xp 00003000 08:05 6061624                    /home/user/.vscode/extensions/redhat.java-1.25.1-linux-x64/jre/17.0.9-linux-x86_64/lib/libmanagement.so
7f05b9428000-7f05b9429000 r--p 00004000 08:05 6061624                    /home/user/.vscode/extensions/redhat.java-1.25.1-linux-x64/jre/17.0.9-linux-x86_64/lib/libmanagement.so
7f05b9429000-7f05b942a000 r--p 00004000 08:05 6061624                    /home/user/.vscode/extensions/redhat.java-1.25.1-linux-x64/jre/17.0.9-linux-x86_64/lib/libmanagement.so
7f05b942a000-7f05b942b000 rw-p 00005000 08:05 6061624                    /home/user/.vscode/extensions/redhat.java-1.25.1-linux-x64/jre/17.0.9-linux-x86_64/lib/libmanagement.so
7f05b942b000-7f05b9433000 rw-s 00000000 08:05 6032562                    /tmp/hsperfdata_user/80648
7f05b9433000-7f05b9441000 r--p 00000000 08:05 6061613                    /home/user/.vscode/extensions/redhat.java-1.25.1-linux-x64/jre/17.0.9-linux-x86_64/lib/libjava.so
7f05b9441000-7f05b9453000 r-xp 0000e000 08:05 6061613                    /home/user/.vscode/extensions/redhat.java-1.25.1-linux-x64/jre/17.0.9-linux-x86_64/lib/libjava.so
7f05b9453000-7f05b9459000 r--p 00020000 08:05 6061613                    /home/user/.vscode/extensions/redhat.java-1.25.1-linux-x64/jre/17.0.9-linux-x86_64/lib/libjava.so
7f05b9459000-7f05b945a000 ---p 00026000 08:05 6061613                    /home/user/.vscode/extensions/redhat.java-1.25.1-linux-x64/jre/17.0.9-linux-x86_64/lib/libjava.so
7f05b945a000-7f05b945b000 r--p 00026000 08:05 6061613                    /home/user/.vscode/extensions/redhat.java-1.25.1-linux-x64/jre/17.0.9-linux-x86_64/lib/libjava.so
7f05b945b000-7f05b945c000 rw-p 00027000 08:05 6061613                    /home/user/.vscode/extensions/redhat.java-1.25.1-linux-x64/jre/17.0.9-linux-x86_64/lib/libjava.so
7f05b945c000-7f05b945d000 rw-p 00000000 00:00 0 
7f05b945d000-7f05b9461000 r--p 00000000 08:05 6061617                    /home/user/.vscode/extensions/redhat.java-1.25.1-linux-x64/jre/17.0.9-linux-x86_64/lib/libjimage.so
7f05b9461000-7f05b9474000 r-xp 00004000 08:05 6061617                    /home/user/.vscode/extensions/redhat.java-1.25.1-linux-x64/jre/17.0.9-linux-x86_64/lib/libjimage.so
7f05b9474000-7f05b947a000 r--p 00017000 08:05 6061617                    /home/user/.vscode/extensions/redhat.java-1.25.1-linux-x64/jre/17.0.9-linux-x86_64/lib/libjimage.so
7f05b947a000-7f05b947c000 r--p 0001c000 08:05 6061617                    /home/user/.vscode/extensions/redhat.java-1.25.1-linux-x64/jre/17.0.9-linux-x86_64/lib/libjimage.so
7f05b947c000-7f05b947d000 rw-p 0001e000 08:05 6061617                    /home/user/.vscode/extensions/redhat.java-1.25.1-linux-x64/jre/17.0.9-linux-x86_64/lib/libjimage.so
7f05b947d000-7f05b9481000 ---p 00000000 00:00 0 
7f05b9481000-7f05b957e000 rw-p 00000000 00:00 0 
7f05b957e000-7f05b958b000 r--p 00000000 08:05 6298095                    /usr/lib/x86_64-linux-gnu/libm-2.31.so
7f05b958b000-7f05b9632000 r-xp 0000d000 08:05 6298095                    /usr/lib/x86_64-linux-gnu/libm-2.31.so
7f05b9632000-7f05b96cb000 r--p 000b4000 08:05 6298095                    /usr/lib/x86_64-linux-gnu/libm-2.31.so
7f05b96cb000-7f05b96cc000 r--p 0014c000 08:05 6298095                    /usr/lib/x86_64-linux-gnu/libm-2.31.so
7f05b96cc000-7f05b96cd000 rw-p 0014d000 08:05 6298095                    /usr/lib/x86_64-linux-gnu/libm-2.31.so
7f05b96cd000-7f05b96cf000 r--p 00000000 08:05 6298430                    /usr/lib/x86_64-linux-gnu/librt-2.31.so
7f05b96cf000-7f05b96d3000 r-xp 00002000 08:05 6298430                    /usr/lib/x86_64-linux-gnu/librt-2.31.so
7f05b96d3000-7f05b96d5000 r--p 00006000 08:05 6298430                    /usr/lib/x86_64-linux-gnu/librt-2.31.so
7f05b96d5000-7f05b96d6000 r--p 00007000 08:05 6298430                    /usr/lib/x86_64-linux-gnu/librt-2.31.so
7f05b96d6000-7f05b96d7000 rw-p 00008000 08:05 6298430                    /usr/lib/x86_64-linux-gnu/librt-2.31.so
7f05b96d7000-7f05b992a000 r--p 00000000 08:05 6061646                    /home/user/.vscode/extensions/redhat.java-1.25.1-linux-x64/jre/17.0.9-linux-x86_64/lib/server/libjvm.so
7f05b992a000-7f05ba648000 r-xp 00253000 08:05 6061646                    /home/user/.vscode/extensions/redhat.java-1.25.1-linux-x64/jre/17.0.9-linux-x86_64/lib/server/libjvm.so
7f05ba648000-7f05ba8d4000 r--p 00f71000 08:05 6061646                    /home/user/.vscode/extensions/redhat.java-1.25.1-linux-x64/jre/17.0.9-linux-x86_64/lib/server/libjvm.so
7f05ba8d4000-7f05ba98d000 r--p 011fc000 08:05 6061646                    /home/user/.vscode/extensions/redhat.java-1.25.1-linux-x64/jre/17.0.9-linux-x86_64/lib/server/libjvm.so
7f05ba98d000-7f05ba9c2000 rw-p 012b5000 08:05 6061646                    /home/user/.vscode/extensions/redhat.java-1.25.1-linux-x64/jre/17.0.9-linux-x86_64/lib/server/libjvm.so
7f05ba9c2000-7f05baa1e000 rw-p 00000000 00:00 0 
7f05baa1e000-7f05baa40000 r--p 00000000 08:05 6297437                    /usr/lib/x86_64-linux-gnu/libc-2.31.so
7f05baa40000-7f05babb8000 r-xp 00022000 08:05 6297437                    /usr/lib/x86_64-linux-gnu/libc-2.31.so
7f05babb8000-7f05bac06000 r--p 0019a000 08:05 6297437                    /usr/lib/x86_64-linux-gnu/libc-2.31.so
7f05bac06000-7f05bac0a000 r--p 001e7000 08:05 6297437                    /usr/lib/x86_64-linux-gnu/libc-2.31.so
7f05bac0a000-7f05bac0c000 rw-p 001eb000 08:05 6297437                    /usr/lib/x86_64-linux-gnu/libc-2.31.so
7f05bac0c000-7f05bac10000 rw-p 00000000 00:00 0 
7f05bac10000-7f05bac11000 r--p 00000000 08:05 6297580                    /usr/lib/x86_64-linux-gnu/libdl-2.31.so
7f05bac11000-7f05bac13000 r-xp 00001000 08:05 6297580                    /usr/lib/x86_64-linux-gnu/libdl-2.31.so
7f05bac13000-7f05bac14000 r--p 00003000 08:05 6297580                    /usr/lib/x86_64-linux-gnu/libdl-2.31.so
7f05bac14000-7f05bac15000 r--p 00003000 08:05 6297580                    /usr/lib/x86_64-linux-gnu/libdl-2.31.so
7f05bac15000-7f05bac16000 rw-p 00004000 08:05 6297580                    /usr/lib/x86_64-linux-gnu/libdl-2.31.so
7f05bac16000-7f05bac1c000 r--p 00000000 08:05 6298365                    /usr/lib/x86_64-linux-gnu/libpthread-2.31.so
7f05bac1c000-7f05bac2d000 r-xp 00006000 08:05 6298365                    /usr/lib/x86_64-linux-gnu/libpthread-2.31.so
7f05bac2d000-7f05bac33000 r--p 00017000 08:05 6298365                    /usr/lib/x86_64-linux-gnu/libpthread-2.31.so
7f05bac33000-7f05bac34000 r--p 0001c000 08:05 6298365                    /usr/lib/x86_64-linux-gnu/libpthread-2.31.so
7f05bac34000-7f05bac35000 rw-p 0001d000 08:05 6298365                    /usr/lib/x86_64-linux-gnu/libpthread-2.31.so
7f05bac35000-7f05bac39000 rw-p 00000000 00:00 0 
7f05bac3d000-7f05bac3f000 r--p 00000000 08:05 6061608                    /home/user/.vscode/extensions/redhat.java-1.25.1-linux-x64/jre/17.0.9-linux-x86_64/lib/libinstrument.so
7f05bac3f000-7f05bac45000 r-xp 00002000 08:05 6061608                    /home/user/.vscode/extensions/redhat.java-1.25.1-linux-x64/jre/17.0.9-linux-x86_64/lib/libinstrument.so
7f05bac45000-7f05bac48000 r--p 00008000 08:05 6061608                    /home/user/.vscode/extensions/redhat.java-1.25.1-linux-x64/jre/17.0.9-linux-x86_64/lib/libinstrument.so
7f05bac48000-7f05bac49000 r--p 0000a000 08:05 6061608                    /home/user/.vscode/extensions/redhat.java-1.25.1-linux-x64/jre/17.0.9-linux-x86_64/lib/libinstrument.so
7f05bac49000-7f05bac4a000 rw-p 0000b000 08:05 6061608                    /home/user/.vscode/extensions/redhat.java-1.25.1-linux-x64/jre/17.0.9-linux-x86_64/lib/libinstrument.so
7f05bac4a000-7f05bac4b000 ---p 00000000 00:00 0 
7f05bac4b000-7f05bac4c000 r--p 00000000 00:00 0 
7f05bac4c000-7f05bac4f000 r--p 00000000 08:05 6061618                    /home/user/.vscode/extensions/redhat.java-1.25.1-linux-x64/jre/17.0.9-linux-x86_64/lib/libjli.so
7f05bac4f000-7f05bac5f000 r-xp 00003000 08:05 6061618                    /home/user/.vscode/extensions/redhat.java-1.25.1-linux-x64/jre/17.0.9-linux-x86_64/lib/libjli.so
7f05bac5f000-7f05bac66000 r--p 00013000 08:05 6061618                    /home/user/.vscode/extensions/redhat.java-1.25.1-linux-x64/jre/17.0.9-linux-x86_64/lib/libjli.so
7f05bac66000-7f05bac67000 r--p 00019000 08:05 6061618                    /home/user/.vscode/extensions/redhat.java-1.25.1-linux-x64/jre/17.0.9-linux-x86_64/lib/libjli.so
7f05bac67000-7f05bac68000 rw-p 0001a000 08:05 6061618                    /home/user/.vscode/extensions/redhat.java-1.25.1-linux-x64/jre/17.0.9-linux-x86_64/lib/libjli.so
7f05bac68000-7f05bac6a000 rw-p 00000000 00:00 0 
7f05bac6a000-7f05bac6b000 r--p 00000000 08:05 6297217                    /usr/lib/x86_64-linux-gnu/ld-2.31.so
7f05bac6b000-7f05bac8e000 r-xp 00001000 08:05 6297217                    /usr/lib/x86_64-linux-gnu/ld-2.31.so
7f05bac8e000-7f05bac96000 r--p 00024000 08:05 6297217                    /usr/lib/x86_64-linux-gnu/ld-2.31.so
7f05bac96000-7f05bac97000 ---p 00000000 00:00 0 
7f05bac97000-7f05bac98000 r--p 0002c000 08:05 6297217                    /usr/lib/x86_64-linux-gnu/ld-2.31.so
7f05bac98000-7f05bac99000 rw-p 0002d000 08:05 6297217                    /usr/lib/x86_64-linux-gnu/ld-2.31.so
7f05bac99000-7f05bac9a000 rw-p 00000000 00:00 0 
7ffc05f4f000-7ffc05f71000 rw-p 00000000 00:00 0                          [stack]
7ffc05fde000-7ffc05fe2000 r--p 00000000 00:00 0                          [vvar]
7ffc05fe2000-7ffc05fe4000 r-xp 00000000 00:00 0                          [vdso]
ffffffffff600000-ffffffffff601000 --xp 00000000 00:00 0                  [vsyscall]


VM Arguments:
jvm_args: --add-modules=ALL-SYSTEM --add-opens=java.base/java.util=ALL-UNNAMED --add-opens=java.base/java.lang=ALL-UNNAMED --add-opens=java.base/sun.nio.fs=ALL-UNNAMED -Declipse.application=org.eclipse.jdt.ls.core.id1 -Dosgi.bundles.defaultStartLevel=4 -Declipse.product=org.eclipse.jdt.ls.core.product -Djava.import.generatesMetadataFilesAtProjectRoot=false -DDetectVMInstallationsJob.disabled=true -Dfile.encoding=utf8 -XX:+UseParallelGC -XX:GCTimeRatio=4 -XX:AdaptiveSizePolicyWeight=90 -Dsun.zip.disableMemoryMapping=true -Xmx1G -Xms100m -Xlog:disable -javaagent:/home/user/.vscode/extensions/redhat.java-1.25.1-linux-x64/lombok/lombok-1.18.30.jar -XX:+HeapDumpOnOutOfMemoryError -XX:HeapDumpPath=/home/user/.config/Code/User/workspaceStorage/5c7cea983f6854595f0b307e254936d3/redhat.java -Daether.dependencyCollector.impl=bf 
java_command: /home/user/.vscode/extensions/redhat.java-1.25.1-linux-x64/server/plugins/org.eclipse.equinox.launcher_1.6.600.v20231106-1826.jar -configuration /home/user/.config/Code/User/globalStorage/redhat.java/1.25.1/config_linux -data /home/user/.config/Code/User/workspaceStorage/5c7cea983f6854595f0b307e254936d3/redhat.java/jdt_ws --stdio
java_class_path (initial): /home/user/.vscode/extensions/redhat.java-1.25.1-linux-x64/server/plugins/org.eclipse.equinox.launcher_1.6.600.v20231106-1826.jar
Launcher Type: SUN_STANDARD

[Global flags]
    uintx AdaptiveSizePolicyWeight                 = 90                                        {product} {command line}
     intx CICompilerCount                          = 3                                         {product} {ergonomic}
    uintx GCTimeRatio                              = 4                                         {product} {command line}
     bool HeapDumpOnOutOfMemoryError               = true                                   {manageable} {command line}
    ccstr HeapDumpPath                             = /home/user/.config/Code/User/workspaceStorage/5c7cea983f6854595f0b307e254936d3/redhat.java         {manageable} {command line}
   size_t InitialHeapSize                          = 104857600                                 {product} {command line}
   size_t MaxHeapSize                              = 1073741824                                {product} {command line}
   size_t MaxNewSize                               = 357564416                                 {product} {ergonomic}
   size_t MinHeapDeltaBytes                        = 524288                                    {product} {ergonomic}
   size_t MinHeapSize                              = 104857600                                 {product} {command line}
   size_t NewSize                                  = 34603008                                  {product} {ergonomic}
    uintx NonNMethodCodeHeapSize                   = 5832780                                {pd product} {ergonomic}
    uintx NonProfiledCodeHeapSize                  = 122912730                              {pd product} {ergonomic}
   size_t OldSize                                  = 70254592                                  {product} {ergonomic}
    uintx ProfiledCodeHeapSize                     = 122912730                              {pd product} {ergonomic}
    uintx ReservedCodeCacheSize                    = 251658240                              {pd product} {ergonomic}
     bool SegmentedCodeCache                       = true                                      {product} {ergonomic}
   size_t SoftMaxHeapSize                          = 1073741824                             {manageable} {ergonomic}
     bool UseCompressedClassPointers               = true                           {product lp64_product} {ergonomic}
     bool UseCompressedOops                        = true                           {product lp64_product} {ergonomic}
     bool UseParallelGC                            = true                                      {product} {command line}

Logging:
Log output configuration:
 #0: stdout all=off uptime,level,tags
 #1: stderr all=off uptime,level,tags

Environment Variables:
JAVA_HOME=/usr/lib/jvm/java-11-openjdk-amd64
PATH=/opt/apache-maven-3.9.2/bin:/opt/apache-maven-3.9.2/bin:/opt/apache-maven-3.9.2/bin:/opt/apache-maven-3.9.2/bin:/usr/local/sbin:/usr/local/bin:/usr/sbin:/usr/bin:/sbin:/bin:/usr/games:/usr/local/games:/snap/bin
USERNAME=user
SHELL=/bin/bash
DISPLAY=:0
LANG=en_IN

Active Locale:
LC_ALL=en_IN
LC_COLLATE=en_IN
LC_CTYPE=en_IN
LC_MESSAGES=en_IN
LC_MONETARY=en_IN
LC_NUMERIC=en_IN
LC_TIME=en_IN

Signal Handlers:
   SIGSEGV: crash_handler in libjvm.so, mask=11100100010111111101111111111110, flags=SA_RESTART|SA_SIGINFO, unblocked
    SIGBUS: crash_handler in libjvm.so, mask=11100100010111111101111111111110, flags=SA_RESTART|SA_SIGINFO, unblocked
    SIGFPE: crash_handler in libjvm.so, mask=11100100010111111101111111111110, flags=SA_RESTART|SA_SIGINFO, unblocked
   SIGPIPE: javaSignalHandler in libjvm.so, mask=11100100010111111101111111111110, flags=SA_RESTART|SA_SIGINFO, blocked
   SIGXFSZ: javaSignalHandler in libjvm.so, mask=11100100010111111101111111111110, flags=SA_RESTART|SA_SIGINFO, blocked
    SIGILL: crash_handler in libjvm.so, mask=11100100010111111101111111111110, flags=SA_RESTART|SA_SIGINFO, unblocked
   SIGUSR2: SR_handler in libjvm.so, mask=00000000000000000000000000000000, flags=SA_RESTART|SA_SIGINFO, blocked
    SIGHUP: UserHandler in libjvm.so, mask=11100100010111111101111111111110, flags=SA_RESTART|SA_SIGINFO, blocked
    SIGINT: UserHandler in libjvm.so, mask=11100100010111111101111111111110, flags=SA_RESTART|SA_SIGINFO, blocked
   SIGTERM: UserHandler in libjvm.so, mask=11100100010111111101111111111110, flags=SA_RESTART|SA_SIGINFO, blocked
   SIGQUIT: UserHandler in libjvm.so, mask=11100100010111111101111111111110, flags=SA_RESTART|SA_SIGINFO, blocked
   SIGTRAP: crash_handler in libjvm.so, mask=11100100010111111101111111111110, flags=SA_RESTART|SA_SIGINFO, unblocked


Periodic native trim disabled


---------------  S Y S T E M  ---------------

OS:
DISTRIB_ID=Ubuntu
DISTRIB_RELEASE=20.04
DISTRIB_CODENAME=focal
DISTRIB_DESCRIPTION="Ubuntu 20.04.6 LTS"
uname: Linux 5.15.0-89-generic #99~20.04.1-Ubuntu SMP Thu Nov 2 15:16:47 UTC 2023 x86_64
OS uptime: 0 days 3:32 hours
libc: glibc 2.31 NPTL 2.31 
rlimit (soft/hard): STACK 8192k/infinity , CORE 0k/infinity , NPROC 30986/30986 , NOFILE 1048576/1048576 , AS infinity/infinity , CPU infinity/infinity , DATA infinity/infinity , FSIZE infinity/infinity , MEMLOCK 65536k/65536k
load average: 5.44 3.16 1.74

/proc/meminfo:
MemTotal:        8013956 kB
MemFree:         1329168 kB
MemAvailable:    2065640 kB
Buffers:           97704 kB
Cached:          1688856 kB
SwapCached:        91672 kB
Active:          1229728 kB
Inactive:        4931816 kB
Active(anon):     683708 kB
Inactive(anon):  4567744 kB
Active(file):     546020 kB
Inactive(file):   364072 kB
Unevictable:      122240 kB
Mlocked:              48 kB
SwapTotal:      10485752 kB
SwapFree:        9759736 kB
Dirty:              1368 kB
Writeback:             0 kB
AnonPages:       4477424 kB
Mapped:           532620 kB
Shmem:            876464 kB
KReclaimable:      89980 kB
Slab:             224524 kB
SReclaimable:      89980 kB
SUnreclaim:       134544 kB
KernelStack:       16304 kB
PageTables:        52420 kB
NFS_Unstable:          0 kB
Bounce:                0 kB
WritebackTmp:          0 kB
CommitLimit:    14492728 kB
Committed_AS:   14271600 kB
VmallocTotal:   34359738367 kB
VmallocUsed:       44700 kB
VmallocChunk:          0 kB
Percpu:             3648 kB
HardwareCorrupted:     0 kB
AnonHugePages:         0 kB
ShmemHugePages:        0 kB
ShmemPmdMapped:        0 kB
FileHugePages:         0 kB
FilePmdMapped:         0 kB
HugePages_Total:       0
HugePages_Free:        0
HugePages_Rsvd:        0
HugePages_Surp:        0
Hugepagesize:       2048 kB
Hugetlb:               0 kB
DirectMap4k:      379332 kB
DirectMap2M:     7895040 kB
DirectMap1G:     1048576 kB

/sys/kernel/mm/transparent_hugepage/enabled: always [madvise] never
/sys/kernel/mm/transparent_hugepage/defrag (defrag/compaction efforts parameter): always defer defer+madvise [madvise] never

Process Memory:
Virtual Size: 4763504K (peak: 4763504K)
Resident Set Size: 372012K (peak: 372012K) (anon: 312156K, file: 59856K, shmem: 0K)
Swapped out: 0K
C-Heap outstanding allocations: 79185K, retained: 40026K
glibc malloc tunables: (default)

/proc/sys/kernel/threads-max (system-wide limit on the number of threads): 61972
/proc/sys/vm/max_map_count (maximum number of memory map areas a process may have): 65530
/proc/sys/kernel/pid_max (system-wide limit on number of process identifiers): 4194304

container (cgroup) information:
container_type: cgroupv1
cpu_cpuset_cpus: 0-3
cpu_memory_nodes: 0
active_processor_count: 4
cpu_quota: no quota
cpu_period: 100000
cpu_shares: no shares
memory_limit_in_bytes: unlimited
memory_and_swap_limit_in_bytes: unlimited
memory_soft_limit_in_bytes: unlimited
memory_usage_in_bytes: 6117268 k
memory_max_usage_in_bytes: 7426628 k
kernel_memory_usage_in_bytes: 149820 k
kernel_memory_max_usage_in_bytes: unlimited
kernel_memory_limit_in_bytes: 220884 k
maximum number of tasks: unlimited
current number of tasks: 814

Steal ticks since vm start: 0
Steal ticks percentage since vm start:  0.000

CPU: total 4 (initial active 4) (2 cores per cpu, 2 threads per core) family 6 model 61 stepping 4 microcode 0x2f, cx8, cmov, fxsr, ht, mmx, 3dnowpref, sse, sse2, sse3, ssse3, sse4.1, sse4.2, popcnt, lzcnt, tsc, tscinvbit, avx, avx2, aes, erms, clmul, bmi1, bmi2, adx, fma, vzeroupper, clflush
CPU Model and flags from /proc/cpuinfo:
model name	: Intel(R) Core(TM) i5-5200U CPU @ 2.20GHz
flags		: fpu vme de pse tsc msr pae mce cx8 apic sep mtrr pge mca cmov pat pse36 clflush dts acpi mmx fxsr sse sse2 ss ht tm pbe syscall nx pdpe1gb rdtscp lm constant_tsc arch_perfmon pebs bts rep_good nopl xtopology nonstop_tsc cpuid aperfmperf pni pclmulqdq dtes64 monitor ds_cpl vmx est tm2 ssse3 sdbg fma cx16 xtpr pdcm pcid sse4_1 sse4_2 x2apic movbe popcnt tsc_deadline_timer aes xsave avx f16c rdrand lahf_lm abm 3dnowprefetch cpuid_fault epb invpcid_single pti ssbd ibrs ibpb stibp tpr_shadow vnmi flexpriority ept vpid ept_ad fsgsbase tsc_adjust bmi1 avx2 smep bmi2 erms invpcid rdseed adx smap intel_pt xsaveopt dtherm ida arat pln pts md_clear flush_l1d

Online cpus: 0-3
Offline cpus: 
BIOS frequency limitation: <Not Available>
Frequency switch latency (ns): 20000
Available cpu frequencies: <Not Available>
Current governor: ondemand
Core performance/turbo boost: <Not Available>

Memory: 4k page, physical 8013956k(1329168k free), swap 10485752k(9759736k free)
Page Sizes: 4k

vm_info: OpenJDK 64-Bit Server VM (17.0.9+9) for linux-amd64 JRE (17.0.9+9), built on Oct 17 2023 00:00:00 by "admin" with gcc 10.3.0

END.
