#
# A fatal error has been detected by the Java Runtime Environment:
#
#  SIGSEGV (0xb) at pc=0x00007fe354a5792d, pid=77855, tid=77858
#
# JRE version: OpenJDK Runtime Environment (11.0.20.1+1) (build 11.0.20.1+1-post-Ubuntu-0ubuntu120.04)
# Java VM: OpenJDK 64-Bit Server VM (11.0.20.1+1-post-Ubuntu-0ubuntu120.04, mixed mode, sharing, tiered, compressed oops, g1 gc, linux-amd64)
# Problematic frame:
# V  [libjvm.so+0x79a92d]  G1ParScanThreadState::copy_to_survivor_space(InCSetState, oopDesc*, markOopDesc*)+0x35d
#
# Core dump will be written. Default location: Core dumps may be processed with "/usr/share/apport/apport -p%p -s%s -c%c -d%d -P%P -u%u -g%g -- %E" (or dumping to /home/user/Music/UAT/fino/P2mSettlement/ptaplussettlement/core.77855)
#
# If you would like to submit a bug report, please visit:
#   https://bugs.launchpad.net/ubuntu/+source/openjdk-lts
#

---------------  S U M M A R Y ------------

Command Line: /home/user/Music/UAT/fino/P2mSettlement/ptaplussettlement/target/surefire/surefirebooter-20240110172310749_3.jar /home/user/Music/UAT/fino/P2mSettlement/ptaplussettlement/target/surefire 2024-01-10T17-23-10_236-jvmRun1 surefire-20240110172310749_1tmp surefire_0-20240110172310749_2tmp

Host: Intel(R) Core(TM) i5-5200U CPU @ 2.20GHz, 4 cores, 7G, Ubuntu 20.04.6 LTS
Time: Wed Jan 10 17:23:16 2024 IST elapsed time: 5.157225 seconds (0d 0h 0m 5s)

---------------  T H R E A D  ---------------

Current thread (0x00007fe34c02d800):  GCTaskThread "GC Thread#0" [stack: 0x00007fe353b24000,0x00007fe353c24000] [id=77858]

Stack: [0x00007fe353b24000,0x00007fe353c24000],  sp=0x00007fe353c22b50,  free space=1018k
Native frames: (J=compiled Java code, A=aot compiled Java code, j=interpreted, Vv=VM code, C=native code)
V  [libjvm.so+0x79a92d]  G1ParScanThreadState::copy_to_survivor_space(InCSetState, oopDesc*, markOopDesc*)+0x35d
V  [libjvm.so+0x79b2eb]  G1ParScanThreadState::trim_queue()+0x3cb
V  [libjvm.so+0x757cc8]  G1ParEvacuateFollowersClosure::do_void()+0x188
V  [libjvm.so+0x75f586]  G1ParTask::work(unsigned int)+0x166
V  [libjvm.so+0xecc83d]  GangWorker::loop()+0x4d
V  [libjvm.so+0xe32e20]  Thread::call_run()+0x140
V  [libjvm.so+0xbef7de]  thread_native_entry(Thread*)+0xee


siginfo: si_signo: 11 (SIGSEGV), si_code: 1 (SEGV_MAPERR), si_addr: 0x0000000000000000

Register to memory mapping:

RAX=0x0 is NULL
RBX=0x0000000000000009 is an unknown value
RCX=0x0000000000000014 is an unknown value
RDX=0x0000000000000914 is an unknown value
RSP=0x00007fe353c22b50 points into unknown readable memory: 0x0000000000000014 | 14 00 00 00 00 00 00 00
RBP=0x00007fe353c22bd0 points into unknown readable memory: 0x00007fe353c22c40 | 40 2c c2 53 e3 7f 00 00
RSI=0x0000000000000007 is an unknown value
RDI=0x0000000800000000 is pointing into metadata
R8 =0x0000000000000001 is an unknown value
R9 =0x0 is NULL
R10=0x0 is NULL
R11=0x0000000000000001 is an unknown value
R12=0x0000000091478198 points into unknown readable memory: 0x0000000000000000 | 00 00 00 00 00 00 00 00
R13=0x00007fe3300026b0 points into unknown readable memory: 0x00007fe35543beb0 | b0 be 43 55 e3 7f 00 00
R14=0x0000000000000009 is an unknown value
R15=0x0000000000000001 is an unknown value


Registers:
RAX=0x0000000000000000, RBX=0x0000000000000009, RCX=0x0000000000000014, RDX=0x0000000000000914
RSP=0x00007fe353c22b50, RBP=0x00007fe353c22bd0, RSI=0x0000000000000007, RDI=0x0000000800000000
R8 =0x0000000000000001, R9 =0x0000000000000000, R10=0x0000000000000000, R11=0x0000000000000001
R12=0x0000000091478198, R13=0x00007fe3300026b0, R14=0x0000000000000009, R15=0x0000000000000001
RIP=0x00007fe354a5792d, EFLAGS=0x0000000000010246, CSGSFS=0x002b000000000033, ERR=0x0000000000000004
  TRAPNO=0x000000000000000e

Top of Stack: (sp=0x00007fe353c22b50)
0x00007fe353c22b50:   0000000000000014 00007fe354a593f7
0x00007fe353c22b60:   0000000000000056 0000000000000001
0x00007fe353c22b70:   0000000000000005 000000008f2e1001
0x00007fe353c22b80:   0000000000000037 0000000000000000 

Instructions: (pc=0x00007fe354a5792d)
0x00007fe354a5782d:   b6 30 40 84 f6 0f 84 98 03 00 00 48 8d 05 91 d0
0x00007fe354a5783d:   ab 00 8b 78 08 4c 8b 00 41 8b 41 08 89 f9 48 d3
0x00007fe354a5784d:   e0 41 81 7c 00 08 00 00 00 c0 0f 8c 03 04 00 00
0x00007fe354a5785d:   49 8b 45 08 4c 89 ca 8b 88 c0 02 00 00 48 8b 80
0x00007fe354a5786d:   b0 02 00 00 48 d3 ea 48 8b 04 d0 49 89 85 90 01
0x00007fe354a5787d:   00 00 41 8b 51 08 89 f9 48 d3 e2 4c 01 c2 48 63
0x00007fe354a5788d:   4a 0c 4c 89 4d b8 4c 89 ce 4c 89 f7 48 8d 05 40
0x00007fe354a5789d:   93 ae 00 ff 14 c8 4c 8b 4d b8 48 83 c4 58 5b 41
0x00007fe354a578ad:   5c 4c 89 c8 41 5d 41 5e 41 5f 5d c3 0f 1f 80 00
0x00007fe354a578bd:   00 00 00 0f 84 9a 00 00 00 3c 01 48 8d 05 1d 0c
0x00007fe354a578cd:   aa 00 48 19 c9 8b 10 83 e1 04 89 d8 4d 63 74 0c
0x00007fe354a578dd:   0c c1 f8 10 89 d9 8d 72 ff 0f b6 c0 f7 da 48 63
0x00007fe354a578ed:   f6 49 d3 e6 48 01 f0 49 01 c6 48 63 c2 49 21 c6
0x00007fe354a578fd:   49 c1 ee 03 44 89 f3 4d 63 f6 e9 24 fd ff ff 0f
0x00007fe354a5790d:   1f 40 00 48 8b 7a 08 e9 fd fc ff ff 0f 1f 80 00
0x00007fe354a5791d:   00 00 00 41 f6 c2 01 75 62 4c 89 d0 48 83 e0 fd
0x00007fe354a5792d:   4c 8b 00 49 c1 e8 03 44 89 c0 83 e0 0f 89 45 b8
0x00007fe354a5793d:   41 3b 85 6c 01 00 00 0f 83 1b fd ff ff 41 bb 01
0x00007fe354a5794d:   00 00 00 31 c9 b8 01 00 00 00 e9 35 fd ff ff 0f
0x00007fe354a5795d:   1f 40 00 48 8b 07 48 8d 15 56 ba db ff 45 31 f6
0x00007fe354a5796d:   48 8b 80 10 01 00 00 48 39 d0 0f 84 b3 fc ff ff
0x00007fe354a5797d:   e9 08 fe ff ff 66 0f 1f 44 00 00 4d 89 d0 49 c1
0x00007fe354a5798d:   e8 03 44 89 c0 83 e0 0f 89 45 b8 eb a3 44 0f b6
0x00007fe354a5799d:   45 ce 41 80 fb 01 0f 84 23 03 00 00 45 88 85 c8
0x00007fe354a579ad:   01 00 00 4c 89 e6 4c 89 ef 4c 89 d2 e8 92 fa ff
0x00007fe354a579bd:   ff 48 83 c4 58 5b 41 5c 41 5d 41 5e 41 5f 5d c3
0x00007fe354a579cd:   0f 1f 00 48 8d 35 41 18 aa 00 41 0f b7 c8 48 3b
0x00007fe354a579dd:   0e 0f 8e 8c 00 00 00 45 0f b7 c0 41 8d 48 ff 44
0x00007fe354a579ed:   89 c6 f7 de 48 63 c9 4c 01 c9 48 63 f6 48 21 f1
0x00007fe354a579fd:   48 89 ce 48 89 4d a0 4c 29 ce 48 c1 ee 03 48 89
0x00007fe354a57a0d:   75 a8 74 5f 48 8d 0d d8 0a aa 00 8b 31 8d 4e 01
0x00007fe354a57a1d:   f7 de 21 ce 48 63 ce 48 39 4d a8 0f 82 ce 03 00 


Stack slot to memory mapping:
stack at sp + 0 slots: 0x0000000000000014 is an unknown value
stack at sp + 1 slots: 0x00007fe354a593f7: <offset 0x000000000079c3f7> in /usr/lib/jvm/java-11-openjdk-amd64/lib/server/libjvm.so at 0x00007fe3542bd000
stack at sp + 2 slots: 0x0000000000000056 is an unknown value
stack at sp + 3 slots: 0x0000000000000001 is an unknown value
stack at sp + 4 slots: 0x0000000000000005 is an unknown value
stack at sp + 5 slots: 0x000000008f2e1001 points into unknown readable memory: 00 00 00 00 00 00 00
stack at sp + 6 slots: 0x0000000000000037 is an unknown value
stack at sp + 7 slots: 0x0 is NULL


---------------  P R O C E S S  ---------------

Threads class SMR info:
_java_thread_list=0x00007fe34d8b7540, length=14, elements={
0x00007fe34c016000, 0x00007fe34c175800, 0x00007fe34c178000, 0x00007fe34c17d800,
0x00007fe34c17f800, 0x00007fe34c181800, 0x00007fe34c183800, 0x00007fe34c185800,
0x00007fe34c1b8000, 0x00007fe30032d000, 0x00007fe34d4ff800, 0x00007fe34d50b800,
0x00007fe34d844000, 0x00007fe34d9ba800
}

Java Threads: ( => current thread )
  0x00007fe34c016000 JavaThread "main" [_thread_blocked, id=77857, stack(0x00007fe353e70000,0x00007fe353f71000)]
  0x00007fe34c175800 JavaThread "Reference Handler" daemon [_thread_blocked, id=77866, stack(0x00007fe3501e0000,0x00007fe3502e1000)]
  0x00007fe34c178000 JavaThread "Finalizer" daemon [_thread_blocked, id=77867, stack(0x00007fe3500df000,0x00007fe3501e0000)]
  0x00007fe34c17d800 JavaThread "Signal Dispatcher" daemon [_thread_blocked, id=77868, stack(0x00007fe3346f0000,0x00007fe3347f1000)]
  0x00007fe34c17f800 JavaThread "Service Thread" daemon [_thread_blocked, id=77869, stack(0x00007fe3345ef000,0x00007fe3346f0000)]
  0x00007fe34c181800 JavaThread "C2 CompilerThread0" daemon [_thread_blocked, id=77870, stack(0x00007fe3344ee000,0x00007fe3345ef000)]
  0x00007fe34c183800 JavaThread "C1 CompilerThread0" daemon [_thread_blocked, id=77871, stack(0x00007fe3343ed000,0x00007fe3344ee000)]
  0x00007fe34c185800 JavaThread "Sweeper thread" daemon [_thread_blocked, id=77872, stack(0x00007fe3342ec000,0x00007fe3343ed000)]
  0x00007fe34c1b8000 JavaThread "Common-Cleaner" daemon [_thread_blocked, id=77875, stack(0x00007fe3340e9000,0x00007fe3341ea000)]
  0x00007fe30032d000 JavaThread "C2 CompilerThread1" daemon [_thread_blocked, id=77876, stack(0x00007fe32c067000,0x00007fe32c168000)]
  0x00007fe34d4ff800 JavaThread "surefire-forkedjvm-stream-flusher" daemon [_thread_blocked, id=77879, stack(0x00007fe31e71d000,0x00007fe31e81e000)]
  0x00007fe34d50b800 JavaThread "surefire-forkedjvm-command-thread" daemon [_thread_in_native, id=77880, stack(0x00007fe31e61c000,0x00007fe31e71d000)]
  0x00007fe34d844000 JavaThread "ForkJoinPool.commonPool-worker-3" daemon [_thread_blocked, id=77881, stack(0x00007fe31e51b000,0x00007fe31e61c000)]
  0x00007fe34d9ba800 JavaThread "Quarkus hang detection timer thread" [_thread_blocked, id=77882, stack(0x00007fe31e41a000,0x00007fe31e51b000)]

Other Threads:
  0x00007fe34c173000 VMThread "VM Thread" [stack: 0x00007fe3502e3000,0x00007fe3503e3000] [id=77865]
  0x00007fe34c1b6000 WatcherThread [stack: 0x00007fe3341ec000,0x00007fe3342ec000] [id=77874]
=>0x00007fe34c02d800 GCTaskThread "GC Thread#0" [stack: 0x00007fe353b24000,0x00007fe353c24000] [id=77858]
  0x00007fe314001000 GCTaskThread "GC Thread#1" [stack: 0x00007fe31e922000,0x00007fe31ea22000] [id=77877]
  0x00007fe314002800 GCTaskThread "GC Thread#2" [stack: 0x00007fe31e820000,0x00007fe31e920000] [id=77878]
  0x00007fe31405d800 GCTaskThread "GC Thread#3" [stack: 0x00007fe31e064000,0x00007fe31e164000] [id=77883]
  0x00007fe34c05e800 ConcurrentGCThread "G1 Main Marker" [stack: 0x00007fe350bcb000,0x00007fe350ccb000] [id=77859]
  0x00007fe34c060800 ConcurrentGCThread "G1 Conc#0" [stack: 0x00007fe350ac9000,0x00007fe350bc9000] [id=77860]
  0x00007fe34c0d8800 ConcurrentGCThread "G1 Refine#0" [stack: 0x00007fe3505c3000,0x00007fe3506c3000] [id=77861]
  0x00007fe324005000 ConcurrentGCThread "G1 Refine#1" [stack: 0x00007fe31db62000,0x00007fe31dc62000] [id=77896]
  0x00007fe34c0da800 ConcurrentGCThread "G1 Young RemSet Sampling" [stack: 0x00007fe3504c1000,0x00007fe3505c1000] [id=77862]

Threads with active compile tasks:
C2 CompilerThread0     5166 3646 %     4       org.codehaus.plexus.util.xml.pull.MXParser::parseAttribute @ 723 (1641 bytes)
C2 CompilerThread1     5166 3638       4       java.util.regex.Pattern::closure (365 bytes)

VM state:at safepoint (normal execution)

VM Mutex/Monitor currently owned by a thread:  ([mutex/lock_event])
[0x00007fe34c012f90] Threads_lock - owner thread: 0x00007fe34c173000
[0x00007fe34c013770] Heap_lock - owner thread: 0x00007fe34c016000

Heap address: 0x0000000085a00000, size: 1958 MB, Compressed Oops mode: 32-bit
Narrow klass base: 0x0000000800000000, Narrow klass shift: 3
Compressed class space size: 1073741824 Address: 0x0000000840000000

Heap:
 garbage-first heap   total 240640K, used 148688K [0x0000000085a00000, 0x0000000100000000)
  region size 1024K, 87 young (89088K), 10 survivors (10240K)
 Metaspace       used 15079K, capacity 15971K, committed 16128K, reserved 1062912K
  class space    used 1670K, capacity 2015K, committed 2048K, reserved 1048576K
Heap Regions: E=young(eden), S=young(survivor), O=old, HS=humongous(starts), HC=humongous(continues), CS=collection set, F=free, A=archive, TAMS=top-at-mark-start (previous, next)
|   0|0x0000000085a00000, 0x0000000085b00000, 0x0000000085b00000|100%|HS|  |TAMS 0x0000000085a00000, 0x0000000085a00000| Complete 
|   1|0x0000000085b00000, 0x0000000085c00000, 0x0000000085c00000|100%|HC|  |TAMS 0x0000000085b00000, 0x0000000085b00000| Complete 
|   2|0x0000000085c00000, 0x0000000085d00000, 0x0000000085d00000|100%| O|  |TAMS 0x0000000085c00000, 0x0000000085c00000| Untracked 
|   3|0x0000000085d00000, 0x0000000085e00000, 0x0000000085e00000|100%| O|  |TAMS 0x0000000085d00000, 0x0000000085d00000| Untracked 
|   4|0x0000000085e00000, 0x0000000085f00000, 0x0000000085f00000|100%| O|  |TAMS 0x0000000085e00000, 0x0000000085e00000| Untracked 
|   5|0x0000000085f00000, 0x0000000086000000, 0x0000000086000000|100%|HS|  |TAMS 0x0000000085f00000, 0x0000000085f00000| Complete 
|   6|0x0000000086000000, 0x0000000086100000, 0x0000000086100000|100%| O|  |TAMS 0x0000000086000000, 0x0000000086000000| Untracked 
|   7|0x0000000086100000, 0x0000000086200000, 0x0000000086200000|100%| O|  |TAMS 0x0000000086100000, 0x0000000086100000| Untracked 
|   8|0x0000000086200000, 0x0000000086300000, 0x0000000086300000|100%| O|  |TAMS 0x0000000086200000, 0x0000000086200000| Untracked 
|   9|0x0000000086300000, 0x0000000086400000, 0x0000000086400000|100%| O|  |TAMS 0x0000000086300000, 0x0000000086300000| Untracked 
|  10|0x0000000086400000, 0x0000000086500000, 0x0000000086500000|100%| O|  |TAMS 0x0000000086400000, 0x0000000086400000| Untracked 
|  11|0x0000000086500000, 0x0000000086600000, 0x0000000086600000|100%| O|  |TAMS 0x0000000086500000, 0x0000000086500000| Untracked 
|  12|0x0000000086600000, 0x0000000086700000, 0x0000000086700000|100%| O|  |TAMS 0x0000000086600000, 0x0000000086600000| Untracked 
|  13|0x0000000086700000, 0x0000000086800000, 0x0000000086800000|100%| O|  |TAMS 0x0000000086700000, 0x0000000086700000| Untracked 
|  14|0x0000000086800000, 0x0000000086900000, 0x0000000086900000|100%| O|  |TAMS 0x0000000086800000, 0x0000000086800000| Untracked 
|  15|0x0000000086900000, 0x0000000086a00000, 0x0000000086a00000|100%| O|  |TAMS 0x0000000086900000, 0x0000000086900000| Untracked 
|  16|0x0000000086a00000, 0x0000000086b00000, 0x0000000086b00000|100%| O|  |TAMS 0x0000000086a00000, 0x0000000086a00000| Untracked 
|  17|0x0000000086b00000, 0x0000000086c00000, 0x0000000086c00000|100%| O|  |TAMS 0x0000000086b00000, 0x0000000086b00000| Untracked 
|  18|0x0000000086c00000, 0x0000000086d00000, 0x0000000086d00000|100%| O|  |TAMS 0x0000000086c00000, 0x0000000086c00000| Untracked 
|  19|0x0000000086d00000, 0x0000000086e00000, 0x0000000086e00000|100%| O|  |TAMS 0x0000000086d00000, 0x0000000086d00000| Untracked 
|  20|0x0000000086e00000, 0x0000000086f00000, 0x0000000086f00000|100%| O|  |TAMS 0x0000000086e00000, 0x0000000086e00000| Untracked 
|  21|0x0000000086f00000, 0x0000000087000000, 0x0000000087000000|100%| O|  |TAMS 0x0000000086f00000, 0x0000000086f00000| Untracked 
|  22|0x0000000087000000, 0x0000000087100000, 0x0000000087100000|100%| O|  |TAMS 0x0000000087000000, 0x0000000087000000| Untracked 
|  23|0x0000000087100000, 0x0000000087200000, 0x0000000087200000|100%| O|  |TAMS 0x0000000087100000, 0x0000000087100000| Untracked 
|  24|0x0000000087200000, 0x0000000087300000, 0x0000000087300000|100%| O|  |TAMS 0x0000000087200000, 0x0000000087200000| Untracked 
|  25|0x0000000087300000, 0x0000000087400000, 0x0000000087400000|100%| O|  |TAMS 0x0000000087300000, 0x0000000087300000| Untracked 
|  26|0x0000000087400000, 0x0000000087500000, 0x0000000087500000|100%| O|  |TAMS 0x0000000087400000, 0x0000000087400000| Untracked 
|  27|0x0000000087500000, 0x0000000087600000, 0x0000000087600000|100%| O|  |TAMS 0x0000000087500000, 0x0000000087500000| Untracked 
|  28|0x0000000087600000, 0x0000000087700000, 0x0000000087700000|100%| O|  |TAMS 0x0000000087600000, 0x0000000087600000| Untracked 
|  29|0x0000000087700000, 0x0000000087800000, 0x0000000087800000|100%| O|  |TAMS 0x0000000087700000, 0x0000000087700000| Untracked 
|  30|0x0000000087800000, 0x0000000087900000, 0x0000000087900000|100%| O|  |TAMS 0x0000000087800000, 0x0000000087800000| Untracked 
|  31|0x0000000087900000, 0x0000000087a00000, 0x0000000087a00000|100%| O|  |TAMS 0x0000000087900000, 0x0000000087900000| Untracked 
|  32|0x0000000087a00000, 0x0000000087b00000, 0x0000000087b00000|100%| O|  |TAMS 0x0000000087a00000, 0x0000000087a00000| Untracked 
|  33|0x0000000087b00000, 0x0000000087c00000, 0x0000000087c00000|100%| O|  |TAMS 0x0000000087b00000, 0x0000000087b00000| Untracked 
|  34|0x0000000087c00000, 0x0000000087d00000, 0x0000000087d00000|100%| O|  |TAMS 0x0000000087c00000, 0x0000000087c00000| Untracked 
|  35|0x0000000087d00000, 0x0000000087e00000, 0x0000000087e00000|100%| O|  |TAMS 0x0000000087d00000, 0x0000000087d00000| Untracked 
|  36|0x0000000087e00000, 0x0000000087f00000, 0x0000000087f00000|100%| O|  |TAMS 0x0000000087e00000, 0x0000000087e00000| Untracked 
|  37|0x0000000087f00000, 0x0000000088000000, 0x0000000088000000|100%| O|  |TAMS 0x0000000087f00000, 0x0000000087f00000| Untracked 
|  38|0x0000000088000000, 0x0000000088100000, 0x0000000088100000|100%| O|  |TAMS 0x0000000088000000, 0x0000000088000000| Untracked 
|  39|0x0000000088100000, 0x0000000088200000, 0x0000000088200000|100%| O|  |TAMS 0x0000000088100000, 0x0000000088100000| Untracked 
|  40|0x0000000088200000, 0x0000000088300000, 0x0000000088300000|100%| O|  |TAMS 0x0000000088200000, 0x0000000088200000| Untracked 
|  41|0x0000000088300000, 0x0000000088400000, 0x0000000088400000|100%| O|  |TAMS 0x0000000088300000, 0x0000000088300000| Untracked 
|  42|0x0000000088400000, 0x0000000088500000, 0x0000000088500000|100%| O|  |TAMS 0x0000000088400000, 0x0000000088400000| Untracked 
|  43|0x0000000088500000, 0x0000000088600000, 0x0000000088600000|100%| O|  |TAMS 0x0000000088500000, 0x0000000088500000| Untracked 
|  44|0x0000000088600000, 0x0000000088700000, 0x0000000088700000|100%| O|  |TAMS 0x0000000088600000, 0x0000000088600000| Untracked 
|  45|0x0000000088700000, 0x0000000088800000, 0x0000000088800000|100%| O|  |TAMS 0x0000000088700000, 0x0000000088700000| Untracked 
|  46|0x0000000088800000, 0x0000000088900000, 0x0000000088900000|100%| O|  |TAMS 0x0000000088800000, 0x0000000088800000| Untracked 
|  47|0x0000000088900000, 0x0000000088a00000, 0x0000000088a00000|100%| O|  |TAMS 0x0000000088900000, 0x0000000088900000| Untracked 
|  48|0x0000000088a00000, 0x0000000088b00000, 0x0000000088b00000|100%| O|  |TAMS 0x0000000088a00000, 0x0000000088a00000| Untracked 
|  49|0x0000000088b00000, 0x0000000088c00000, 0x0000000088c00000|100%| O|  |TAMS 0x0000000088b00000, 0x0000000088b00000| Untracked 
|  50|0x0000000088c00000, 0x0000000088d00000, 0x0000000088d00000|100%| O|  |TAMS 0x0000000088c00000, 0x0000000088c00000| Untracked 
|  51|0x0000000088d00000, 0x0000000088e00000, 0x0000000088e00000|100%| O|  |TAMS 0x0000000088d00000, 0x0000000088d00000| Untracked 
|  52|0x0000000088e00000, 0x0000000088f00000, 0x0000000088f00000|100%| O|  |TAMS 0x0000000088e00000, 0x0000000088e00000| Untracked 
|  53|0x0000000088f00000, 0x0000000089000000, 0x0000000089000000|100%| O|  |TAMS 0x0000000088f00000, 0x0000000088f00000| Untracked 
|  54|0x0000000089000000, 0x0000000089100000, 0x0000000089100000|100%| O|  |TAMS 0x0000000089000000, 0x0000000089000000| Untracked 
|  55|0x0000000089100000, 0x0000000089200000, 0x0000000089200000|100%| O|  |TAMS 0x0000000089100000, 0x0000000089100000| Untracked 
|  56|0x0000000089200000, 0x0000000089300000, 0x0000000089300000|100%| O|  |TAMS 0x0000000089200000, 0x0000000089200000| Untracked 
|  57|0x0000000089300000, 0x0000000089400000, 0x0000000089400000|100%| O|  |TAMS 0x0000000089300000, 0x0000000089300000| Untracked 
|  58|0x0000000089400000, 0x0000000089500000, 0x0000000089500000|100%| O|  |TAMS 0x0000000089400000, 0x0000000089400000| Untracked 
|  59|0x0000000089500000, 0x0000000089600000, 0x0000000089600000|100%| O|  |TAMS 0x0000000089500000, 0x0000000089500000| Untracked 
|  60|0x0000000089600000, 0x0000000089700000, 0x0000000089700000|100%| O|  |TAMS 0x0000000089600000, 0x0000000089600000| Untracked 
|  61|0x0000000089700000, 0x0000000089800000, 0x0000000089800000|100%| O|  |TAMS 0x0000000089700000, 0x0000000089700000| Untracked 
|  62|0x0000000089800000, 0x0000000089900000, 0x0000000089900000|100%| O|  |TAMS 0x0000000089800000, 0x0000000089800000| Untracked 
|  63|0x0000000089900000, 0x0000000089a00000, 0x0000000089a00000|100%| O|  |TAMS 0x0000000089900000, 0x0000000089900000| Untracked 
|  64|0x0000000089a00000, 0x0000000089b00000, 0x0000000089b00000|100%| O|  |TAMS 0x0000000089a00000, 0x0000000089a00000| Untracked 
|  65|0x0000000089b00000, 0x0000000089c00000, 0x0000000089c00000|100%| O|  |TAMS 0x0000000089b00000, 0x0000000089b00000| Untracked 
|  66|0x0000000089c00000, 0x0000000089d00000, 0x0000000089d00000|100%| O|  |TAMS 0x0000000089c00000, 0x0000000089c00000| Untracked 
|  67|0x0000000089d00000, 0x0000000089d80000, 0x0000000089e00000| 50%| O|  |TAMS 0x0000000089d00000, 0x0000000089d00000| Untracked 
|  68|0x0000000089e00000, 0x0000000089e00000, 0x0000000089f00000|  0%| F|  |TAMS 0x0000000089e00000, 0x0000000089e00000| Untracked 
|  69|0x0000000089f00000, 0x0000000089f00000, 0x000000008a000000|  0%| F|  |TAMS 0x0000000089f00000, 0x0000000089f00000| Untracked 
|  70|0x000000008a000000, 0x000000008a000000, 0x000000008a100000|  0%| F|  |TAMS 0x000000008a000000, 0x000000008a000000| Untracked 
|  71|0x000000008a100000, 0x000000008a100000, 0x000000008a200000|  0%| F|  |TAMS 0x000000008a100000, 0x000000008a100000| Untracked 
|  72|0x000000008a200000, 0x000000008a200000, 0x000000008a300000|  0%| F|  |TAMS 0x000000008a200000, 0x000000008a200000| Untracked 
|  73|0x000000008a300000, 0x000000008a300000, 0x000000008a400000|  0%| F|  |TAMS 0x000000008a300000, 0x000000008a300000| Untracked 
|  74|0x000000008a400000, 0x000000008a400000, 0x000000008a500000|  0%| F|  |TAMS 0x000000008a400000, 0x000000008a400000| Untracked 
|  75|0x000000008a500000, 0x000000008a500000, 0x000000008a600000|  0%| F|  |TAMS 0x000000008a500000, 0x000000008a500000| Untracked 
|  76|0x000000008a600000, 0x000000008a600000, 0x000000008a700000|  0%| F|  |TAMS 0x000000008a600000, 0x000000008a600000| Untracked 
|  77|0x000000008a700000, 0x000000008a700000, 0x000000008a800000|  0%| F|  |TAMS 0x000000008a700000, 0x000000008a700000| Untracked 
|  78|0x000000008a800000, 0x000000008a800000, 0x000000008a900000|  0%| F|  |TAMS 0x000000008a800000, 0x000000008a800000| Untracked 
|  79|0x000000008a900000, 0x000000008a900000, 0x000000008aa00000|  0%| F|  |TAMS 0x000000008a900000, 0x000000008a900000| Untracked 
|  80|0x000000008aa00000, 0x000000008aa00000, 0x000000008ab00000|  0%| F|  |TAMS 0x000000008aa00000, 0x000000008aa00000| Untracked 
|  81|0x000000008ab00000, 0x000000008ab00000, 0x000000008ac00000|  0%| F|  |TAMS 0x000000008ab00000, 0x000000008ab00000| Untracked 
|  82|0x000000008ac00000, 0x000000008ac00000, 0x000000008ad00000|  0%| F|  |TAMS 0x000000008ac00000, 0x000000008ac00000| Untracked 
|  83|0x000000008ad00000, 0x000000008ad00000, 0x000000008ae00000|  0%| F|  |TAMS 0x000000008ad00000, 0x000000008ad00000| Untracked 
|  84|0x000000008ae00000, 0x000000008ae00000, 0x000000008af00000|  0%| F|  |TAMS 0x000000008ae00000, 0x000000008ae00000| Untracked 
|  85|0x000000008af00000, 0x000000008af00000, 0x000000008b000000|  0%| F|  |TAMS 0x000000008af00000, 0x000000008af00000| Untracked 
|  86|0x000000008b000000, 0x000000008b000000, 0x000000008b100000|  0%| F|  |TAMS 0x000000008b000000, 0x000000008b000000| Untracked 
|  87|0x000000008b100000, 0x000000008b100000, 0x000000008b200000|  0%| F|  |TAMS 0x000000008b100000, 0x000000008b100000| Untracked 
|  88|0x000000008b200000, 0x000000008b200000, 0x000000008b300000|  0%| F|  |TAMS 0x000000008b200000, 0x000000008b200000| Untracked 
|  89|0x000000008b300000, 0x000000008b300000, 0x000000008b400000|  0%| F|  |TAMS 0x000000008b300000, 0x000000008b300000| Untracked 
|  90|0x000000008b400000, 0x000000008b400000, 0x000000008b500000|  0%| F|  |TAMS 0x000000008b400000, 0x000000008b400000| Untracked 
|  91|0x000000008b500000, 0x000000008b500000, 0x000000008b600000|  0%| F|  |TAMS 0x000000008b500000, 0x000000008b500000| Untracked 
|  92|0x000000008b600000, 0x000000008b600000, 0x000000008b700000|  0%| F|  |TAMS 0x000000008b600000, 0x000000008b600000| Untracked 
|  93|0x000000008b700000, 0x000000008b700000, 0x000000008b800000|  0%| F|  |TAMS 0x000000008b700000, 0x000000008b700000| Untracked 
|  94|0x000000008b800000, 0x000000008b800000, 0x000000008b900000|  0%| F|  |TAMS 0x000000008b800000, 0x000000008b800000| Untracked 
|  95|0x000000008b900000, 0x000000008b900000, 0x000000008ba00000|  0%| F|  |TAMS 0x000000008b900000, 0x000000008b900000| Untracked 
|  96|0x000000008ba00000, 0x000000008bb00000, 0x000000008bb00000|100%| E|CS|TAMS 0x000000008ba00000, 0x000000008ba00000| Complete 
|  97|0x000000008bb00000, 0x000000008bc00000, 0x000000008bc00000|100%| E|CS|TAMS 0x000000008bb00000, 0x000000008bb00000| Complete 
|  98|0x000000008bc00000, 0x000000008bd00000, 0x000000008bd00000|100%| E|CS|TAMS 0x000000008bc00000, 0x000000008bc00000| Complete 
|  99|0x000000008bd00000, 0x000000008be00000, 0x000000008be00000|100%| E|CS|TAMS 0x000000008bd00000, 0x000000008bd00000| Complete 
| 100|0x000000008be00000, 0x000000008bf00000, 0x000000008bf00000|100%| E|CS|TAMS 0x000000008be00000, 0x000000008be00000| Complete 
| 101|0x000000008bf00000, 0x000000008c000000, 0x000000008c000000|100%| E|CS|TAMS 0x000000008bf00000, 0x000000008bf00000| Complete 
| 102|0x000000008c000000, 0x000000008c100000, 0x000000008c100000|100%| E|CS|TAMS 0x000000008c000000, 0x000000008c000000| Complete 
| 103|0x000000008c100000, 0x000000008c200000, 0x000000008c200000|100%| E|CS|TAMS 0x000000008c100000, 0x000000008c100000| Complete 
| 104|0x000000008c200000, 0x000000008c300000, 0x000000008c300000|100%| E|CS|TAMS 0x000000008c200000, 0x000000008c200000| Complete 
| 105|0x000000008c300000, 0x000000008c300000, 0x000000008c400000|  0%| F|  |TAMS 0x000000008c300000, 0x000000008c300000| Untracked 
| 106|0x000000008c400000, 0x000000008c400000, 0x000000008c500000|  0%| F|  |TAMS 0x000000008c400000, 0x000000008c400000| Untracked 
| 107|0x000000008c500000, 0x000000008c500000, 0x000000008c600000|  0%| F|  |TAMS 0x000000008c500000, 0x000000008c500000| Untracked 
| 108|0x000000008c600000, 0x000000008c600000, 0x000000008c700000|  0%| F|  |TAMS 0x000000008c600000, 0x000000008c600000| Untracked 
| 109|0x000000008c700000, 0x000000008c700000, 0x000000008c800000|  0%| F|  |TAMS 0x000000008c700000, 0x000000008c700000| Untracked 
| 110|0x000000008c800000, 0x000000008c800000, 0x000000008c900000|  0%| F|  |TAMS 0x000000008c800000, 0x000000008c800000| Untracked 
| 111|0x000000008c900000, 0x000000008c900000, 0x000000008ca00000|  0%| F|  |TAMS 0x000000008c900000, 0x000000008c900000| Untracked 
| 112|0x000000008ca00000, 0x000000008ca00000, 0x000000008cb00000|  0%| F|  |TAMS 0x000000008ca00000, 0x000000008ca00000| Untracked 
| 113|0x000000008cb00000, 0x000000008cb00000, 0x000000008cc00000|  0%| F|  |TAMS 0x000000008cb00000, 0x000000008cb00000| Untracked 
| 114|0x000000008cc00000, 0x000000008cc00000, 0x000000008cd00000|  0%| F|  |TAMS 0x000000008cc00000, 0x000000008cc00000| Untracked 
| 115|0x000000008cd00000, 0x000000008cd00000, 0x000000008ce00000|  0%| F|  |TAMS 0x000000008cd00000, 0x000000008cd00000| Untracked 
| 116|0x000000008ce00000, 0x000000008ce00000, 0x000000008cf00000|  0%| F|  |TAMS 0x000000008ce00000, 0x000000008ce00000| Untracked 
| 117|0x000000008cf00000, 0x000000008cf00000, 0x000000008d000000|  0%| F|  |TAMS 0x000000008cf00000, 0x000000008cf00000| Untracked 
| 118|0x000000008d000000, 0x000000008d000000, 0x000000008d100000|  0%| F|  |TAMS 0x000000008d000000, 0x000000008d000000| Untracked 
| 119|0x000000008d100000, 0x000000008d100000, 0x000000008d200000|  0%| F|  |TAMS 0x000000008d100000, 0x000000008d100000| Untracked 
| 120|0x000000008d200000, 0x000000008d200000, 0x000000008d300000|  0%| F|  |TAMS 0x000000008d200000, 0x000000008d200000| Untracked 
| 121|0x000000008d300000, 0x000000008d300000, 0x000000008d400000|  0%| F|  |TAMS 0x000000008d300000, 0x000000008d300000| Untracked 
| 122|0x000000008d400000, 0x000000008d400000, 0x000000008d500000|  0%| F|  |TAMS 0x000000008d400000, 0x000000008d400000| Untracked 
| 123|0x000000008d500000, 0x000000008d500000, 0x000000008d600000|  0%| F|  |TAMS 0x000000008d500000, 0x000000008d500000| Untracked 
| 124|0x000000008d600000, 0x000000008d600000, 0x000000008d700000|  0%| F|  |TAMS 0x000000008d600000, 0x000000008d600000| Untracked 
| 125|0x000000008d700000, 0x000000008d700000, 0x000000008d800000|  0%| F|  |TAMS 0x000000008d700000, 0x000000008d700000| Untracked 
| 126|0x000000008d800000, 0x000000008d800000, 0x000000008d900000|  0%| F|  |TAMS 0x000000008d800000, 0x000000008d800000| Untracked 
| 127|0x000000008d900000, 0x000000008d900000, 0x000000008da00000|  0%| F|  |TAMS 0x000000008d900000, 0x000000008d900000| Untracked 
| 128|0x000000008da00000, 0x000000008da00000, 0x000000008db00000|  0%| F|  |TAMS 0x000000008da00000, 0x000000008da00000| Untracked 
| 129|0x000000008db00000, 0x000000008db00000, 0x000000008dc00000|  0%| F|  |TAMS 0x000000008db00000, 0x000000008db00000| Untracked 
| 130|0x000000008dc00000, 0x000000008dc00000, 0x000000008dd00000|  0%| F|  |TAMS 0x000000008dc00000, 0x000000008dc00000| Untracked 
| 131|0x000000008dd00000, 0x000000008dd00000, 0x000000008de00000|  0%| F|  |TAMS 0x000000008dd00000, 0x000000008dd00000| Untracked 
| 132|0x000000008de00000, 0x000000008de00000, 0x000000008df00000|  0%| F|  |TAMS 0x000000008de00000, 0x000000008de00000| Untracked 
| 133|0x000000008df00000, 0x000000008df00000, 0x000000008e000000|  0%| F|  |TAMS 0x000000008df00000, 0x000000008df00000| Untracked 
| 134|0x000000008e000000, 0x000000008e000000, 0x000000008e100000|  0%| F|  |TAMS 0x000000008e000000, 0x000000008e000000| Untracked 
| 135|0x000000008e100000, 0x000000008e100000, 0x000000008e200000|  0%| F|  |TAMS 0x000000008e100000, 0x000000008e100000| Untracked 
| 136|0x000000008e200000, 0x000000008e200000, 0x000000008e300000|  0%| F|  |TAMS 0x000000008e200000, 0x000000008e200000| Untracked 
| 137|0x000000008e300000, 0x000000008e300000, 0x000000008e400000|  0%| F|  |TAMS 0x000000008e300000, 0x000000008e300000| Untracked 
| 138|0x000000008e400000, 0x000000008e400000, 0x000000008e500000|  0%| F|  |TAMS 0x000000008e400000, 0x000000008e400000| Untracked 
| 139|0x000000008e500000, 0x000000008e500000, 0x000000008e600000|  0%| F|  |TAMS 0x000000008e500000, 0x000000008e500000| Untracked 
| 140|0x000000008e600000, 0x000000008e600000, 0x000000008e700000|  0%| F|  |TAMS 0x000000008e600000, 0x000000008e600000| Untracked 
| 141|0x000000008e700000, 0x000000008e700000, 0x000000008e800000|  0%| F|  |TAMS 0x000000008e700000, 0x000000008e700000| Untracked 
| 142|0x000000008e800000, 0x000000008e800000, 0x000000008e900000|  0%| F|  |TAMS 0x000000008e800000, 0x000000008e800000| Untracked 
| 143|0x000000008e900000, 0x000000008e900000, 0x000000008ea00000|  0%| F|  |TAMS 0x000000008e900000, 0x000000008e900000| Untracked 
| 144|0x000000008ea00000, 0x000000008ea00000, 0x000000008eb00000|  0%| F|  |TAMS 0x000000008ea00000, 0x000000008ea00000| Untracked 
| 145|0x000000008eb00000, 0x000000008eb00000, 0x000000008ec00000|  0%| F|  |TAMS 0x000000008eb00000, 0x000000008eb00000| Untracked 
| 146|0x000000008ec00000, 0x000000008ec6f2b0, 0x000000008ed00000| 43%| S|  |TAMS 0x000000008ec00000, 0x000000008ec00000| Complete 
| 147|0x000000008ed00000, 0x000000008ee00000, 0x000000008ee00000|100%| S|  |TAMS 0x000000008ed00000, 0x000000008ed00000| Complete 
| 148|0x000000008ee00000, 0x000000008ef00000, 0x000000008ef00000|100%| S|  |TAMS 0x000000008ee00000, 0x000000008ee00000| Complete 
| 149|0x000000008ef00000, 0x000000008f000000, 0x000000008f000000|100%| S|  |TAMS 0x000000008ef00000, 0x000000008ef00000| Complete 
| 150|0x000000008f000000, 0x000000008f100000, 0x000000008f100000|100%| S|  |TAMS 0x000000008f000000, 0x000000008f000000| Complete 
| 151|0x000000008f100000, 0x000000008f200000, 0x000000008f200000|100%| S|  |TAMS 0x000000008f100000, 0x000000008f100000| Complete 
| 152|0x000000008f200000, 0x000000008f300000, 0x000000008f300000|100%| S|  |TAMS 0x000000008f200000, 0x000000008f200000| Complete 
| 153|0x000000008f300000, 0x000000008f400000, 0x000000008f400000|100%| S|  |TAMS 0x000000008f300000, 0x000000008f300000| Complete 
| 154|0x000000008f400000, 0x000000008f500000, 0x000000008f500000|100%| S|  |TAMS 0x000000008f400000, 0x000000008f400000| Complete 
| 155|0x000000008f500000, 0x000000008f600000, 0x000000008f600000|100%| S|  |TAMS 0x000000008f500000, 0x000000008f500000| Complete 
| 156|0x000000008f600000, 0x000000008f700000, 0x000000008f700000|100%| E|CS|TAMS 0x000000008f600000, 0x000000008f600000| Complete 
| 157|0x000000008f700000, 0x000000008f800000, 0x000000008f800000|100%| E|CS|TAMS 0x000000008f700000, 0x000000008f700000| Complete 
| 158|0x000000008f800000, 0x000000008f900000, 0x000000008f900000|100%| E|CS|TAMS 0x000000008f800000, 0x000000008f800000| Complete 
| 159|0x000000008f900000, 0x000000008fa00000, 0x000000008fa00000|100%| E|CS|TAMS 0x000000008f900000, 0x000000008f900000| Complete 
| 160|0x000000008fa00000, 0x000000008fb00000, 0x000000008fb00000|100%| E|CS|TAMS 0x000000008fa00000, 0x000000008fa00000| Complete 
| 161|0x000000008fb00000, 0x000000008fc00000, 0x000000008fc00000|100%| E|CS|TAMS 0x000000008fb00000, 0x000000008fb00000| Complete 
| 162|0x000000008fc00000, 0x000000008fd00000, 0x000000008fd00000|100%| E|CS|TAMS 0x000000008fc00000, 0x000000008fc00000| Complete 
| 163|0x000000008fd00000, 0x000000008fe00000, 0x000000008fe00000|100%| E|CS|TAMS 0x000000008fd00000, 0x000000008fd00000| Complete 
| 164|0x000000008fe00000, 0x000000008ff00000, 0x000000008ff00000|100%| E|CS|TAMS 0x000000008fe00000, 0x000000008fe00000| Complete 
| 165|0x000000008ff00000, 0x0000000090000000, 0x0000000090000000|100%| E|CS|TAMS 0x000000008ff00000, 0x000000008ff00000| Complete 
| 166|0x0000000090000000, 0x0000000090100000, 0x0000000090100000|100%| E|CS|TAMS 0x0000000090000000, 0x0000000090000000| Complete 
| 167|0x0000000090100000, 0x0000000090200000, 0x0000000090200000|100%| E|CS|TAMS 0x0000000090100000, 0x0000000090100000| Complete 
| 168|0x0000000090200000, 0x0000000090300000, 0x0000000090300000|100%| E|CS|TAMS 0x0000000090200000, 0x0000000090200000| Complete 
| 169|0x0000000090300000, 0x0000000090400000, 0x0000000090400000|100%| E|CS|TAMS 0x0000000090300000, 0x0000000090300000| Complete 
| 170|0x0000000090400000, 0x0000000090500000, 0x0000000090500000|100%| E|CS|TAMS 0x0000000090400000, 0x0000000090400000| Complete 
| 171|0x0000000090500000, 0x0000000090600000, 0x0000000090600000|100%| E|CS|TAMS 0x0000000090500000, 0x0000000090500000| Complete 
| 172|0x0000000090600000, 0x0000000090700000, 0x0000000090700000|100%| E|CS|TAMS 0x0000000090600000, 0x0000000090600000| Complete 
| 173|0x0000000090700000, 0x0000000090800000, 0x0000000090800000|100%| E|CS|TAMS 0x0000000090700000, 0x0000000090700000| Complete 
| 174|0x0000000090800000, 0x0000000090900000, 0x0000000090900000|100%| E|CS|TAMS 0x0000000090800000, 0x0000000090800000| Complete 
| 175|0x0000000090900000, 0x0000000090a00000, 0x0000000090a00000|100%| E|CS|TAMS 0x0000000090900000, 0x0000000090900000| Complete 
| 176|0x0000000090a00000, 0x0000000090b00000, 0x0000000090b00000|100%| E|CS|TAMS 0x0000000090a00000, 0x0000000090a00000| Complete 
| 177|0x0000000090b00000, 0x0000000090c00000, 0x0000000090c00000|100%| E|CS|TAMS 0x0000000090b00000, 0x0000000090b00000| Complete 
| 178|0x0000000090c00000, 0x0000000090d00000, 0x0000000090d00000|100%| E|CS|TAMS 0x0000000090c00000, 0x0000000090c00000| Complete 
| 179|0x0000000090d00000, 0x0000000090e00000, 0x0000000090e00000|100%| E|CS|TAMS 0x0000000090d00000, 0x0000000090d00000| Complete 
| 180|0x0000000090e00000, 0x0000000090f00000, 0x0000000090f00000|100%| E|CS|TAMS 0x0000000090e00000, 0x0000000090e00000| Complete 
| 181|0x0000000090f00000, 0x0000000091000000, 0x0000000091000000|100%| E|CS|TAMS 0x0000000090f00000, 0x0000000090f00000| Complete 
| 182|0x0000000091000000, 0x0000000091100000, 0x0000000091100000|100%| E|CS|TAMS 0x0000000091000000, 0x0000000091000000| Complete 
| 183|0x0000000091100000, 0x0000000091200000, 0x0000000091200000|100%| E|CS|TAMS 0x0000000091100000, 0x0000000091100000| Complete 
| 184|0x0000000091200000, 0x0000000091300000, 0x0000000091300000|100%| E|CS|TAMS 0x0000000091200000, 0x0000000091200000| Complete 
| 185|0x0000000091300000, 0x0000000091400000, 0x0000000091400000|100%| E|CS|TAMS 0x0000000091300000, 0x0000000091300000| Complete 
| 186|0x0000000091400000, 0x0000000091500000, 0x0000000091500000|100%| E|CS|TAMS 0x0000000091400000, 0x0000000091400000| Complete 
| 187|0x0000000091500000, 0x0000000091600000, 0x0000000091600000|100%| E|CS|TAMS 0x0000000091500000, 0x0000000091500000| Complete 
| 188|0x0000000091600000, 0x0000000091700000, 0x0000000091700000|100%| E|CS|TAMS 0x0000000091600000, 0x0000000091600000| Complete 
| 189|0x0000000091700000, 0x0000000091800000, 0x0000000091800000|100%| E|CS|TAMS 0x0000000091700000, 0x0000000091700000| Complete 
| 190|0x0000000091800000, 0x0000000091900000, 0x0000000091900000|100%| E|CS|TAMS 0x0000000091800000, 0x0000000091800000| Complete 
| 191|0x0000000091900000, 0x0000000091a00000, 0x0000000091a00000|100%| E|CS|TAMS 0x0000000091900000, 0x0000000091900000| Complete 
| 192|0x0000000091a00000, 0x0000000091b00000, 0x0000000091b00000|100%| E|CS|TAMS 0x0000000091a00000, 0x0000000091a00000| Complete 
| 193|0x0000000091b00000, 0x0000000091c00000, 0x0000000091c00000|100%| E|CS|TAMS 0x0000000091b00000, 0x0000000091b00000| Complete 
| 194|0x0000000091c00000, 0x0000000091d00000, 0x0000000091d00000|100%| E|CS|TAMS 0x0000000091c00000, 0x0000000091c00000| Complete 
| 195|0x0000000091d00000, 0x0000000091e00000, 0x0000000091e00000|100%| E|CS|TAMS 0x0000000091d00000, 0x0000000091d00000| Complete 
| 196|0x0000000091e00000, 0x0000000091f00000, 0x0000000091f00000|100%| E|CS|TAMS 0x0000000091e00000, 0x0000000091e00000| Complete 
| 197|0x0000000091f00000, 0x0000000092000000, 0x0000000092000000|100%| E|CS|TAMS 0x0000000091f00000, 0x0000000091f00000| Complete 
| 198|0x0000000092000000, 0x0000000092100000, 0x0000000092100000|100%| E|CS|TAMS 0x0000000092000000, 0x0000000092000000| Complete 
| 199|0x0000000092100000, 0x0000000092200000, 0x0000000092200000|100%| E|CS|TAMS 0x0000000092100000, 0x0000000092100000| Complete 
| 200|0x0000000092200000, 0x0000000092300000, 0x0000000092300000|100%| E|CS|TAMS 0x0000000092200000, 0x0000000092200000| Complete 
| 201|0x0000000092300000, 0x0000000092400000, 0x0000000092400000|100%| E|CS|TAMS 0x0000000092300000, 0x0000000092300000| Complete 
| 202|0x0000000092400000, 0x0000000092500000, 0x0000000092500000|100%| E|CS|TAMS 0x0000000092400000, 0x0000000092400000| Complete 
| 203|0x0000000092500000, 0x0000000092600000, 0x0000000092600000|100%| E|CS|TAMS 0x0000000092500000, 0x0000000092500000| Complete 
| 204|0x0000000092600000, 0x0000000092700000, 0x0000000092700000|100%| E|CS|TAMS 0x0000000092600000, 0x0000000092600000| Complete 
| 205|0x0000000092700000, 0x0000000092800000, 0x0000000092800000|100%| E|CS|TAMS 0x0000000092700000, 0x0000000092700000| Complete 
| 206|0x0000000092800000, 0x0000000092900000, 0x0000000092900000|100%| E|CS|TAMS 0x0000000092800000, 0x0000000092800000| Complete 
| 207|0x0000000092900000, 0x0000000092a00000, 0x0000000092a00000|100%| E|CS|TAMS 0x0000000092900000, 0x0000000092900000| Complete 
| 208|0x0000000092a00000, 0x0000000092b00000, 0x0000000092b00000|100%| E|CS|TAMS 0x0000000092a00000, 0x0000000092a00000| Complete 
| 209|0x0000000092b00000, 0x0000000092c00000, 0x0000000092c00000|100%| E|CS|TAMS 0x0000000092b00000, 0x0000000092b00000| Complete 
| 210|0x0000000092c00000, 0x0000000092d00000, 0x0000000092d00000|100%| E|CS|TAMS 0x0000000092c00000, 0x0000000092c00000| Complete 
| 211|0x0000000092d00000, 0x0000000092e00000, 0x0000000092e00000|100%| E|CS|TAMS 0x0000000092d00000, 0x0000000092d00000| Complete 
| 212|0x0000000092e00000, 0x0000000092f00000, 0x0000000092f00000|100%| E|CS|TAMS 0x0000000092e00000, 0x0000000092e00000| Complete 
| 213|0x0000000092f00000, 0x0000000093000000, 0x0000000093000000|100%| E|CS|TAMS 0x0000000092f00000, 0x0000000092f00000| Complete 
| 214|0x0000000093000000, 0x0000000093100000, 0x0000000093100000|100%| E|CS|TAMS 0x0000000093000000, 0x0000000093000000| Complete 
| 215|0x0000000093100000, 0x0000000093200000, 0x0000000093200000|100%| E|CS|TAMS 0x0000000093100000, 0x0000000093100000| Complete 
| 216|0x0000000093200000, 0x0000000093300000, 0x0000000093300000|100%| E|CS|TAMS 0x0000000093200000, 0x0000000093200000| Complete 
| 217|0x0000000093300000, 0x0000000093400000, 0x0000000093400000|100%| E|CS|TAMS 0x0000000093300000, 0x0000000093300000| Complete 
| 218|0x0000000093400000, 0x0000000093500000, 0x0000000093500000|100%| E|CS|TAMS 0x0000000093400000, 0x0000000093400000| Complete 
| 219|0x0000000093500000, 0x0000000093600000, 0x0000000093600000|100%| E|CS|TAMS 0x0000000093500000, 0x0000000093500000| Complete 
| 220|0x0000000093600000, 0x0000000093700000, 0x0000000093700000|100%| E|CS|TAMS 0x0000000093600000, 0x0000000093600000| Complete 
| 221|0x0000000093700000, 0x0000000093800000, 0x0000000093800000|100%| E|CS|TAMS 0x0000000093700000, 0x0000000093700000| Complete 
| 222|0x0000000093800000, 0x0000000093900000, 0x0000000093900000|100%| E|CS|TAMS 0x0000000093800000, 0x0000000093800000| Complete 
| 223|0x0000000093900000, 0x0000000093a00000, 0x0000000093a00000|100%| E|CS|TAMS 0x0000000093900000, 0x0000000093900000| Complete 
| 224|0x0000000093a00000, 0x0000000093b00000, 0x0000000093b00000|100%| E|CS|TAMS 0x0000000093a00000, 0x0000000093a00000| Complete 
| 225|0x0000000093b00000, 0x0000000093c00000, 0x0000000093c00000|100%| E|CS|TAMS 0x0000000093b00000, 0x0000000093b00000| Complete 
| 226|0x0000000093c00000, 0x0000000093d00000, 0x0000000093d00000|100%| E|CS|TAMS 0x0000000093c00000, 0x0000000093c00000| Complete 
| 227|0x0000000093d00000, 0x0000000093e00000, 0x0000000093e00000|100%| E|CS|TAMS 0x0000000093d00000, 0x0000000093d00000| Complete 
| 228|0x0000000093e00000, 0x0000000093f00000, 0x0000000093f00000|100%| E|CS|TAMS 0x0000000093e00000, 0x0000000093e00000| Complete 
| 229|0x0000000093f00000, 0x0000000094000000, 0x0000000094000000|100%| E|CS|TAMS 0x0000000093f00000, 0x0000000093f00000| Complete 
| 230|0x0000000094000000, 0x0000000094100000, 0x0000000094100000|100%| E|CS|TAMS 0x0000000094000000, 0x0000000094000000| Complete 
| 231|0x0000000094100000, 0x0000000094200000, 0x0000000094200000|100%| E|CS|TAMS 0x0000000094100000, 0x0000000094100000| Complete 
| 232|0x0000000094200000, 0x0000000094300000, 0x0000000094300000|100%| E|CS|TAMS 0x0000000094200000, 0x0000000094200000| Complete 
|1956|0x00000000ffe00000, 0x00000000ffe48000, 0x00000000fff00000| 28%|OA|  |TAMS 0x00000000ffe00000, 0x00000000ffe00000| Untracked 
|1957|0x00000000fff00000, 0x00000000fff6c000, 0x0000000100000000| 42%|CA|  |TAMS 0x00000000fff00000, 0x00000000fff00000| Untracked 

Card table byte_map: [0x00007fe352f78000,0x00007fe35334b000] _byte_map_base: 0x00007fe352b4b000

Marking Bits (Prev, Next): (CMBitMap*) 0x00007fe34c0560d8, (CMBitMap*) 0x00007fe34c056110
 Prev Bits: [0x00007fe350d0d000, 0x00007fe352ba5000)
 Next Bits: [0x00007fe32e168000, 0x00007fe330000000)

Polling page: 0x00007fe353e2d000

Metaspace:

Usage:
  Non-class:     13.63 MB capacity,    13.09 MB ( 96%) used,   465.81 KB (  3%) free+waste,    81.19 KB ( <1%) overhead. 
      Class:      1.97 MB capacity,     1.63 MB ( 83%) used,   303.19 KB ( 15%) free+waste,    41.12 KB (  2%) overhead. 
       Both:     15.60 MB capacity,    14.73 MB ( 94%) used,   769.00 KB (  5%) free+waste,   122.31 KB ( <1%) overhead. 

Virtual space:
  Non-class space:       14.00 MB reserved,      13.75 MB ( 98%) committed 
      Class space:        1.00 GB reserved,       2.00 MB ( <1%) committed 
             Both:        1.01 GB reserved,      15.75 MB (  2%) committed 

Chunk freelists:
   Non-Class:  52.00 KB
       Class:  1.00 KB
        Both:  53.00 KB

MaxMetaspaceSize: unlimited
CompressedClassSpaceSize: 1.00 GB
Initial GC threshold: 20.80 MB
Current GC threshold: 20.80 MB
CDS: on

CodeHeap 'non-profiled nmethods': size=120032Kb used=1862Kb max_used=1862Kb free=118169Kb
 bounds [0x00007fe33c2b9000, 0x00007fe33c529000, 0x00007fe3437f1000]
CodeHeap 'profiled nmethods': size=120032Kb used=8367Kb max_used=8367Kb free=111664Kb
 bounds [0x00007fe334d81000, 0x00007fe3355b1000, 0x00007fe33c2b9000]
CodeHeap 'non-nmethods': size=5696Kb used=1197Kb max_used=1247Kb free=4498Kb
 bounds [0x00007fe3347f1000, 0x00007fe334a61000, 0x00007fe334d81000]
 total_blobs=4093 nmethods=3629 adapters=377
 compilation: enabled
              stopped_count=0, restarted_count=0
 full_count=0

Compilation events (20 events):
Event: 5.092 Thread 0x00007fe34c183800 3632       3       org.codehaus.plexus.interpolation.reflection.ReflectionValueExtractor::evaluate (242 bytes)
Event: 5.096 Thread 0x00007fe34c183800 nmethod 3632 0x00007fe3355a3f90 code [0x00007fe3355a4520, 0x00007fe3355a6ff0]
Event: 5.096 Thread 0x00007fe34c183800 3631   !   3       org.codehaus.plexus.interpolation.ObjectBasedValueSource::getValue (66 bytes)
Event: 5.097 Thread 0x00007fe30032d000 nmethod 3629 0x00007fe33c489010 code [0x00007fe33c4891c0, 0x00007fe33c4895d8]
Event: 5.097 Thread 0x00007fe30032d000 3638       4       java.util.regex.Pattern::closure (365 bytes)
Event: 5.098 Thread 0x00007fe34c183800 nmethod 3631 0x00007fe3355a7f10 code [0x00007fe3355a8240, 0x00007fe3355a9420]
Event: 5.099 Thread 0x00007fe34c183800 3639       1       org.apache.maven.model.ActivationOS::getFamily (5 bytes)
Event: 5.099 Thread 0x00007fe34c183800 nmethod 3639 0x00007fe33c489710 code [0x00007fe33c4898c0, 0x00007fe33c489990]
Event: 5.099 Thread 0x00007fe34c183800 3643       1       org.apache.maven.model.ActivationOS::getArch (5 bytes)
Event: 5.099 Thread 0x00007fe34c183800 nmethod 3643 0x00007fe33c489a10 code [0x00007fe33c489bc0, 0x00007fe33c489c90]
Event: 5.099 Thread 0x00007fe34c183800 3644       3       org.eclipse.aether.internal.impl.collect.DataPool$GoodDescriptor::<init> (53 bytes)
Event: 5.100 Thread 0x00007fe34c183800 nmethod 3644 0x00007fe3355a9a90 code [0x00007fe3355a9c80, 0x00007fe3355aa110]
Event: 5.100 Thread 0x00007fe34c183800 3645       3       org.apache.maven.repository.internal.DefaultArtifactDescriptorReader::readArtifactDescriptor (73 bytes)
Event: 5.101 Thread 0x00007fe34c183800 nmethod 3645 0x00007fe3355aa210 code [0x00007fe3355aa440, 0x00007fe3355aaba0]
Event: 5.104 Thread 0x00007fe34c183800 3648       3       org.apache.maven.model.interpolation.StringVisitorModelInterpolator$ModelVisitor::visit (89 bytes)
Event: 5.105 Thread 0x00007fe34c183800 nmethod 3648 0x00007fe3355aaf10 code [0x00007fe3355ab160, 0x00007fe3355ab9d0]
Event: 5.105 Thread 0x00007fe34c183800 3649       3       org.apache.maven.model.interpolation.StringVisitorModelInterpolator$ModelVisitor::visit (89 bytes)
Event: 5.106 Thread 0x00007fe34c183800 nmethod 3649 0x00007fe3355abc90 code [0x00007fe3355abf40, 0x00007fe3355acb90]
Event: 5.108 Thread 0x00007fe34c181800 nmethod 3628 0x00007fe33c489d10 code [0x00007fe33c489ee0, 0x00007fe33c48a578]
Event: 5.108 Thread 0x00007fe34c181800 3646 %     4       org.codehaus.plexus.util.xml.pull.MXParser::parseAttribute @ 723 (1641 bytes)

GC Heap History (19 events):
Event: 0.804 GC heap before
{Heap before GC invocations=0 (full 0):
 garbage-first heap   total 129024K, used 16080K [0x0000000085a00000, 0x0000000100000000)
  region size 1024K, 14 young (14336K), 0 survivors (0K)
 Metaspace       used 1292K, capacity 4860K, committed 5120K, reserved 1056768K
  class space    used 112K, capacity 453K, committed 512K, reserved 1048576K
}
Event: 0.826 GC heap after
{Heap after GC invocations=1 (full 0):
 garbage-first heap   total 129024K, used 7355K [0x0000000085a00000, 0x0000000100000000)
  region size 1024K, 2 young (2048K), 2 survivors (2048K)
 Metaspace       used 1292K, capacity 4860K, committed 5120K, reserved 1056768K
  class space    used 112K, capacity 453K, committed 512K, reserved 1048576K
}
Event: 0.986 GC heap before
{Heap before GC invocations=1 (full 0):
 garbage-first heap   total 129024K, used 14523K [0x0000000085a00000, 0x0000000100000000)
  region size 1024K, 9 young (9216K), 2 survivors (2048K)
 Metaspace       used 1347K, capacity 4860K, committed 5120K, reserved 1056768K
  class space    used 112K, capacity 453K, committed 512K, reserved 1048576K
}
Event: 0.998 GC heap after
{Heap after GC invocations=2 (full 0):
 garbage-first heap   total 129024K, used 13621K [0x0000000085a00000, 0x0000000100000000)
  region size 1024K, 2 young (2048K), 2 survivors (2048K)
 Metaspace       used 1347K, capacity 4860K, committed 5120K, reserved 1056768K
  class space    used 112K, capacity 453K, committed 512K, reserved 1048576K
}
Event: 1.326 GC heap before
{Heap before GC invocations=2 (full 0):
 garbage-first heap   total 129024K, used 28981K [0x0000000085a00000, 0x0000000100000000)
  region size 1024K, 18 young (18432K), 2 survivors (2048K)
 Metaspace       used 2864K, capacity 5705K, committed 5760K, reserved 1056768K
  class space    used 296K, capacity 587K, committed 640K, reserved 1048576K
}
Event: 1.331 GC heap after
{Heap after GC invocations=3 (full 0):
 garbage-first heap   total 129024K, used 19152K [0x0000000085a00000, 0x0000000100000000)
  region size 1024K, 3 young (3072K), 3 survivors (3072K)
 Metaspace       used 2864K, capacity 5705K, committed 5760K, reserved 1056768K
  class space    used 296K, capacity 587K, committed 640K, reserved 1048576K
}
Event: 1.867 GC heap before
{Heap before GC invocations=3 (full 0):
 garbage-first heap   total 129024K, used 43728K [0x0000000085a00000, 0x0000000100000000)
  region size 1024K, 28 young (28672K), 3 survivors (3072K)
 Metaspace       used 5923K, capacity 7778K, committed 7936K, reserved 1056768K
  class space    used 709K, capacity 990K, committed 1024K, reserved 1048576K
}
Event: 1.877 GC heap after
{Heap after GC invocations=4 (full 0):
 garbage-first heap   total 129024K, used 20193K [0x0000000085a00000, 0x0000000100000000)
  region size 1024K, 1 young (1024K), 1 survivors (1024K)
 Metaspace       used 5923K, capacity 7778K, committed 7936K, reserved 1056768K
  class space    used 709K, capacity 990K, committed 1024K, reserved 1048576K
}
Event: 2.603 GC heap before
{Heap before GC invocations=4 (full 0):
 garbage-first heap   total 129024K, used 60129K [0x0000000085a00000, 0x0000000100000000)
  region size 1024K, 40 young (40960K), 1 survivors (1024K)
 Metaspace       used 10883K, capacity 11658K, committed 11904K, reserved 1058816K
  class space    used 1319K, capacity 1647K, committed 1664K, reserved 1048576K
}
Event: 2.611 GC heap after
{Heap after GC invocations=5 (full 0):
 garbage-first heap   total 168960K, used 21966K [0x0000000085a00000, 0x0000000100000000)
  region size 1024K, 3 young (3072K), 3 survivors (3072K)
 Metaspace       used 10883K, capacity 11658K, committed 11904K, reserved 1058816K
  class space    used 1319K, capacity 1647K, committed 1664K, reserved 1048576K
}
Event: 3.381 GC heap before
{Heap before GC invocations=5 (full 0):
 garbage-first heap   total 168960K, used 82382K [0x0000000085a00000, 0x0000000100000000)
  region size 1024K, 62 young (63488K), 3 survivors (3072K)
 Metaspace       used 13848K, capacity 14656K, committed 14848K, reserved 1062912K
  class space    used 1644K, capacity 1966K, committed 2048K, reserved 1048576K
}
Event: 3.397 GC heap after
{Heap after GC invocations=6 (full 0):
 garbage-first heap   total 168960K, used 29239K [0x0000000085a00000, 0x0000000100000000)
  region size 1024K, 8 young (8192K), 8 survivors (8192K)
 Metaspace       used 13848K, capacity 14656K, committed 14848K, reserved 1062912K
  class space    used 1644K, capacity 1966K, committed 2048K, reserved 1048576K
}
Event: 3.934 GC heap before
{Heap before GC invocations=6 (full 0):
 garbage-first heap   total 168960K, used 102967K [0x0000000085a00000, 0x0000000100000000)
  region size 1024K, 80 young (81920K), 8 survivors (8192K)
 Metaspace       used 14216K, capacity 15009K, committed 15360K, reserved 1062912K
  class space    used 1648K, capacity 1974K, committed 2048K, reserved 1048576K
}
Event: 3.965 GC heap after
{Heap after GC invocations=7 (full 0):
 garbage-first heap   total 168960K, used 42036K [0x0000000085a00000, 0x0000000100000000)
  region size 1024K, 10 young (10240K), 10 survivors (10240K)
 Metaspace       used 14216K, capacity 15009K, committed 15360K, reserved 1062912K
  class space    used 1648K, capacity 1974K, committed 2048K, reserved 1048576K
}
Event: 4.282 GC heap before
{Heap before GC invocations=7 (full 0):
 garbage-first heap   total 168960K, used 113716K [0x0000000085a00000, 0x0000000100000000)
  region size 1024K, 80 young (81920K), 10 survivors (10240K)
 Metaspace       used 14406K, capacity 15267K, committed 15616K, reserved 1062912K
  class space    used 1651K, capacity 1974K, committed 2048K, reserved 1048576K
}
Event: 4.316 GC heap after
{Heap after GC invocations=8 (full 0):
 garbage-first heap   total 168960K, used 59495K [0x0000000085a00000, 0x0000000100000000)
  region size 1024K, 10 young (10240K), 10 survivors (10240K)
 Metaspace       used 14406K, capacity 15267K, committed 15616K, reserved 1062912K
  class space    used 1651K, capacity 1974K, committed 2048K, reserved 1048576K
}
Event: 4.659 GC heap before
{Heap before GC invocations=8 (full 0):
 garbage-first heap   total 168960K, used 118887K [0x0000000085a00000, 0x0000000100000000)
  region size 1024K, 68 young (69632K), 10 survivors (10240K)
 Metaspace       used 14654K, capacity 15410K, committed 15616K, reserved 1062912K
  class space    used 1655K, capacity 1979K, committed 2048K, reserved 1048576K
}
Event: 4.690 GC heap after
{Heap after GC invocations=9 (full 0):
 garbage-first heap   total 240640K, used 69840K [0x0000000085a00000, 0x0000000100000000)
  region size 1024K, 9 young (9216K), 9 survivors (9216K)
 Metaspace       used 14654K, capacity 15410K, committed 15616K, reserved 1062912K
  class space    used 1655K, capacity 1979K, committed 2048K, reserved 1048576K
}
Event: 5.112 GC heap before
{Heap before GC invocations=9 (full 0):
 garbage-first heap   total 240640K, used 148688K [0x0000000085a00000, 0x0000000100000000)
  region size 1024K, 86 young (88064K), 9 survivors (9216K)
 Metaspace       used 15079K, capacity 15971K, committed 16128K, reserved 1062912K
  class space    used 1670K, capacity 2015K, committed 2048K, reserved 1048576K
}

Deoptimization events (20 events):
Event: 5.025 Thread 0x00007fe34c016000 DEOPT PACKING pc=0x00007fe33c478cf4 sp=0x00007fe353f6b820
Event: 5.025 Thread 0x00007fe34c016000 DEOPT UNPACKING pc=0x00007fe33483aea5 sp=0x00007fe353f6b7b0 mode 2
Event: 5.045 Thread 0x00007fe34c016000 Uncommon trap: trap_request=0xffffffbe fr.pc=0x00007fe33c481d48 relative=0x0000000000000388
Event: 5.045 Thread 0x00007fe34c016000 Uncommon trap: reason=profile_predicate action=maybe_recompile pc=0x00007fe33c481d48 method=java.util.regex.Pattern$Slice.match(Ljava/util/regex/Matcher;ILjava/lang/CharSequence;)Z @ 18 c2
Event: 5.045 Thread 0x00007fe34c016000 DEOPT PACKING pc=0x00007fe33c481d48 sp=0x00007fe353f6c860
Event: 5.045 Thread 0x00007fe34c016000 DEOPT UNPACKING pc=0x00007fe33483aea5 sp=0x00007fe353f6c810 mode 2
Event: 5.045 Thread 0x00007fe34c016000 Uncommon trap: trap_request=0xffffffbe fr.pc=0x00007fe33c481d48 relative=0x0000000000000388
Event: 5.045 Thread 0x00007fe34c016000 Uncommon trap: reason=profile_predicate action=maybe_recompile pc=0x00007fe33c481d48 method=java.util.regex.Pattern$Slice.match(Ljava/util/regex/Matcher;ILjava/lang/CharSequence;)Z @ 18 c2
Event: 5.045 Thread 0x00007fe34c016000 DEOPT PACKING pc=0x00007fe33c481d48 sp=0x00007fe353f6c860
Event: 5.045 Thread 0x00007fe34c016000 DEOPT UNPACKING pc=0x00007fe33483aea5 sp=0x00007fe353f6c810 mode 2
Event: 5.045 Thread 0x00007fe34c016000 Uncommon trap: trap_request=0xffffffbe fr.pc=0x00007fe33c481d48 relative=0x0000000000000388
Event: 5.045 Thread 0x00007fe34c016000 Uncommon trap: reason=profile_predicate action=maybe_recompile pc=0x00007fe33c481d48 method=java.util.regex.Pattern$Slice.match(Ljava/util/regex/Matcher;ILjava/lang/CharSequence;)Z @ 18 c2
Event: 5.045 Thread 0x00007fe34c016000 DEOPT PACKING pc=0x00007fe33c481d48 sp=0x00007fe353f6c860
Event: 5.045 Thread 0x00007fe34c016000 DEOPT UNPACKING pc=0x00007fe33483aea5 sp=0x00007fe353f6c810 mode 2
Event: 5.045 Thread 0x00007fe34c016000 Uncommon trap: trap_request=0xffffffbe fr.pc=0x00007fe33c481d48 relative=0x0000000000000388
Event: 5.045 Thread 0x00007fe34c016000 Uncommon trap: reason=profile_predicate action=maybe_recompile pc=0x00007fe33c481d48 method=java.util.regex.Pattern$Slice.match(Ljava/util/regex/Matcher;ILjava/lang/CharSequence;)Z @ 18 c2
Event: 5.045 Thread 0x00007fe34c016000 DEOPT PACKING pc=0x00007fe33c481d48 sp=0x00007fe353f6c860
Event: 5.045 Thread 0x00007fe34c016000 DEOPT UNPACKING pc=0x00007fe33483aea5 sp=0x00007fe353f6c810 mode 2
Event: 5.072 Thread 0x00007fe34c016000 DEOPT PACKING pc=0x00007fe33530e00b sp=0x00007fe353f6bac0
Event: 5.072 Thread 0x00007fe34c016000 DEOPT UNPACKING pc=0x00007fe33483b64a sp=0x00007fe353f6b030 mode 0

Classes redefined (0 events):
No events

Internal exceptions (20 events):
Event: 2.481 Thread 0x00007fe34c016000 Exception <a 'java/security/PrivilegedActionException'{0x000000008b885598}> (0x000000008b885598) thrown at [src/hotspot/share/prims/jvm.cpp, line 1304]
Event: 2.481 Thread 0x00007fe34c016000 Exception <a 'java/security/PrivilegedActionException'{0x000000008b885db8}> (0x000000008b885db8) thrown at [src/hotspot/share/prims/jvm.cpp, line 1304]
Event: 2.483 Thread 0x00007fe34c016000 Exception <a 'java/security/PrivilegedActionException'{0x000000008b8a38d8}> (0x000000008b8a38d8) thrown at [src/hotspot/share/prims/jvm.cpp, line 1304]
Event: 2.483 Thread 0x00007fe34c016000 Exception <a 'java/security/PrivilegedActionException'{0x000000008b8a40f8}> (0x000000008b8a40f8) thrown at [src/hotspot/share/prims/jvm.cpp, line 1304]
Event: 2.486 Thread 0x00007fe34c016000 Exception <a 'java/security/PrivilegedActionException'{0x000000008b8b1930}> (0x000000008b8b1930) thrown at [src/hotspot/share/prims/jvm.cpp, line 1304]
Event: 2.486 Thread 0x00007fe34c016000 Exception <a 'java/security/PrivilegedActionException'{0x000000008b8b2150}> (0x000000008b8b2150) thrown at [src/hotspot/share/prims/jvm.cpp, line 1304]
Event: 2.487 Thread 0x00007fe34c016000 Exception <a 'java/security/PrivilegedActionException'{0x000000008b8b78f0}> (0x000000008b8b78f0) thrown at [src/hotspot/share/prims/jvm.cpp, line 1304]
Event: 2.487 Thread 0x00007fe34c016000 Exception <a 'java/security/PrivilegedActionException'{0x000000008b8b8110}> (0x000000008b8b8110) thrown at [src/hotspot/share/prims/jvm.cpp, line 1304]
Event: 2.488 Thread 0x00007fe34c016000 Exception <a 'java/security/PrivilegedActionException'{0x000000008b8c6fb8}> (0x000000008b8c6fb8) thrown at [src/hotspot/share/prims/jvm.cpp, line 1304]
Event: 2.488 Thread 0x00007fe34c016000 Exception <a 'java/security/PrivilegedActionException'{0x000000008b8c77d8}> (0x000000008b8c77d8) thrown at [src/hotspot/share/prims/jvm.cpp, line 1304]
Event: 2.490 Thread 0x00007fe34c016000 Exception <a 'java/security/PrivilegedActionException'{0x000000008b8fe078}> (0x000000008b8fe078) thrown at [src/hotspot/share/prims/jvm.cpp, line 1304]
Event: 2.490 Thread 0x00007fe34c016000 Exception <a 'java/security/PrivilegedActionException'{0x000000008b8fe898}> (0x000000008b8fe898) thrown at [src/hotspot/share/prims/jvm.cpp, line 1304]
Event: 2.492 Thread 0x00007fe34c016000 Exception <a 'java/security/PrivilegedActionException'{0x000000008b712d48}> (0x000000008b712d48) thrown at [src/hotspot/share/prims/jvm.cpp, line 1304]
Event: 2.492 Thread 0x00007fe34c016000 Exception <a 'java/security/PrivilegedActionException'{0x000000008b713568}> (0x000000008b713568) thrown at [src/hotspot/share/prims/jvm.cpp, line 1304]
Event: 2.494 Thread 0x00007fe34c016000 Exception <a 'java/security/PrivilegedActionException'{0x000000008b71b5d8}> (0x000000008b71b5d8) thrown at [src/hotspot/share/prims/jvm.cpp, line 1304]
Event: 2.494 Thread 0x00007fe34c016000 Exception <a 'java/security/PrivilegedActionException'{0x000000008b71bdf8}> (0x000000008b71bdf8) thrown at [src/hotspot/share/prims/jvm.cpp, line 1304]
Event: 2.881 Thread 0x00007fe34c016000 Exception <a 'java/lang/NoSuchMethodError'{0x000000008e9106a0}: 'java.lang.Object java.lang.invoke.DirectMethodHandle$Holder.invokeStatic(java.lang.Object, java.lang.Object, java.lang.Object, java.lang.Object, java.lang.Object, java.lang.Object, java.lang.Object, java.lang.Object, java.lang.Object, java.lang.Object, java.lang.Object, java.lang.Object, java.lang.Object, java.lang.Object, java.lang.Object)'> (0x000000008e9106a0) thrown at [src/hotspot/share/interpreter/linkResolver.cpp, line 772]
Event: 2.883 Thread 0x00007fe34c016000 Exception <a 'java/lang/NoSuchMethodError'{0x000000008e91ed18}: 'java.lang.Object java.lang.invoke.DirectMethodHandle$Holder.invokeStatic(java.lang.Object, java.lang.Object, java.lang.Object, java.lang.Object, java.lang.Object, java.lang.Object, java.lang.Object, java.lang.Object, java.lang.Object, java.lang.Object, java.lang.Object, java.lang.Object, java.lang.Object, java.lang.Object, java.lang.Object, java.lang.Object)'> (0x000000008e91ed18) thrown at [src/hotspot/share/interpreter/linkResolver.cpp, lin
Event: 2.888 Thread 0x00007fe34c016000 Exception <a 'java/lang/NoSuchMethodError'{0x000000008e92cee0}: 'java.lang.Object java.lang.invoke.DirectMethodHandle$Holder.invokeSpecial(java.lang.Object, java.lang.Object, int, int, java.lang.Object, java.lang.Object, java.lang.Object, java.lang.Object)'> (0x000000008e92cee0) thrown at [src/hotspot/share/interpreter/linkResolver.cpp, line 772]
Event: 2.888 Thread 0x00007fe34c016000 Exception <a 'java/lang/NoSuchMethodError'{0x000000008e9308c0}: 'java.lang.Object java.lang.invoke.DelegatingMethodHandle$Holder.reinvoke_L(java.lang.Object, int, int, java.lang.Object, java.lang.Object, java.lang.Object, java.lang.Object)'> (0x000000008e9308c0) thrown at [src/hotspot/share/interpreter/linkResolver.cpp, line 772]

Events (20 events):
Event: 4.956 loading class org/eclipse/aether/impl/UpdateCheck done
Event: 4.956 loading class org/apache/commons/lang3/StringUtils
Event: 4.956 loading class org/apache/commons/lang3/StringUtils done
Event: 4.960 loading class java/lang/Character$UnicodeBlock
Event: 4.960 loading class java/lang/Character$Subset
Event: 4.960 loading class java/lang/Character$Subset done
Event: 4.960 loading class java/lang/Character$UnicodeBlock done
Event: 4.963 loading class org/eclipse/aether/repository/AuthenticationDigest
Event: 4.963 loading class org/eclipse/aether/repository/AuthenticationDigest done
Event: 4.964 loading class org/apache/maven/artifact/repository/metadata/Versioning
Event: 4.964 loading class org/apache/maven/artifact/repository/metadata/Versioning done
Event: 4.965 loading class org/apache/maven/artifact/repository/metadata/io/xpp3/MetadataXpp3Reader
Event: 4.965 loading class org/apache/maven/artifact/repository/metadata/io/xpp3/MetadataXpp3Reader done
Event: 4.966 loading class org/apache/maven/artifact/repository/metadata/io/xpp3/MetadataXpp3Reader$ContentTransformer
Event: 4.966 loading class org/apache/maven/artifact/repository/metadata/io/xpp3/MetadataXpp3Reader$ContentTransformer done
Event: 4.967 loading class org/apache/maven/artifact/repository/metadata/io/xpp3/MetadataXpp3Reader$1
Event: 4.967 loading class org/apache/maven/artifact/repository/metadata/io/xpp3/MetadataXpp3Reader$1 done
Event: 4.967 loading class org/apache/maven/artifact/repository/metadata/Metadata
Event: 4.967 loading class org/apache/maven/artifact/repository/metadata/Metadata done
Event: 5.112 Executing VM operation: G1CollectForAllocation


Dynamic libraries:
85a00000-94300000 rw-p 00000000 00:00 0 
94300000-ffe00000 ---p 00000000 00:00 0 
ffe00000-ffe48000 rw-p 00b13000 08:05 6425680                            /usr/lib/jvm/java-11-openjdk-amd64/lib/server/classes.jsa
ffe48000-fff00000 rw-p 00000000 00:00 0 
fff00000-fff6c000 rw-p 00aa7000 08:05 6425680                            /usr/lib/jvm/java-11-openjdk-amd64/lib/server/classes.jsa
fff6c000-100000000 rw-p 00000000 00:00 0 
800000000-800002000 rwxp 00001000 08:05 6425680                          /usr/lib/jvm/java-11-openjdk-amd64/lib/server/classes.jsa
800002000-8003ce000 rw-p 00003000 08:05 6425680                          /usr/lib/jvm/java-11-openjdk-amd64/lib/server/classes.jsa
8003ce000-800aa5000 r--p 003cf000 08:05 6425680                          /usr/lib/jvm/java-11-openjdk-amd64/lib/server/classes.jsa
800aa5000-800aa6000 rw-p 00aa6000 08:05 6425680                          /usr/lib/jvm/java-11-openjdk-amd64/lib/server/classes.jsa
840000000-840200000 rw-p 00000000 00:00 0 
840200000-880000000 ---p 00000000 00:00 0 
563912689000-56391268a000 r--p 00000000 08:05 6425576                    /usr/lib/jvm/java-11-openjdk-amd64/bin/java
56391268a000-56391268b000 r-xp 00001000 08:05 6425576                    /usr/lib/jvm/java-11-openjdk-amd64/bin/java
56391268b000-56391268c000 r--p 00002000 08:05 6425576                    /usr/lib/jvm/java-11-openjdk-amd64/bin/java
56391268c000-56391268d000 r--p 00002000 08:05 6425576                    /usr/lib/jvm/java-11-openjdk-amd64/bin/java
56391268d000-56391268e000 rw-p 00003000 08:05 6425576                    /usr/lib/jvm/java-11-openjdk-amd64/bin/java
5639132a3000-5639132e9000 rw-p 00000000 00:00 0                          [heap]
7fe2cc000000-7fe2cc021000 rw-p 00000000 00:00 0 
7fe2cc021000-7fe2d0000000 ---p 00000000 00:00 0 
7fe2d0000000-7fe2d0021000 rw-p 00000000 00:00 0 
7fe2d0021000-7fe2d4000000 ---p 00000000 00:00 0 
7fe2d4000000-7fe2d41af000 rw-p 00000000 00:00 0 
7fe2d41af000-7fe2d8000000 ---p 00000000 00:00 0 
7fe2d8000000-7fe2d8021000 rw-p 00000000 00:00 0 
7fe2d8021000-7fe2dc000000 ---p 00000000 00:00 0 
7fe2dc000000-7fe2dc021000 rw-p 00000000 00:00 0 
7fe2dc021000-7fe2e0000000 ---p 00000000 00:00 0 
7fe2e0000000-7fe2e0021000 rw-p 00000000 00:00 0 
7fe2e0021000-7fe2e4000000 ---p 00000000 00:00 0 
7fe2e4000000-7fe2e4021000 rw-p 00000000 00:00 0 
7fe2e4021000-7fe2e8000000 ---p 00000000 00:00 0 
7fe2e8000000-7fe2e8021000 rw-p 00000000 00:00 0 
7fe2e8021000-7fe2ec000000 ---p 00000000 00:00 0 
7fe2ec000000-7fe2ec021000 rw-p 00000000 00:00 0 
7fe2ec021000-7fe2f0000000 ---p 00000000 00:00 0 
7fe2f0000000-7fe2f0c61000 rw-p 00000000 00:00 0 
7fe2f0c61000-7fe2f4000000 ---p 00000000 00:00 0 
7fe2f4000000-7fe2f4021000 rw-p 00000000 00:00 0 
7fe2f4021000-7fe2f8000000 ---p 00000000 00:00 0 
7fe2f8000000-7fe2f8021000 rw-p 00000000 00:00 0 
7fe2f8021000-7fe2fc000000 ---p 00000000 00:00 0 
7fe2fc000000-7fe2fce70000 rw-p 00000000 00:00 0 
7fe2fce70000-7fe300000000 ---p 00000000 00:00 0 
7fe300000000-7fe3009bf000 rw-p 00000000 00:00 0 
7fe3009bf000-7fe304000000 ---p 00000000 00:00 0 
7fe304000000-7fe304021000 rw-p 00000000 00:00 0 
7fe304021000-7fe308000000 ---p 00000000 00:00 0 
7fe308000000-7fe308021000 rw-p 00000000 00:00 0 
7fe308021000-7fe30c000000 ---p 00000000 00:00 0 
7fe30c000000-7fe30c021000 rw-p 00000000 00:00 0 
7fe30c021000-7fe310000000 ---p 00000000 00:00 0 
7fe310000000-7fe310021000 rw-p 00000000 00:00 0 
7fe310021000-7fe314000000 ---p 00000000 00:00 0 
7fe314000000-7fe3140bb000 rw-p 00000000 00:00 0 
7fe3140bb000-7fe318000000 ---p 00000000 00:00 0 
7fe318000000-7fe318021000 rw-p 00000000 00:00 0 
7fe318021000-7fe31c000000 ---p 00000000 00:00 0 
7fe31d8f4000-7fe31db60000 rw-p 00000000 00:00 0 
7fe31db60000-7fe31db61000 ---p 00000000 00:00 0 
7fe31db61000-7fe31de22000 rw-p 00000000 00:00 0 
7fe31de22000-7fe31de62000 ---p 00000000 00:00 0 
7fe31de62000-7fe31e062000 rw-p 00000000 00:00 0 
7fe31e062000-7fe31e063000 ---p 00000000 00:00 0 
7fe31e063000-7fe31e364000 rw-p 00000000 00:00 0 
7fe31e41a000-7fe31e41e000 ---p 00000000 00:00 0 
7fe31e41e000-7fe31e51b000 rw-p 00000000 00:00 0 
7fe31e51b000-7fe31e51f000 ---p 00000000 00:00 0 
7fe31e51f000-7fe31e61c000 rw-p 00000000 00:00 0 
7fe31e61c000-7fe31e620000 ---p 00000000 00:00 0 
7fe31e620000-7fe31e71d000 rw-p 00000000 00:00 0 
7fe31e71d000-7fe31e721000 ---p 00000000 00:00 0 
7fe31e721000-7fe31e81e000 rw-p 00000000 00:00 0 
7fe31e81e000-7fe31e81f000 ---p 00000000 00:00 0 
7fe31e81f000-7fe31e920000 rw-p 00000000 00:00 0 
7fe31e920000-7fe31e921000 ---p 00000000 00:00 0 
7fe31e921000-7fe31ea22000 rw-p 00000000 00:00 0 
7fe31ea22000-7fe31f800000 r--p 00000000 08:05 6296746                    /usr/lib/locale/locale-archive
7fe31f800000-7fe320000000 rw-p 00000000 00:00 0 
7fe320000000-7fe320021000 rw-p 00000000 00:00 0 
7fe320021000-7fe324000000 ---p 00000000 00:00 0 
7fe324000000-7fe324021000 rw-p 00000000 00:00 0 
7fe324021000-7fe328000000 ---p 00000000 00:00 0 
7fe328000000-7fe328021000 rw-p 00000000 00:00 0 
7fe328021000-7fe32c000000 ---p 00000000 00:00 0 
7fe32c067000-7fe32c06b000 ---p 00000000 00:00 0 
7fe32c06b000-7fe32e50c000 rw-p 00000000 00:00 0 
7fe32e50c000-7fe32fff8000 ---p 00000000 00:00 0 
7fe32fff8000-7fe330000000 rw-p 00000000 00:00 0 
7fe330000000-7fe33015c000 rw-p 00000000 00:00 0 
7fe33015c000-7fe334000000 ---p 00000000 00:00 0 
7fe3340e9000-7fe3340ed000 ---p 00000000 00:00 0 
7fe3340ed000-7fe3341ea000 rw-p 00000000 00:00 0 
7fe3341ea000-7fe3341eb000 ---p 00000000 00:00 0 
7fe3341eb000-7fe3342ec000 rw-p 00000000 00:00 0 
7fe3342ec000-7fe3342f0000 ---p 00000000 00:00 0 
7fe3342f0000-7fe3343ed000 rw-p 00000000 00:00 0 
7fe3343ed000-7fe3343f1000 ---p 00000000 00:00 0 
7fe3343f1000-7fe3344ee000 rw-p 00000000 00:00 0 
7fe3344ee000-7fe3344f2000 ---p 00000000 00:00 0 
7fe3344f2000-7fe3345ef000 rw-p 00000000 00:00 0 
7fe3345ef000-7fe3345f3000 ---p 00000000 00:00 0 
7fe3345f3000-7fe3346f0000 rw-p 00000000 00:00 0 
7fe3346f0000-7fe3346f4000 ---p 00000000 00:00 0 
7fe3346f4000-7fe3347f1000 rw-p 00000000 00:00 0 
7fe3347f1000-7fe334a61000 rwxp 00000000 00:00 0 
7fe334a61000-7fe334d81000 ---p 00000000 00:00 0 
7fe334d81000-7fe3355b1000 rwxp 00000000 00:00 0 
7fe3355b1000-7fe33c2b9000 ---p 00000000 00:00 0 
7fe33c2b9000-7fe33c529000 rwxp 00000000 00:00 0 
7fe33c529000-7fe3437f1000 ---p 00000000 00:00 0 
7fe3437f1000-7fe34c000000 r--s 00000000 08:05 6425659                    /usr/lib/jvm/java-11-openjdk-amd64/lib/modules
7fe34c000000-7fe34dc62000 rw-p 00000000 00:00 0 
7fe34dc62000-7fe350000000 ---p 00000000 00:00 0 
7fe35009c000-7fe3500a3000 r--s 00000000 08:05 6950955                    /usr/lib/x86_64-linux-gnu/gconv/gconv-modules.cache
7fe3500a3000-7fe3500a5000 r--p 00000000 08:05 6425647                    /usr/lib/jvm/java-11-openjdk-amd64/lib/libmanagement_ext.so
7fe3500a5000-7fe3500a8000 r-xp 00002000 08:05 6425647                    /usr/lib/jvm/java-11-openjdk-amd64/lib/libmanagement_ext.so
7fe3500a8000-7fe3500aa000 r--p 00005000 08:05 6425647                    /usr/lib/jvm/java-11-openjdk-amd64/lib/libmanagement_ext.so
7fe3500aa000-7fe3500ab000 r--p 00006000 08:05 6425647                    /usr/lib/jvm/java-11-openjdk-amd64/lib/libmanagement_ext.so
7fe3500ab000-7fe3500ac000 rw-p 00007000 08:05 6425647                    /usr/lib/jvm/java-11-openjdk-amd64/lib/libmanagement_ext.so
7fe3500ac000-7fe3500af000 r--p 00000000 08:05 6425645                    /usr/lib/jvm/java-11-openjdk-amd64/lib/libmanagement.so
7fe3500af000-7fe3500b0000 r-xp 00003000 08:05 6425645                    /usr/lib/jvm/java-11-openjdk-amd64/lib/libmanagement.so
7fe3500b0000-7fe3500b1000 r--p 00004000 08:05 6425645                    /usr/lib/jvm/java-11-openjdk-amd64/lib/libmanagement.so
7fe3500b1000-7fe3500b2000 r--p 00004000 08:05 6425645                    /usr/lib/jvm/java-11-openjdk-amd64/lib/libmanagement.so
7fe3500b2000-7fe3500b3000 rw-p 00005000 08:05 6425645                    /usr/lib/jvm/java-11-openjdk-amd64/lib/libmanagement.so
7fe3500b3000-7fe3500b7000 r--p 00000000 08:05 6425649                    /usr/lib/jvm/java-11-openjdk-amd64/lib/libnet.so
7fe3500b7000-7fe3500c5000 r-xp 00004000 08:05 6425649                    /usr/lib/jvm/java-11-openjdk-amd64/lib/libnet.so
7fe3500c5000-7fe3500c9000 r--p 00012000 08:05 6425649                    /usr/lib/jvm/java-11-openjdk-amd64/lib/libnet.so
7fe3500c9000-7fe3500ca000 r--p 00015000 08:05 6425649                    /usr/lib/jvm/java-11-openjdk-amd64/lib/libnet.so
7fe3500ca000-7fe3500cb000 rw-p 00016000 08:05 6425649                    /usr/lib/jvm/java-11-openjdk-amd64/lib/libnet.so
7fe3500cb000-7fe3500d2000 r--p 00000000 08:05 6425650                    /usr/lib/jvm/java-11-openjdk-amd64/lib/libnio.so
7fe3500d2000-7fe3500da000 r-xp 00007000 08:05 6425650                    /usr/lib/jvm/java-11-openjdk-amd64/lib/libnio.so
7fe3500da000-7fe3500dd000 r--p 0000f000 08:05 6425650                    /usr/lib/jvm/java-11-openjdk-amd64/lib/libnio.so
7fe3500dd000-7fe3500de000 r--p 00011000 08:05 6425650                    /usr/lib/jvm/java-11-openjdk-amd64/lib/libnio.so
7fe3500de000-7fe3500df000 rw-p 00012000 08:05 6425650                    /usr/lib/jvm/java-11-openjdk-amd64/lib/libnio.so
7fe3500df000-7fe3500e3000 ---p 00000000 00:00 0 
7fe3500e3000-7fe3501e0000 rw-p 00000000 00:00 0 
7fe3501e0000-7fe3501e4000 ---p 00000000 00:00 0 
7fe3501e4000-7fe3502e1000 rw-p 00000000 00:00 0 
7fe3502e1000-7fe3502e2000 ---p 00000000 00:00 0 
7fe3502e2000-7fe3504bf000 rw-p 00000000 00:00 0 
7fe3504bf000-7fe3504c0000 ---p 00000000 00:00 0 
7fe3504c0000-7fe3505c1000 rw-p 00000000 00:00 0 
7fe3505c1000-7fe3505c2000 ---p 00000000 00:00 0 
7fe3505c2000-7fe350ac7000 rw-p 00000000 00:00 0 
7fe350ac7000-7fe350ac8000 ---p 00000000 00:00 0 
7fe350ac8000-7fe350bc9000 rw-p 00000000 00:00 0 
7fe350bc9000-7fe350bca000 ---p 00000000 00:00 0 
7fe350bca000-7fe3510b1000 rw-p 00000000 00:00 0 
7fe3510b1000-7fe352b9d000 ---p 00000000 00:00 0 
7fe352b9d000-7fe352c1a000 rw-p 00000000 00:00 0 
7fe352c1a000-7fe352f77000 ---p 00000000 00:00 0 
7fe352f77000-7fe352fed000 rw-p 00000000 00:00 0 
7fe352fed000-7fe35334a000 ---p 00000000 00:00 0 
7fe35334a000-7fe3533c0000 rw-p 00000000 00:00 0 
7fe3533c0000-7fe35371d000 ---p 00000000 00:00 0 
7fe35371d000-7fe353b22000 rw-p 00000000 00:00 0 
7fe353b22000-7fe353b23000 ---p 00000000 00:00 0 
7fe353b23000-7fe353c29000 rw-p 00000000 00:00 0 
7fe353c29000-7fe353d0f000 ---p 00000000 00:00 0 
7fe353d0f000-7fe353d20000 rw-p 00000000 00:00 0 
7fe353d20000-7fe353dfa000 ---p 00000000 00:00 0 
7fe353dfa000-7fe353dff000 rw-p 00000000 00:00 0 
7fe353dff000-7fe353e06000 ---p 00000000 00:00 0 
7fe353e06000-7fe353e09000 r--p 00000000 08:05 6298221                    /usr/lib/x86_64-linux-gnu/libnss_files-2.31.so
7fe353e09000-7fe353e10000 r-xp 00003000 08:05 6298221                    /usr/lib/x86_64-linux-gnu/libnss_files-2.31.so
7fe353e10000-7fe353e12000 r--p 0000a000 08:05 6298221                    /usr/lib/x86_64-linux-gnu/libnss_files-2.31.so
7fe353e12000-7fe353e13000 r--p 0000b000 08:05 6298221                    /usr/lib/x86_64-linux-gnu/libnss_files-2.31.so
7fe353e13000-7fe353e14000 rw-p 0000c000 08:05 6298221                    /usr/lib/x86_64-linux-gnu/libnss_files-2.31.so
7fe353e14000-7fe353e1a000 rw-p 00000000 00:00 0 
7fe353e1a000-7fe353e1c000 r--p 00000000 08:05 6425658                    /usr/lib/jvm/java-11-openjdk-amd64/lib/libzip.so
7fe353e1c000-7fe353e21000 r-xp 00002000 08:05 6425658                    /usr/lib/jvm/java-11-openjdk-amd64/lib/libzip.so
7fe353e21000-7fe353e23000 r--p 00007000 08:05 6425658                    /usr/lib/jvm/java-11-openjdk-amd64/lib/libzip.so
7fe353e23000-7fe353e24000 r--p 00008000 08:05 6425658                    /usr/lib/jvm/java-11-openjdk-amd64/lib/libzip.so
7fe353e24000-7fe353e25000 rw-p 00009000 08:05 6425658                    /usr/lib/jvm/java-11-openjdk-amd64/lib/libzip.so
7fe353e25000-7fe353e2d000 rw-s 00000000 08:05 6048544                    /tmp/hsperfdata_user/77855
7fe353e2d000-7fe353e2e000 ---p 00000000 00:00 0 
7fe353e2e000-7fe353e2f000 r--p 00000000 00:00 0 
7fe353e2f000-7fe353e31000 r--p 00000000 08:05 6425641                    /usr/lib/jvm/java-11-openjdk-amd64/lib/libjimage.so
7fe353e31000-7fe353e34000 r-xp 00002000 08:05 6425641                    /usr/lib/jvm/java-11-openjdk-amd64/lib/libjimage.so
7fe353e34000-7fe353e35000 r--p 00005000 08:05 6425641                    /usr/lib/jvm/java-11-openjdk-amd64/lib/libjimage.so
7fe353e35000-7fe353e36000 ---p 00006000 08:05 6425641                    /usr/lib/jvm/java-11-openjdk-amd64/lib/libjimage.so
7fe353e36000-7fe353e37000 r--p 00006000 08:05 6425641                    /usr/lib/jvm/java-11-openjdk-amd64/lib/libjimage.so
7fe353e37000-7fe353e38000 rw-p 00007000 08:05 6425641                    /usr/lib/jvm/java-11-openjdk-amd64/lib/libjimage.so
7fe353e38000-7fe353e46000 r--p 00000000 08:05 6425638                    /usr/lib/jvm/java-11-openjdk-amd64/lib/libjava.so
7fe353e46000-7fe353e5c000 r-xp 0000e000 08:05 6425638                    /usr/lib/jvm/java-11-openjdk-amd64/lib/libjava.so
7fe353e5c000-7fe353e63000 r--p 00024000 08:05 6425638                    /usr/lib/jvm/java-11-openjdk-amd64/lib/libjava.so
7fe353e63000-7fe353e64000 r--p 0002a000 08:05 6425638                    /usr/lib/jvm/java-11-openjdk-amd64/lib/libjava.so
7fe353e64000-7fe353e65000 rw-p 0002b000 08:05 6425638                    /usr/lib/jvm/java-11-openjdk-amd64/lib/libjava.so
7fe353e65000-7fe353e66000 rw-p 00000000 00:00 0 
7fe353e66000-7fe353e68000 r--p 00000000 08:05 6298430                    /usr/lib/x86_64-linux-gnu/librt-2.31.so
7fe353e68000-7fe353e6c000 r-xp 00002000 08:05 6298430                    /usr/lib/x86_64-linux-gnu/librt-2.31.so
7fe353e6c000-7fe353e6e000 r--p 00006000 08:05 6298430                    /usr/lib/x86_64-linux-gnu/librt-2.31.so
7fe353e6e000-7fe353e6f000 r--p 00007000 08:05 6298430                    /usr/lib/x86_64-linux-gnu/librt-2.31.so
7fe353e6f000-7fe353e70000 rw-p 00008000 08:05 6298430                    /usr/lib/x86_64-linux-gnu/librt-2.31.so
7fe353e70000-7fe353e74000 ---p 00000000 00:00 0 
7fe353e74000-7fe353f71000 rw-p 00000000 00:00 0 
7fe353f71000-7fe353f74000 r--p 00000000 08:05 6295647                    /usr/lib/x86_64-linux-gnu/libgcc_s.so.1
7fe353f74000-7fe353f86000 r-xp 00003000 08:05 6295647                    /usr/lib/x86_64-linux-gnu/libgcc_s.so.1
7fe353f86000-7fe353f8a000 r--p 00015000 08:05 6295647                    /usr/lib/x86_64-linux-gnu/libgcc_s.so.1
7fe353f8a000-7fe353f8b000 r--p 00018000 08:05 6295647                    /usr/lib/x86_64-linux-gnu/libgcc_s.so.1
7fe353f8b000-7fe353f8c000 rw-p 00019000 08:05 6295647                    /usr/lib/x86_64-linux-gnu/libgcc_s.so.1
7fe353f8c000-7fe353f99000 r--p 00000000 08:05 6298095                    /usr/lib/x86_64-linux-gnu/libm-2.31.so
7fe353f99000-7fe354040000 r-xp 0000d000 08:05 6298095                    /usr/lib/x86_64-linux-gnu/libm-2.31.so
7fe354040000-7fe3540d9000 r--p 000b4000 08:05 6298095                    /usr/lib/x86_64-linux-gnu/libm-2.31.so
7fe3540d9000-7fe3540da000 r--p 0014c000 08:05 6298095                    /usr/lib/x86_64-linux-gnu/libm-2.31.so
7fe3540da000-7fe3540db000 rw-p 0014d000 08:05 6298095                    /usr/lib/x86_64-linux-gnu/libm-2.31.so
7fe3540db000-7fe354171000 r--p 00000000 08:05 6295184                    /usr/lib/x86_64-linux-gnu/libstdc++.so.6.0.28
7fe354171000-7fe354262000 r-xp 00096000 08:05 6295184                    /usr/lib/x86_64-linux-gnu/libstdc++.so.6.0.28
7fe354262000-7fe3542ab000 r--p 00187000 08:05 6295184                    /usr/lib/x86_64-linux-gnu/libstdc++.so.6.0.28
7fe3542ab000-7fe3542ac000 ---p 001d0000 08:05 6295184                    /usr/lib/x86_64-linux-gnu/libstdc++.so.6.0.28
7fe3542ac000-7fe3542b7000 r--p 001d0000 08:05 6295184                    /usr/lib/x86_64-linux-gnu/libstdc++.so.6.0.28
7fe3542b7000-7fe3542ba000 rw-p 001db000 08:05 6295184                    /usr/lib/x86_64-linux-gnu/libstdc++.so.6.0.28
7fe3542ba000-7fe3542bd000 rw-p 00000000 00:00 0 
7fe3542bd000-7fe35453f000 r--p 00000000 08:05 6425662                    /usr/lib/jvm/java-11-openjdk-amd64/lib/server/libjvm.so
7fe35453f000-7fe3551d0000 r-xp 00282000 08:05 6425662                    /usr/lib/jvm/java-11-openjdk-amd64/lib/server/libjvm.so
7fe3551d0000-7fe35542f000 r--p 00f13000 08:05 6425662                    /usr/lib/jvm/java-11-openjdk-amd64/lib/server/libjvm.so
7fe35542f000-7fe3554f3000 r--p 01171000 08:05 6425662                    /usr/lib/jvm/java-11-openjdk-amd64/lib/server/libjvm.so
7fe3554f3000-7fe35552e000 rw-p 01235000 08:05 6425662                    /usr/lib/jvm/java-11-openjdk-amd64/lib/server/libjvm.so
7fe35552e000-7fe355587000 rw-p 00000000 00:00 0 
7fe355587000-7fe3555a9000 r--p 00000000 08:05 6297437                    /usr/lib/x86_64-linux-gnu/libc-2.31.so
7fe3555a9000-7fe355721000 r-xp 00022000 08:05 6297437                    /usr/lib/x86_64-linux-gnu/libc-2.31.so
7fe355721000-7fe35576f000 r--p 0019a000 08:05 6297437                    /usr/lib/x86_64-linux-gnu/libc-2.31.so
7fe35576f000-7fe355773000 r--p 001e7000 08:05 6297437                    /usr/lib/x86_64-linux-gnu/libc-2.31.so
7fe355773000-7fe355775000 rw-p 001eb000 08:05 6297437                    /usr/lib/x86_64-linux-gnu/libc-2.31.so
7fe355775000-7fe355779000 rw-p 00000000 00:00 0 
7fe355779000-7fe35577a000 r--p 00000000 08:05 6297580                    /usr/lib/x86_64-linux-gnu/libdl-2.31.so
7fe35577a000-7fe35577c000 r-xp 00001000 08:05 6297580                    /usr/lib/x86_64-linux-gnu/libdl-2.31.so
7fe35577c000-7fe35577d000 r--p 00003000 08:05 6297580                    /usr/lib/x86_64-linux-gnu/libdl-2.31.so
7fe35577d000-7fe35577e000 r--p 00003000 08:05 6297580                    /usr/lib/x86_64-linux-gnu/libdl-2.31.so
7fe35577e000-7fe35577f000 rw-p 00004000 08:05 6297580                    /usr/lib/x86_64-linux-gnu/libdl-2.31.so
7fe35577f000-7fe355782000 r--p 00000000 08:05 6425623                    /usr/lib/jvm/java-11-openjdk-amd64/lib/jli/libjli.so
7fe355782000-7fe35578c000 r-xp 00003000 08:05 6425623                    /usr/lib/jvm/java-11-openjdk-amd64/lib/jli/libjli.so
7fe35578c000-7fe35578f000 r--p 0000d000 08:05 6425623                    /usr/lib/jvm/java-11-openjdk-amd64/lib/jli/libjli.so
7fe35578f000-7fe355790000 ---p 00010000 08:05 6425623                    /usr/lib/jvm/java-11-openjdk-amd64/lib/jli/libjli.so
7fe355790000-7fe355791000 r--p 00010000 08:05 6425623                    /usr/lib/jvm/java-11-openjdk-amd64/lib/jli/libjli.so
7fe355791000-7fe355792000 rw-p 00011000 08:05 6425623                    /usr/lib/jvm/java-11-openjdk-amd64/lib/jli/libjli.so
7fe355792000-7fe355798000 r--p 00000000 08:05 6298365                    /usr/lib/x86_64-linux-gnu/libpthread-2.31.so
7fe355798000-7fe3557a9000 r-xp 00006000 08:05 6298365                    /usr/lib/x86_64-linux-gnu/libpthread-2.31.so
7fe3557a9000-7fe3557af000 r--p 00017000 08:05 6298365                    /usr/lib/x86_64-linux-gnu/libpthread-2.31.so
7fe3557af000-7fe3557b0000 r--p 0001c000 08:05 6298365                    /usr/lib/x86_64-linux-gnu/libpthread-2.31.so
7fe3557b0000-7fe3557b1000 rw-p 0001d000 08:05 6298365                    /usr/lib/x86_64-linux-gnu/libpthread-2.31.so
7fe3557b1000-7fe3557b5000 rw-p 00000000 00:00 0 
7fe3557b5000-7fe3557b7000 r--p 00000000 08:05 6291650                    /usr/lib/x86_64-linux-gnu/libz.so.1.2.11
7fe3557b7000-7fe3557c8000 r-xp 00002000 08:05 6291650                    /usr/lib/x86_64-linux-gnu/libz.so.1.2.11
7fe3557c8000-7fe3557ce000 r--p 00013000 08:05 6291650                    /usr/lib/x86_64-linux-gnu/libz.so.1.2.11
7fe3557ce000-7fe3557cf000 ---p 00019000 08:05 6291650                    /usr/lib/x86_64-linux-gnu/libz.so.1.2.11
7fe3557cf000-7fe3557d0000 r--p 00019000 08:05 6291650                    /usr/lib/x86_64-linux-gnu/libz.so.1.2.11
7fe3557d0000-7fe3557d1000 rw-p 0001a000 08:05 6291650                    /usr/lib/x86_64-linux-gnu/libz.so.1.2.11
7fe3557d2000-7fe3557d7000 r--p 00000000 08:05 6425657                    /usr/lib/jvm/java-11-openjdk-amd64/lib/libverify.so
7fe3557d7000-7fe3557de000 r-xp 00005000 08:05 6425657                    /usr/lib/jvm/java-11-openjdk-amd64/lib/libverify.so
7fe3557de000-7fe3557e0000 r--p 0000c000 08:05 6425657                    /usr/lib/jvm/java-11-openjdk-amd64/lib/libverify.so
7fe3557e0000-7fe3557e1000 ---p 0000e000 08:05 6425657                    /usr/lib/jvm/java-11-openjdk-amd64/lib/libverify.so
7fe3557e1000-7fe3557e3000 r--p 0000e000 08:05 6425657                    /usr/lib/jvm/java-11-openjdk-amd64/lib/libverify.so
7fe3557e3000-7fe3557e4000 rw-p 00010000 08:05 6425657                    /usr/lib/jvm/java-11-openjdk-amd64/lib/libverify.so
7fe3557e4000-7fe3557e6000 rw-p 00000000 00:00 0 
7fe3557e6000-7fe3557e7000 r--p 00000000 08:05 6297217                    /usr/lib/x86_64-linux-gnu/ld-2.31.so
7fe3557e7000-7fe35580a000 r-xp 00001000 08:05 6297217                    /usr/lib/x86_64-linux-gnu/ld-2.31.so
7fe35580a000-7fe355812000 r--p 00024000 08:05 6297217                    /usr/lib/x86_64-linux-gnu/ld-2.31.so
7fe355813000-7fe355814000 r--p 0002c000 08:05 6297217                    /usr/lib/x86_64-linux-gnu/ld-2.31.so
7fe355814000-7fe355815000 rw-p 0002d000 08:05 6297217                    /usr/lib/x86_64-linux-gnu/ld-2.31.so
7fe355815000-7fe355816000 rw-p 00000000 00:00 0 
7fffecb67000-7fffecb89000 rw-p 00000000 00:00 0                          [stack]
7fffecbb8000-7fffecbbc000 r--p 00000000 00:00 0                          [vvar]
7fffecbbc000-7fffecbbe000 r-xp 00000000 00:00 0                          [vdso]
ffffffffff600000-ffffffffff601000 --xp 00000000 00:00 0                  [vsyscall]


VM Arguments:
java_command: /home/user/Music/UAT/fino/P2mSettlement/ptaplussettlement/target/surefire/surefirebooter-20240110172310749_3.jar /home/user/Music/UAT/fino/P2mSettlement/ptaplussettlement/target/surefire 2024-01-10T17-23-10_236-jvmRun1 surefire-20240110172310749_1tmp surefire_0-20240110172310749_2tmp
java_class_path (initial): /home/user/Music/UAT/fino/P2mSettlement/ptaplussettlement/target/surefire/surefirebooter-20240110172310749_3.jar
Launcher Type: SUN_STANDARD

[Global flags]
     intx CICompilerCount                          = 3                                         {product} {ergonomic}
     uint ConcGCThreads                            = 1                                         {product} {ergonomic}
     uint G1ConcRefinementThreads                  = 4                                         {product} {ergonomic}
   size_t G1HeapRegionSize                         = 1048576                                   {product} {ergonomic}
    uintx GCDrainStackTargetSize                   = 64                                        {product} {ergonomic}
   size_t InitialHeapSize                          = 130023424                                 {product} {ergonomic}
   size_t MarkStackSize                            = 4194304                                   {product} {ergonomic}
   size_t MaxHeapSize                              = 2053111808                                {product} {ergonomic}
   size_t MaxNewSize                               = 1231028224                                {product} {ergonomic}
   size_t MinHeapDeltaBytes                        = 1048576                                   {product} {ergonomic}
    uintx NonNMethodCodeHeapSize                   = 5830732                                {pd product} {ergonomic}
    uintx NonProfiledCodeHeapSize                  = 122913754                              {pd product} {ergonomic}
    uintx ProfiledCodeHeapSize                     = 122913754                              {pd product} {ergonomic}
    uintx ReservedCodeCacheSize                    = 251658240                              {pd product} {ergonomic}
     bool SegmentedCodeCache                       = true                                      {product} {ergonomic}
     bool UseCompressedClassPointers               = true                                 {lp64_product} {ergonomic}
     bool UseCompressedOops                        = true                                 {lp64_product} {ergonomic}
     bool UseG1GC                                  = true                                      {product} {ergonomic}

Logging:
Log output configuration:
 #0: stdout all=warning uptime,level,tags
 #1: stderr all=off uptime,level,tags

Environment Variables:
JAVA_HOME=/usr/lib/jvm/java-11-openjdk-amd64
PATH=/opt/apache-maven-3.9.2/bin:/opt/apache-maven-3.9.2/bin:/opt/apache-maven-3.9.2/bin:/opt/apache-maven-3.9.2/bin:/usr/local/sbin:/usr/local/bin:/usr/sbin:/usr/bin:/sbin:/bin:/usr/games:/usr/local/games:/snap/bin
USERNAME=user
SHELL=/bin/bash
DISPLAY=:0
LANG=en_US.UTF-8
TERM=xterm-256color

Signal Handlers:
SIGSEGV: [libjvm.so+0xea02e0], sa_mask[0]=11111111011111111101111111111110, sa_flags=SA_RESTART|SA_SIGINFO
SIGBUS: [libjvm.so+0xea02e0], sa_mask[0]=11111111011111111101111111111110, sa_flags=SA_RESTART|SA_SIGINFO
SIGFPE: [libjvm.so+0xea02e0], sa_mask[0]=11111111011111111101111111111110, sa_flags=SA_RESTART|SA_SIGINFO
SIGPIPE: [libjvm.so+0xbe5be0], sa_mask[0]=11111111011111111101111111111110, sa_flags=SA_RESTART|SA_SIGINFO
SIGXFSZ: [libjvm.so+0xbe5be0], sa_mask[0]=11111111011111111101111111111110, sa_flags=SA_RESTART|SA_SIGINFO
SIGILL: [libjvm.so+0xea02e0], sa_mask[0]=11111111011111111101111111111110, sa_flags=SA_RESTART|SA_SIGINFO
SIGUSR2: [libjvm.so+0xbe5a80], sa_mask[0]=00100000000000000000000000000000, sa_flags=SA_RESTART|SA_SIGINFO
SIGHUP: [libjvm.so+0xbe6130], sa_mask[0]=11111111011111111101111111111110, sa_flags=SA_RESTART|SA_SIGINFO
SIGINT: [libjvm.so+0xbe6130], sa_mask[0]=11111111011111111101111111111110, sa_flags=SA_RESTART|SA_SIGINFO
SIGTERM: [libjvm.so+0xbe6130], sa_mask[0]=11111111011111111101111111111110, sa_flags=SA_RESTART|SA_SIGINFO
SIGQUIT: [libjvm.so+0xbe6130], sa_mask[0]=11111111011111111101111111111110, sa_flags=SA_RESTART|SA_SIGINFO


---------------  S Y S T E M  ---------------

OS:DISTRIB_ID=Ubuntu
DISTRIB_RELEASE=20.04
DISTRIB_CODENAME=focal
DISTRIB_DESCRIPTION="Ubuntu 20.04.6 LTS"
uname:Linux 5.15.0-89-generic #99~20.04.1-Ubuntu SMP Thu Nov 2 15:16:47 UTC 2023 x86_64
OS uptime: 0 days 5:55 hours
libc:glibc 2.31 NPTL 2.31 
rlimit (soft/hard): STACK 8192k/infinity , CORE 0k/infinity , NPROC 30986/30986 , NOFILE 1048576/1048576 , AS infinity/infinity , CPU infinity/infinity , DATA infinity/infinity , FSIZE infinity/infinity , MEMLOCK 65536k/65536k
load average:2.77 2.29 2.07

/proc/meminfo:
MemTotal:        8013956 kB
MemFree:         1470196 kB
MemAvailable:    1791764 kB
Buffers:           38080 kB
Cached:          1363296 kB
SwapCached:       128976 kB
Active:          2480044 kB
Inactive:        3475768 kB
Active(anon):    2192220 kB
Inactive(anon):  3269480 kB
Active(file):     287824 kB
Inactive(file):   206288 kB
Unevictable:      163924 kB
Mlocked:              32 kB
SwapTotal:      10485752 kB
SwapFree:        8771020 kB
Dirty:              1312 kB
Writeback:            24 kB
AnonPages:       4668272 kB
Mapped:           317864 kB
Shmem:            907092 kB
KReclaimable:      92136 kB
Slab:             233492 kB
SReclaimable:      92136 kB
SUnreclaim:       141356 kB
KernelStack:       17532 kB
PageTables:        61012 kB
NFS_Unstable:          0 kB
Bounce:                0 kB
WritebackTmp:          0 kB
CommitLimit:    14492728 kB
Committed_AS:   16425548 kB
VmallocTotal:   34359738367 kB
VmallocUsed:       46052 kB
VmallocChunk:          0 kB
Percpu:             3600 kB
HardwareCorrupted:     0 kB
AnonHugePages:         0 kB
ShmemHugePages:        0 kB
ShmemPmdMapped:        0 kB
FileHugePages:         0 kB
FilePmdMapped:         0 kB
HugePages_Total:       0
HugePages_Free:        0
HugePages_Rsvd:        0
HugePages_Surp:        0
Hugepagesize:       2048 kB
Hugetlb:               0 kB
DirectMap4k:      344516 kB
DirectMap2M:     7929856 kB
DirectMap1G:     1048576 kB

/sys/kernel/mm/transparent_hugepage/enabled:
always [madvise] never
/sys/kernel/mm/transparent_hugepage/defrag (defrag/compaction efforts parameter):
always defer defer+madvise [madvise] never

Process Memory:
Virtual Size: 5289564K (peak: 13429844K)
Resident Set Size: 339776K (peak: 339776K) (anon: 312660K, file: 27116K, shmem: 0K)
Swapped out: 0K
C-Heap outstanding allocations: 45632K, retained: 31811K
glibc malloc tunables: (default)

/proc/sys/kernel/threads-max (system-wide limit on the number of threads):
61972
/proc/sys/vm/max_map_count (maximum number of memory map areas a process may have):
65530
/proc/sys/kernel/pid_max (system-wide limit on number of process identifiers):
4194304

container (cgroup) information:
container_type: cgroupv1
cpu_cpuset_cpus: 0-3
cpu_memory_nodes: 0
active_processor_count: 4
cpu_quota: no quota
cpu_period: 100000
cpu_shares: no shares
memory_limit_in_bytes: unlimited
memory_and_swap_limit_in_bytes: unlimited
memory_soft_limit_in_bytes: unlimited
memory_usage_in_bytes: 5969088 k
memory_max_usage_in_bytes: 7417000 k
kernel_memory_usage_in_bytes: 146716 k
kernel_memory_max_usage_in_bytes: unlimited
kernel_memory_limit_in_bytes: 209484 k
maximum number of tasks: unlimited
current number of tasks: 887

Steal ticks since vm start: 0
Steal ticks percentage since vm start:  0.000

CPU:total 4 (initial active 4) (2 cores per cpu, 2 threads per core) family 6 model 61 stepping 4 microcode 0x2f, cmov, cx8, fxsr, mmx, sse, sse2, sse3, ssse3, sse4.1, sse4.2, popcnt, avx, avx2, aes, clmul, erms, 3dnowpref, lzcnt, ht, tsc, tscinvbit, bmi1, bmi2, adx, fma
CPU Model and flags from /proc/cpuinfo:
model name	: Intel(R) Core(TM) i5-5200U CPU @ 2.20GHz
flags		: fpu vme de pse tsc msr pae mce cx8 apic sep mtrr pge mca cmov pat pse36 clflush dts acpi mmx fxsr sse sse2 ss ht tm pbe syscall nx pdpe1gb rdtscp lm constant_tsc arch_perfmon pebs bts rep_good nopl xtopology nonstop_tsc cpuid aperfmperf pni pclmulqdq dtes64 monitor ds_cpl vmx est tm2 ssse3 sdbg fma cx16 xtpr pdcm pcid sse4_1 sse4_2 x2apic movbe popcnt tsc_deadline_timer aes xsave avx f16c rdrand lahf_lm abm 3dnowprefetch cpuid_fault epb invpcid_single pti ssbd ibrs ibpb stibp tpr_shadow vnmi flexpriority ept vpid ept_ad fsgsbase tsc_adjust bmi1 avx2 smep bmi2 erms invpcid rdseed adx smap intel_pt xsaveopt dtherm ida arat pln pts md_clear flush_l1d
Online cpus:
0-3
Offline cpus:

BIOS frequency limitation:
<Not Available>
Frequency switch latency (ns):
20000
Available cpu frequencies:
<Not Available>
Current governor:
ondemand
Core performance/turbo boost:
<Not Available>

Memory: 4k page, physical 8013956k(1479656k free), swap 10485752k(8771020k free)

vm_info: OpenJDK 64-Bit Server VM (11.0.20.1+1-post-Ubuntu-0ubuntu120.04) for linux-amd64 JRE (11.0.20.1+1-post-Ubuntu-0ubuntu120.04), built on Aug 24 2023 23:12:13 by "unknown" with gcc 9.4.0

END.
