#
# A fatal error has been detected by the Java Runtime Environment:
#
#  SIGSEGV (0xb) at pc=0x00007f4c66582ebc, pid=4782, tid=4784
#
# JRE version: OpenJDK Runtime Environment Temurin-17.0.9+9 (17.0.9+9) (build 17.0.9+9)
# Java VM: OpenJDK 64-Bit Server VM Temurin-17.0.9+9 (17.0.9+9, mixed mode, tiered, compressed oops, compressed class ptrs, parallel gc, linux-amd64)
# Problematic frame:
# V  [libjvm.so+0xc84ebc]  void OopOopIterateDispatch<PCIterateMarkAndPushClosure>::Table::oop_oop_iterate<InstanceKlass, narrowOop>(PCIterateMarkAndPushClosure*, oopDesc*, Klass*)+0x10c
#
# Core dump will be written. Default location: Core dumps may be processed with "/usr/share/apport/apport -p%p -s%s -c%c -d%d -P%P -u%u -g%g -- %E" (or dumping to /home/user/Music/UAT/fino/P2mSettlement/ptaplussettlement/core.4782)
#
# If you would like to submit a bug report, please visit:
#   https://github.com/adoptium/adoptium-support/issues
#

---------------  S U M M A R Y ------------

Command Line: --add-modules=ALL-SYSTEM --add-opens=java.base/java.util=ALL-UNNAMED --add-opens=java.base/java.lang=ALL-UNNAMED --add-opens=java.base/sun.nio.fs=ALL-UNNAMED -Declipse.application=org.eclipse.jdt.ls.core.id1 -Dosgi.bundles.defaultStartLevel=4 -Declipse.product=org.eclipse.jdt.ls.core.product -Djava.import.generatesMetadataFilesAtProjectRoot=false -DDetectVMInstallationsJob.disabled=true -Dfile.encoding=utf8 -XX:+UseParallelGC -XX:GCTimeRatio=4 -XX:AdaptiveSizePolicyWeight=90 -Dsun.zip.disableMemoryMapping=true -Xmx1G -Xms100m -Xlog:disable -javaagent:/home/user/.vscode/extensions/redhat.java-1.25.1-linux-x64/lombok/lombok-1.18.30.jar -XX:+HeapDumpOnOutOfMemoryError -XX:HeapDumpPath=/home/user/.config/Code/User/workspaceStorage/65bb7a6a6a548dfcc329cad1a124e5a3/redhat.java -Daether.dependencyCollector.impl=bf /home/user/.vscode/extensions/redhat.java-1.25.1-linux-x64/server/plugins/org.eclipse.equinox.launcher_1.6.600.v20231106-1826.jar -configuration /home/user/.config/Code/User/globalStorage/redhat.java/1.25.1/config_linux -data /home/user/.config/Code/User/workspaceStorage/65bb7a6a6a548dfcc329cad1a124e5a3/redhat.java/jdt_ws --stdio

Host: Intel(R) Core(TM) i5-5200U CPU @ 2.20GHz, 4 cores, 7G, Ubuntu 20.04.6 LTS
Time: Mon Dec 11 13:22:08 2023 IST elapsed time: 8680.949686 seconds (0d 2h 24m 40s)

---------------  T H R E A D  ---------------

Current thread (0x00007f4c6003e840):  GCTaskThread "GC Thread#0" [stack: 0x00007f4c65150000,0x00007f4c65250000] [id=4784]

Stack: [0x00007f4c65150000,0x00007f4c65250000],  sp=0x00007f4c6524eb00,  free space=1018k
Native frames: (J=compiled Java code, j=interpreted, Vv=VM code, C=native code)
V  [libjvm.so+0xc84ebc]  void OopOopIterateDispatch<PCIterateMarkAndPushClosure>::Table::oop_oop_iterate<InstanceKlass, narrowOop>(PCIterateMarkAndPushClosure*, oopDesc*, Klass*)+0x10c
V  [libjvm.so+0xc828d5]  ParCompactionManager::follow_marking_stacks()+0x405
V  [libjvm.so+0xc93c86]  steal_marking_work(TaskTerminator&, unsigned int)+0xd6
V  [libjvm.so+0xc97267]  MarkFromRootsTask::work(unsigned int)+0x417
V  [libjvm.so+0xf137bf]  GangWorker::loop()+0x5f
V  [libjvm.so+0xf1381f]
V  [libjvm.so+0xe629b0]  Thread::call_run()+0xc0
V  [libjvm.so+0xc23e91]  thread_native_entry(Thread*)+0xe1


siginfo: si_signo: 11 (SIGSEGV), si_code: 1 (SEGV_MAPERR), si_addr: 0x00000003237b6980

Registers:
RAX=0x0000000000000001, RBX=0x00000000c710c0d8, RCX=0x0000000000000003, RDX=0x0000000000000000
RSP=0x00007f4c6524eb00, RBP=0x00007f4c6524eb50, RSI=0x00007f4c6524ebf0, RDI=0x00000003237b6978
R8 =0x0000000000000010, R9 =0x00007f4c6524ebf0, R10=0x0000000000000000, R11=0x00007f4c66bb8d28
R12=0x00000000c732bf28, R13=0x00000000c710c590, R14=0x00000000c710c588, R15=0x00000001005590c8
RIP=0x00007f4c66582ebc, EFLAGS=0x0000000000010206, CSGSFS=0x002b000000000033, ERR=0x0000000000000004
  TRAPNO=0x000000000000000e


Register to memory mapping:

RAX=0x0000000000000001 is an unknown value
RBX=0x00000000c710c0d8 is pointing into object: [B 
{0x00000000c710c0d0} - klass: {type array byte}
 - length: 97
RCX=0x0000000000000003 is an unknown value
RDX=0x0 is NULL
RSP=0x00007f4c6524eb00 points into unknown readable memory: 0x00000000c710c578 | 78 c5 10 c7 00 00 00 00
RBP=0x00007f4c6524eb50 points into unknown readable memory: 0x00007f4c6524ec40 | 40 ec 24 65 4c 7f 00 00
RSI=0x00007f4c6524ebf0 points into unknown readable memory: 0x00007f4c66b0ff08 | 08 ff b0 66 4c 7f 00 00
RDI=0x00000003237b6978 is an unknown value
R8 =0x0000000000000010 is an unknown value
R9 =0x00007f4c6524ebf0 points into unknown readable memory: 0x00007f4c66b0ff08 | 08 ff b0 66 4c 7f 00 00
R10=0x0 is NULL
R11=0x00007f4c66bb8d28: <offset 0x00000000012bad28> in /home/user/.vscode/extensions/redhat.java-1.25.1-linux-x64/jre/17.0.9-linux-x86_64/lib/server/libjvm.so at 0x00007f4c658fe000
R12=0x00000000c732bf28 is an oop: java.util.concurrent.ConcurrentHashMap$Node 
{0x00000000c732bf28} - klass: 'java/util/concurrent/ConcurrentHashMap$Node'
 - ---- fields (total size 4 words):
 - final 'hash' 'I' @12  49833983 (2f867ff)
 - final 'key' 'Ljava/lang/Object;' @16  a 'jdk/internal/jrtfs/JrtPath'{0x00000000c732bf48} (c732bf48)
 - volatile 'val' 'Ljava/lang/Object;' @20  a 'org/eclipse/jdt/internal/compiler/util/SoftClassCache$ClassBytes'{0x00000000c732bfe8} (c732bfe8)
 - volatile 'next' 'Ljava/util/concurrent/ConcurrentHashMap$Node;' @24  NULL (0)
R13=0x00000000c710c590 is an oop: java.lang.ref.SoftReference 
{0x00000000c710c590} - klass: 'java/lang/ref/SoftReference'
 - ---- fields (total size 5 words):
 - private 'referent' 'Ljava/lang/Object;' @12  NULL (0)
 - volatile 'queue' 'Ljava/lang/ref/ReferenceQueue;' @16  a 'java/lang/ref/ReferenceQueue$Null'{0x00000000c0001f48} (c0001f48)
 - volatile 'next' 'Ljava/lang/ref/Reference;' @20  NULL (0)
 - private transient 'discovered' 'Ljava/lang/ref/Reference;' @24  NULL (0)
 - private 'timestamp' 'J' @32  771278 (bc4ce 0)
R14=0x00000000c710c588 is pointing into object: org.eclipse.jdt.internal.compiler.util.SoftClassCache$ClassBytes 
{0x00000000c710c578} - klass: 'org/eclipse/jdt/internal/compiler/util/SoftClassCache$ClassBytes'
 - ---- fields (total size 3 words):
 - private volatile 'empty' 'Z' @12  false
 - private final 'path' 'Ljava/nio/file/Path;' @16  
[error occurred during error reporting (printing register info), id 0xb, SIGSEGV (0xb) at pc=0x00007f4c6650a208]

Top of Stack: (sp=0x00007f4c6524eb00)
0x00007f4c6524eb00:   00000000c710c578 00000001005590d0
0x00007f4c6524eb10:   00007f4c6524ebf0 0000000000000003
0x00007f4c6524eb20:   00007f4c6524eb50 00007f4c600cb340
0x00007f4c6524eb30:   00000000c732bf28 00007f4c6524ecc0
0x00007f4c6524eb40:   00007f4c66bff2e5 00000000c71d06b8
0x00007f4c6524eb50:   00007f4c6524ec40 00007f4c665808d5
0x00007f4c6524eb60:   00000000c71d06b8 00000000c71d06b8
0x00007f4c6524eb70:   0000000000000018 00007f4c60038290
0x00007f4c6524eb80:   00007f4c60038280 01007f4bec66d190
0x00007f4c6524eb90:   00000000c71b66a8 0000000000006800
0x00007f4c6524eba0:   0000000000000002 00000000c03e77f8
0x00007f4c6524ebb0:   00007f4c600aa4f0 0000000100046b38
0x00007f4c6524ebc0:   00007f4c600cb340 00007f4c66bff2e5
0x00007f4c6524ebd0:   00007f4c6524ec40 00007f4c66593bb3
0x00007f4c6524ebe0:   00000000c03ccff0 0000000000000004
0x00007f4c6524ebf0:   00007f4c66b0ff08 00007f4c600aa4f0
0x00007f4c6524ec00:   00007f4c00000003 00007f4c600cb340
0x00007f4c6524ec10:   0000000000000005 00007f4c600cb340
0x00007f4c6524ec20:   0000000000000008 00007f4c6524ecc0
0x00007f4c6524ec30:   0000000000000001 0000000000000000
0x00007f4c6524ec40:   00007f4c6524ed20 00007f4c66591c86
0x00007f4c6524ec50:   00007f4c6524ec80 0000000000000000
0x00007f4c6524ec60:   00007f4c60038280 00007f4c600cb340
0x00007f4c6524ec70:   00007f4c600cb340 00007f4c43ffe460
0x00007f4c6524ec80:   00007f4c6524ed20 00007f4c66592b41
0x00007f4c6524ec90:   00007f4c66b09428 00007f4c60038668
0x00007f4c6524eca0:   00007f4c66b09428 00007f4c6524ecc0
0x00007f4c6524ecb0:   00007f4c6524ecc0 00007f4c60038290
0x00007f4c6524ecc0:   00000000c71b66a8 00007f4c00000800
0x00007f4c6524ecd0:   00007f4c66b0ff08 00007f4c600aa4f0
0x00007f4c6524ece0:   00007f4c00000003 00007f4c600cb340
0x00007f4c6524ecf0:   0000000000000055 0000000000100000 

Instructions: (pc=0x00007f4c66582ebc)
0x00007f4c66582dbc:   41 54 53 48 89 d3 48 83 ec 28 48 89 7d c0 8b 57
0x00007f4c66582dcc:   10 48 89 75 b0 48 89 fe 48 8b bb 98 00 00 00 e8
0x00007f4c66582ddc:   c0 7c 90 ff 48 63 83 a0 00 00 00 48 63 93 2c 01
0x00007f4c66582dec:   00 00 48 01 d0 4c 8d bc c3 d0 01 00 00 8b 83 28
0x00007f4c66582dfc:   01 00 00 49 8d 04 c7 48 89 45 b8 4c 39 f8 0f 86
0x00007f4c66582e0c:   86 01 00 00 48 8b 45 b0 4d 63 07 4e 8d 34 00 41
0x00007f4c66582e1c:   8b 47 04 4d 8d 2c 86 4d 39 f5 77 15 e9 5b 01 00
0x00007f4c66582e2c:   00 0f 1f 00 49 83 c6 04 4d 39 f5 0f 86 4b 01 00
0x00007f4c66582e3c:   00 41 8b 1e 85 db 74 ec 48 8d 05 e5 54 63 00 48
0x00007f4c66582e4c:   8b 15 ce 7c 69 00 8b 48 08 48 d3 e3 48 03 18 48
0x00007f4c66582e5c:   89 d9 48 2b 0a 48 89 c8 48 8d 0d bd 5e 63 00 48
0x00007f4c66582e6c:   c1 e8 03 8b 09 48 d3 e8 48 89 c1 48 89 c6 48 8b
0x00007f4c66582e7c:   42 10 ba 01 00 00 00 83 e1 3f 48 c1 ee 06 48 d3
0x00007f4c66582e8c:   e2 48 23 14 f0 75 9d 48 8d 05 4b c4 67 00 0f b6
0x00007f4c66582e9c:   00 84 c0 0f 84 4b 01 00 00 48 8d 35 74 54 63 00
0x00007f4c66582eac:   8b 7b 08 8b 4e 08 48 d3 e7 48 03 3e 48 8b 75 c0
0x00007f4c66582ebc:   8b 4f 08 4c 8b 66 18 85 c9 0f 8e dd 00 00 00 f6
0x00007f4c66582ecc:   c1 01 74 1a 48 8b 07 48 8d 35 16 9a 60 ff 48 8b
0x00007f4c66582edc:   80 00 01 00 00 48 39 f0 0f 85 30 01 00 00 c1 f9
0x00007f4c66582eec:   03 48 63 d1 48 8d 3d 49 7d 69 00 48 89 de 48 89
0x00007f4c66582efc:   55 c8 e8 ad a5 fb ff 48 8b 55 c8 84 c0 0f 84 21
0x00007f4c66582f0c:   ff ff ff 48 8d 3d ea 7c 69 00 48 89 de e8 c2 93
0x00007f4c66582f1c:   00 00 41 8b 84 24 88 00 00 00 41 8b 8c 24 08 01
0x00007f4c66582f2c:   00 00 89 c2 29 ca 81 e2 ff ff 01 00 81 fa fd ff
0x00007f4c66582f3c:   01 00 0f 86 ec 00 00 00 49 8b 84 24 a8 02 00 00
0x00007f4c66582f4c:   49 3b 84 24 90 02 00 00 0f 84 f9 00 00 00 49 8b
0x00007f4c66582f5c:   94 24 c0 02 00 00 48 8d 14 c2 48 83 c0 01 49 83
0x00007f4c66582f6c:   c6 04 48 89 1a 49 89 84 24 a8 02 00 00 4d 39 f5
0x00007f4c66582f7c:   0f 87 bb fe ff ff 66 0f 1f 44 00 00 49 83 c7 08
0x00007f4c66582f8c:   4c 39 7d b8 0f 87 7a fe ff ff 48 83 c4 28 5b 41
0x00007f4c66582f9c:   5c 41 5d 41 5e 41 5f 5d c3 0f 1f 00 74 56 3c 01
0x00007f4c66582fac:   48 8d 15 79 5d 63 00 48 19 c0 83 e0 04 8b 32 48 


Stack slot to memory mapping:
stack at sp + 0 slots: 0x00000000c710c578 is an oop: org.eclipse.jdt.internal.compiler.util.SoftClassCache$ClassBytes 
{0x00000000c710c578} - klass: 'org/eclipse/jdt/internal/compiler/util/SoftClassCache$ClassBytes'
 - ---- fields (total size 3 words):
 - private volatile 'empty' 'Z' @12  false
 - private final 'path' 'Ljava/nio/file/Path;' @16  
[error occurred during error reporting (inspecting top of stack), id 0xb, SIGSEGV (0xb) at pc=0x00007f4c6650a208]


---------------  P R O C E S S  ---------------

Threads class SMR info:
_java_thread_list=0x00007f4c29763890, length=29, elements={
0x00007f4c60027b00, 0x00007f4c60161bd0, 0x00007f4c60163150, 0x00007f4c6018ad80,
0x00007f4c6018e670, 0x00007f4c6018f610, 0x00007f4c60190c70, 0x00007f4c60192130,
0x00007f4c6019b570, 0x00007f4c601f13a0, 0x00007f4c602e6b50, 0x00007f4c6049aaf0,
0x00007f4c604ecb40, 0x00007f4c604ef830, 0x00007f4bec43f930, 0x00007f4bec4eab30,
0x00007f4bec3b2f90, 0x00007f4bec8b9690, 0x00007f4c60508320, 0x00007f4c605a9d20,
0x00007f4c605aacd0, 0x00007f4bdc1ad120, 0x00007f4c2c000d30, 0x00007f4c0409d4b0,
0x00007f4bcc1a5980, 0x00007f4bcc1a31a0, 0x00007f4be05458c0, 0x00007f4be0404fb0,
0x00007f4be0645f20
}

Java Threads: ( => current thread )
  0x00007f4c60027b00 JavaThread "main" [_thread_blocked, id=4783, stack(0x00007f4c656a4000,0x00007f4c657a5000)]
  0x00007f4c60161bd0 JavaThread "Reference Handler" daemon [_thread_blocked, id=4786, stack(0x00007f4c43dfe000,0x00007f4c43eff000)]
  0x00007f4c60163150 JavaThread "Finalizer" daemon [_thread_blocked, id=4787, stack(0x00007f4c43cfd000,0x00007f4c43dfe000)]
  0x00007f4c6018ad80 JavaThread "Signal Dispatcher" daemon [_thread_blocked, id=4788, stack(0x00007f4c42e1e000,0x00007f4c42f1f000)]
  0x00007f4c6018e670 JavaThread "Service Thread" daemon [_thread_blocked, id=4789, stack(0x00007f4c42d1d000,0x00007f4c42e1e000)]
  0x00007f4c6018f610 JavaThread "Monitor Deflation Thread" daemon [_thread_blocked, id=4790, stack(0x00007f4c42c1c000,0x00007f4c42d1d000)]
  0x00007f4c60190c70 JavaThread "C2 CompilerThread0" daemon [_thread_blocked, id=4791, stack(0x00007f4c42b1b000,0x00007f4c42c1c000)]
  0x00007f4c60192130 JavaThread "C1 CompilerThread0" daemon [_thread_blocked, id=4792, stack(0x00007f4c42a1a000,0x00007f4c42b1b000)]
  0x00007f4c6019b570 JavaThread "Sweeper thread" daemon [_thread_blocked, id=4793, stack(0x00007f4c42919000,0x00007f4c42a1a000)]
  0x00007f4c601f13a0 JavaThread "Common-Cleaner" daemon [_thread_blocked, id=4796, stack(0x00007f4c42818000,0x00007f4c42919000)]
  0x00007f4c602e6b50 JavaThread "Notification Thread" daemon [_thread_blocked, id=4824, stack(0x00007f4c42717000,0x00007f4c42818000)]
  0x00007f4c6049aaf0 JavaThread "Active Thread: Equinox Container: 7f23f13e-b68b-4432-a776-1fb99b3884a3" [_thread_blocked, id=4848, stack(0x00007f4c42111000,0x00007f4c42212000)]
  0x00007f4c604ecb40 JavaThread "Framework Event Dispatcher: Equinox Container: 7f23f13e-b68b-4432-a776-1fb99b3884a3" daemon [_thread_blocked, id=4856, stack(0x00007f4c42010000,0x00007f4c42111000)]
  0x00007f4c604ef830 JavaThread "Start Level: Equinox Container: 7f23f13e-b68b-4432-a776-1fb99b3884a3" daemon [_thread_blocked, id=4857, stack(0x00007f4c41f0f000,0x00007f4c42010000)]
  0x00007f4bec43f930 JavaThread "Bundle File Closer" daemon [_thread_blocked, id=4875, stack(0x00007f4c42212000,0x00007f4c42313000)]
  0x00007f4bec4eab30 JavaThread "SCR Component Actor" daemon [_thread_blocked, id=4878, stack(0x00007f4c41bfc000,0x00007f4c41cfd000)]
  0x00007f4bec3b2f90 JavaThread "Worker-JM" [_thread_blocked, id=4901, stack(0x00007f4c419fa000,0x00007f4c41afb000)]
  0x00007f4bec8b9690 JavaThread "Java indexing" daemon [_thread_blocked, id=4984, stack(0x00007f4c41afb000,0x00007f4c41bfc000)]
  0x00007f4c60508320 JavaThread "pool-2-thread-1" [_thread_blocked, id=4992, stack(0x00007f4c412f3000,0x00007f4c413f4000)]
  0x00007f4c605a9d20 JavaThread "WorkspaceEventsHandler" [_thread_blocked, id=5000, stack(0x00007f4c411f2000,0x00007f4c412f3000)]
  0x00007f4c605aacd0 JavaThread "pool-1-thread-1" [_thread_in_native, id=5001, stack(0x00007f4c410f1000,0x00007f4c411f2000)]
  0x00007f4bdc1ad120 JavaThread "Worker-6" [_thread_blocked, id=5185, stack(0x00007f4c409ea000,0x00007f4c40aeb000)]
  0x00007f4c2c000d30 JavaThread "Attach Listener" daemon [_thread_blocked, id=5304, stack(0x00007f4c408e9000,0x00007f4c409ea000)]
  0x00007f4c0409d4b0 JavaThread "Worker-14" [_thread_blocked, id=40200, stack(0x00007f4c418f9000,0x00007f4c419fa000)]
  0x00007f4bcc1a5980 JavaThread "ForkJoinPool.commonPool-worker-32" daemon [_thread_blocked, id=51412, stack(0x00007f4c40ced000,0x00007f4c40dee000)]
  0x00007f4bcc1a31a0 JavaThread "ForkJoinPool.commonPool-worker-33" daemon [_thread_blocked, id=51413, stack(0x00007f4c40bec000,0x00007f4c40ced000)]
  0x00007f4be05458c0 JavaThread "ForkJoinPool.commonPool-worker-34" daemon [_thread_blocked, id=51414, stack(0x00007f4c414f5000,0x00007f4c415f6000)]
  0x00007f4be0404fb0 JavaThread "ForkJoinPool.commonPool-worker-35" daemon [_thread_blocked, id=51423, stack(0x00007f4c40ff0000,0x00007f4c410f1000)]
  0x00007f4be0645f20 JavaThread "ForkJoinPool.commonPool-worker-36" daemon [_thread_blocked, id=51424, stack(0x00007f4c413f4000,0x00007f4c414f5000)]

Other Threads:
  0x00007f4c60068070 VMThread "VM Thread" [stack: 0x00007f4c43f00000,0x00007f4c44000000] [id=4785]
  0x00007f4c6028ff00 WatcherThread [stack: 0x00007f4c42617000,0x00007f4c42717000] [id=4825]
=>0x00007f4c6003e840 GCTaskThread "GC Thread#0" [stack: 0x00007f4c65150000,0x00007f4c65250000] [id=4784]
  0x00007f4c3c0010b0 GCTaskThread "GC Thread#1" [stack: 0x00007f4c42516000,0x00007f4c42616000] [id=4839]
  0x00007f4c3c002570 GCTaskThread "GC Thread#2" [stack: 0x00007f4c42415000,0x00007f4c42515000] [id=4840]
  0x00007f4c3c002dc0 GCTaskThread "GC Thread#3" [stack: 0x00007f4c42314000,0x00007f4c42414000] [id=4841]

Threads with active compile tasks:

VM state: at safepoint (normal execution)

VM Mutex/Monitor currently owned by a thread:  ([mutex/lock_event])
[0x00007f4c60024240] Threads_lock - owner thread: 0x00007f4c60068070
[0x00007f4c600249f0] Heap_lock - owner thread: 0x00007f4bec8b9690

Heap address: 0x00000000c0000000, size: 1024 MB, Compressed Oops mode: 32-bit

CDS archive(s) not mapped
Compressed class space mapped at: 0x0000000100000000-0x0000000140000000, reserved size: 1073741824
Narrow klass base: 0x0000000000000000, Narrow klass shift: 3, Narrow klass range: 0x140000000

GC Precious Log:
 CPUs: 4 total, 4 available
 Memory: 7826M
 Large Page Support: Disabled
 NUMA Support: Disabled
 Compressed Oops: Enabled (32-bit)
 Alignments: Space 512K, Generation 512K, Heap 2M
 Heap Min Capacity: 100M
 Heap Initial Capacity: 100M
 Heap Max Capacity: 1G
 Pre-touch: Disabled
 Parallel Workers: 4

Heap:
 PSYoungGen      total 17408K, used 1014K [0x00000000eab00000, 0x00000000ed900000, 0x0000000100000000)
  eden space 16384K, 0% used [0x00000000eab00000,0x00000000eab00000,0x00000000ebb00000)
  from space 1024K, 99% used [0x00000000ebd00000,0x00000000ebdfdaa0,0x00000000ebe00000)
  to   space 15360K, 0% used [0x00000000eca00000,0x00000000eca00000,0x00000000ed900000)
 ParOldGen       total 313856K, used 301100K [0x00000000c0000000, 0x00000000d3280000, 0x00000000eab00000)
  object space 313856K, 95% used [0x00000000c0000000,0x00000000d260b248,0x00000000d3280000)
 Metaspace       used 92021K, committed 93376K, reserved 1179648K
  class space    used 9283K, committed 9856K, reserved 1048576K

Card table byte_map: [0x00007f4c65250000,0x00007f4c65451000] _byte_map_base: 0x00007f4c64c50000

Marking Bits: (ParMarkBitMap*) 0x00007f4c66c1ac40
 Begin Bits: [0x00007f4c4c3db000, 0x00007f4c4d3db000)
 End Bits:   [0x00007f4c4d3db000, 0x00007f4c4e3db000)

Polling page: 0x00007f4c66e71000

Metaspace:

Usage:
  Non-class:     80.80 MB used.
      Class:      9.07 MB used.
       Both:     89.86 MB used.

Virtual space:
  Non-class space:      128.00 MB reserved,      81.56 MB ( 64%) committed,  2 nodes.
      Class space:        1.00 GB reserved,       9.62 MB ( <1%) committed,  1 nodes.
             Both:        1.12 GB reserved,      91.19 MB (  8%) committed. 

Chunk freelists:
   Non-Class:  14.20 MB
       Class:  6.28 MB
        Both:  20.48 MB

MaxMetaspaceSize: unlimited
CompressedClassSpaceSize: 1.00 GB
Initial GC threshold: 21.00 MB
Current GC threshold: 151.69 MB
CDS: off
MetaspaceReclaimPolicy: balanced
 - commit_granule_bytes: 65536.
 - commit_granule_words: 8192.
 - virtual_space_node_default_size: 8388608.
 - enlarge_chunks_in_place: 1.
 - new_chunks_are_fully_committed: 0.
 - uncommit_free_chunks: 1.
 - use_allocation_guard: 0.
 - handle_deallocations: 1.


Internal statistics:

num_allocs_failed_limit: 11.
num_arena_births: 1406.
num_arena_deaths: 482.
num_vsnodes_births: 3.
num_vsnodes_deaths: 0.
num_space_committed: 1459.
num_space_uncommitted: 0.
num_chunks_returned_to_freelist: 626.
num_chunks_taken_from_freelist: 5630.
num_chunk_merges: 229.
num_chunk_splits: 3232.
num_chunks_enlarged: 1709.
num_inconsistent_stats: 0.

CodeHeap 'non-profiled nmethods': size=120032Kb used=17244Kb max_used=17244Kb free=102787Kb
 bounds [0x00007f4c55ea3000, 0x00007f4c56f83000, 0x00007f4c5d3db000]
CodeHeap 'profiled nmethods': size=120028Kb used=34269Kb max_used=34269Kb free=85758Kb
 bounds [0x00007f4c4e3db000, 0x00007f4c5055b000, 0x00007f4c55912000]
CodeHeap 'non-nmethods': size=5700Kb used=1415Kb max_used=1492Kb free=4284Kb
 bounds [0x00007f4c55912000, 0x00007f4c55b82000, 0x00007f4c55ea3000]
 total_blobs=17502 nmethods=16735 adapters=678
 compilation: enabled
              stopped_count=0, restarted_count=0
 full_count=0

Compilation events (20 events):
Event: 8680.392 Thread 0x00007f4c60192130 nmethod 24539 0x00007f4c5054f810 code [0x00007f4c5054f9c0, 0x00007f4c5054fb30]
Event: 8680.392 Thread 0x00007f4c60192130 24540       3       org.eclipse.jdt.internal.formatter.DefaultCodeFormatterOptions$$Lambda$968/0x000000010099be20::accept (12 bytes)
Event: 8680.392 Thread 0x00007f4c60192130 nmethod 24540 0x00007f4c5054fc10 code [0x00007f4c5054fdc0, 0x00007f4c50550050]
Event: 8680.398 Thread 0x00007f4c60192130 24541       3       org.eclipse.lsp4j.jsonrpc.RemoteEndpoint$$Lambda$370/0x000000010056ac98::accept (13 bytes)
Event: 8680.398 Thread 0x00007f4c60192130 nmethod 24541 0x00007f4c50550190 code [0x00007f4c50550380, 0x00007f4c50550ac0]
Event: 8680.398 Thread 0x00007f4c60192130 24542       3       org.eclipse.lsp4j.jsonrpc.RemoteEndpoint::lambda$handleRequest$1 (16 bytes)
Event: 8680.399 Thread 0x00007f4c60192130 nmethod 24542 0x00007f4c50550d90 code [0x00007f4c50550f80, 0x00007f4c50551660]
Event: 8680.437 Thread 0x00007f4c60190c70 nmethod 24500 0x00007f4c56f76810 code [0x00007f4c56f76a60, 0x00007f4c56f78348]
Event: 8680.782 Thread 0x00007f4c60192130 24543   !   3       org.eclipse.jdt.internal.core.DeltaProcessor::checkSourceAttachmentChange (163 bytes)
Event: 8680.785 Thread 0x00007f4c60192130 nmethod 24543 0x00007f4c50551890 code [0x00007f4c50551d40, 0x00007f4c505541b0]
Event: 8680.785 Thread 0x00007f4c60192130 24544       3       org.eclipse.jface.text.AbstractDocument::containsPositionCategory (17 bytes)
Event: 8680.793 Thread 0x00007f4c60192130 nmethod 24544 0x00007f4c50554f90 code [0x00007f4c50555140, 0x00007f4c50555360]
Event: 8680.793 Thread 0x00007f4c60192130 24545       3       org.eclipse.core.internal.content.LazyInputStream::read (59 bytes)
Event: 8680.794 Thread 0x00007f4c60192130 nmethod 24545 0x00007f4c50555410 code [0x00007f4c505555e0, 0x00007f4c50555840]
Event: 8680.796 Thread 0x00007f4c60192130 24546       3       org.eclipse.jdt.internal.compiler.parser.Scanner::<init> (20 bytes)
Event: 8680.796 Thread 0x00007f4c60192130 nmethod 24546 0x00007f4c50555a10 code [0x00007f4c50555bc0, 0x00007f4c50555d40]
Event: 8680.796 Thread 0x00007f4c60192130 24547   !   3       org.eclipse.jdt.internal.compiler.SourceElementNotifier::notifySourceElementRequestor (441 bytes)
Event: 8680.798 Thread 0x00007f4c60192130 nmethod 24547 0x00007f4c50555e10 code [0x00007f4c50556100, 0x00007f4c50557c20]
Event: 8680.799 Thread 0x00007f4c60190c70 24548 %     4       org.eclipse.jdt.internal.core.index.DiskIndex::computeDocumentNames @ 491 (599 bytes)
Event: 8680.807 Thread 0x00007f4c60190c70 nmethod 24548% 0x00007f4c56f79390 code [0x00007f4c56f79560, 0x00007f4c56f79c38]

GC Heap History (20 events):
Event: 8680.120 GC heap after
{Heap after GC invocations=357 (full 17):
 PSYoungGen      total 5120K, used 512K [0x00000000eab00000, 0x00000000eb780000, 0x0000000100000000)
  eden space 4608K, 0% used [0x00000000eab00000,0x00000000eab00000,0x00000000eaf80000)
  from space 512K, 100% used [0x00000000eb700000,0x00000000eb780000,0x00000000eb780000)
  to   space 2048K, 0% used [0x00000000eb380000,0x00000000eb380000,0x00000000eb580000)
 ParOldGen       total 313856K, used 272711K [0x00000000c0000000, 0x00000000d3280000, 0x00000000eab00000)
  object space 313856K, 86% used [0x00000000c0000000,0x00000000d0a51d38,0x00000000d3280000)
 Metaspace       used 92006K, committed 93376K, reserved 1179648K
  class space    used 9283K, committed 9856K, reserved 1048576K
}
Event: 8680.132 GC heap before
{Heap before GC invocations=358 (full 17):
 PSYoungGen      total 5120K, used 5120K [0x00000000eab00000, 0x00000000eb780000, 0x0000000100000000)
  eden space 4608K, 100% used [0x00000000eab00000,0x00000000eaf80000,0x00000000eaf80000)
  from space 512K, 100% used [0x00000000eb700000,0x00000000eb780000,0x00000000eb780000)
  to   space 2048K, 0% used [0x00000000eb380000,0x00000000eb380000,0x00000000eb580000)
 ParOldGen       total 313856K, used 272711K [0x00000000c0000000, 0x00000000d3280000, 0x00000000eab00000)
  object space 313856K, 86% used [0x00000000c0000000,0x00000000d0a51d38,0x00000000d3280000)
 Metaspace       used 92006K, committed 93376K, reserved 1179648K
  class space    used 9283K, committed 9856K, reserved 1048576K
}
Event: 8680.136 GC heap after
{Heap after GC invocations=358 (full 17):
 PSYoungGen      total 7680K, used 288K [0x00000000eab00000, 0x00000000eb780000, 0x0000000100000000)
  eden space 5632K, 0% used [0x00000000eab00000,0x00000000eab00000,0x00000000eb080000)
  from space 2048K, 14% used [0x00000000eb380000,0x00000000eb3c8000,0x00000000eb580000)
  to   space 1024K, 0% used [0x00000000eb680000,0x00000000eb680000,0x00000000eb780000)
 ParOldGen       total 313856K, used 273163K [0x00000000c0000000, 0x00000000d3280000, 0x00000000eab00000)
  object space 313856K, 87% used [0x00000000c0000000,0x00000000d0ac2d48,0x00000000d3280000)
 Metaspace       used 92006K, committed 93376K, reserved 1179648K
  class space    used 9283K, committed 9856K, reserved 1048576K
}
Event: 8680.152 GC heap before
{Heap before GC invocations=359 (full 17):
 PSYoungGen      total 7680K, used 5920K [0x00000000eab00000, 0x00000000eb780000, 0x0000000100000000)
  eden space 5632K, 100% used [0x00000000eab00000,0x00000000eb080000,0x00000000eb080000)
  from space 2048K, 14% used [0x00000000eb380000,0x00000000eb3c8000,0x00000000eb580000)
  to   space 1024K, 0% used [0x00000000eb680000,0x00000000eb680000,0x00000000eb780000)
 ParOldGen       total 313856K, used 273163K [0x00000000c0000000, 0x00000000d3280000, 0x00000000eab00000)
  object space 313856K, 87% used [0x00000000c0000000,0x00000000d0ac2d48,0x00000000d3280000)
 Metaspace       used 92006K, committed 93376K, reserved 1179648K
  class space    used 9283K, committed 9856K, reserved 1048576K
}
Event: 8680.155 GC heap after
{Heap after GC invocations=359 (full 17):
 PSYoungGen      total 7680K, used 329K [0x00000000eab00000, 0x00000000eb700000, 0x0000000100000000)
  eden space 7168K, 0% used [0x00000000eab00000,0x00000000eab00000,0x00000000eb200000)
  from space 512K, 64% used [0x00000000eb680000,0x00000000eb6d2400,0x00000000eb700000)
  to   space 512K, 0% used [0x00000000eb600000,0x00000000eb600000,0x00000000eb680000)
 ParOldGen       total 313856K, used 273383K [0x00000000c0000000, 0x00000000d3280000, 0x00000000eab00000)
  object space 313856K, 87% used [0x00000000c0000000,0x00000000d0af9d58,0x00000000d3280000)
 Metaspace       used 92006K, committed 93376K, reserved 1179648K
  class space    used 9283K, committed 9856K, reserved 1048576K
}
Event: 8680.175 GC heap before
{Heap before GC invocations=360 (full 17):
 PSYoungGen      total 7680K, used 7497K [0x00000000eab00000, 0x00000000eb700000, 0x0000000100000000)
  eden space 7168K, 100% used [0x00000000eab00000,0x00000000eb200000,0x00000000eb200000)
  from space 512K, 64% used [0x00000000eb680000,0x00000000eb6d2400,0x00000000eb700000)
  to   space 512K, 0% used [0x00000000eb600000,0x00000000eb600000,0x00000000eb680000)
 ParOldGen       total 313856K, used 273383K [0x00000000c0000000, 0x00000000d3280000, 0x00000000eab00000)
  object space 313856K, 87% used [0x00000000c0000000,0x00000000d0af9d58,0x00000000d3280000)
 Metaspace       used 92006K, committed 93376K, reserved 1179648K
  class space    used 9283K, committed 9856K, reserved 1048576K
}
Event: 8680.179 GC heap after
{Heap after GC invocations=360 (full 17):
 PSYoungGen      total 9216K, used 496K [0x00000000eab00000, 0x00000000eb700000, 0x0000000100000000)
  eden space 8704K, 0% used [0x00000000eab00000,0x00000000eab00000,0x00000000eb380000)
  from space 512K, 96% used [0x00000000eb600000,0x00000000eb67c010,0x00000000eb680000)
  to   space 512K, 0% used [0x00000000eb680000,0x00000000eb680000,0x00000000eb700000)
 ParOldGen       total 313856K, used 273774K [0x00000000c0000000, 0x00000000d3280000, 0x00000000eab00000)
  object space 313856K, 87% used [0x00000000c0000000,0x00000000d0b5bb50,0x00000000d3280000)
 Metaspace       used 92006K, committed 93376K, reserved 1179648K
  class space    used 9283K, committed 9856K, reserved 1048576K
}
Event: 8680.214 GC heap before
{Heap before GC invocations=361 (full 17):
 PSYoungGen      total 9216K, used 9200K [0x00000000eab00000, 0x00000000eb700000, 0x0000000100000000)
  eden space 8704K, 100% used [0x00000000eab00000,0x00000000eb380000,0x00000000eb380000)
  from space 512K, 96% used [0x00000000eb600000,0x00000000eb67c010,0x00000000eb680000)
  to   space 512K, 0% used [0x00000000eb680000,0x00000000eb680000,0x00000000eb700000)
 ParOldGen       total 313856K, used 273774K [0x00000000c0000000, 0x00000000d3280000, 0x00000000eab00000)
  object space 313856K, 87% used [0x00000000c0000000,0x00000000d0b5bb50,0x00000000d3280000)
 Metaspace       used 92007K, committed 93376K, reserved 1179648K
  class space    used 9283K, committed 9856K, reserved 1048576K
}
Event: 8680.220 GC heap after
{Heap after GC invocations=361 (full 17):
 PSYoungGen      total 9216K, used 489K [0x00000000eab00000, 0x00000000ebb00000, 0x0000000100000000)
  eden space 8704K, 0% used [0x00000000eab00000,0x00000000eab00000,0x00000000eb380000)
  from space 512K, 95% used [0x00000000eb680000,0x00000000eb6fa400,0x00000000eb700000)
  to   space 3072K, 0% used [0x00000000eb380000,0x00000000eb380000,0x00000000eb680000)
 ParOldGen       total 313856K, used 275978K [0x00000000c0000000, 0x00000000d3280000, 0x00000000eab00000)
  object space 313856K, 87% used [0x00000000c0000000,0x00000000d0d82af0,0x00000000d3280000)
 Metaspace       used 92007K, committed 93376K, reserved 1179648K
  class space    used 9283K, committed 9856K, reserved 1048576K
}
Event: 8680.252 GC heap before
{Heap before GC invocations=362 (full 17):
 PSYoungGen      total 9216K, used 9193K [0x00000000eab00000, 0x00000000ebb00000, 0x0000000100000000)
  eden space 8704K, 100% used [0x00000000eab00000,0x00000000eb380000,0x00000000eb380000)
  from space 512K, 95% used [0x00000000eb680000,0x00000000eb6fa400,0x00000000eb700000)
  to   space 3072K, 0% used [0x00000000eb380000,0x00000000eb380000,0x00000000eb680000)
 ParOldGen       total 313856K, used 275978K [0x00000000c0000000, 0x00000000d3280000, 0x00000000eab00000)
  object space 313856K, 87% used [0x00000000c0000000,0x00000000d0d82af0,0x00000000d3280000)
 Metaspace       used 92007K, committed 93376K, reserved 1179648K
  class space    used 9283K, committed 9856K, reserved 1048576K
}
Event: 8680.269 GC heap after
{Heap after GC invocations=362 (full 17):
 PSYoungGen      total 11776K, used 3072K [0x00000000eab00000, 0x00000000eca00000, 0x0000000100000000)
  eden space 8704K, 0% used [0x00000000eab00000,0x00000000eab00000,0x00000000eb380000)
  from space 3072K, 100% used [0x00000000eb380000,0x00000000eb680000,0x00000000eb680000)
  to   space 10752K, 0% used [0x00000000ebf80000,0x00000000ebf80000,0x00000000eca00000)
 ParOldGen       total 313856K, used 282139K [0x00000000c0000000, 0x00000000d3280000, 0x00000000eab00000)
  object space 313856K, 89% used [0x00000000c0000000,0x00000000d1386f10,0x00000000d3280000)
 Metaspace       used 92007K, committed 93376K, reserved 1179648K
  class space    used 9283K, committed 9856K, reserved 1048576K
}
Event: 8680.300 GC heap before
{Heap before GC invocations=363 (full 17):
 PSYoungGen      total 11776K, used 11776K [0x00000000eab00000, 0x00000000eca00000, 0x0000000100000000)
  eden space 8704K, 100% used [0x00000000eab00000,0x00000000eb380000,0x00000000eb380000)
  from space 3072K, 100% used [0x00000000eb380000,0x00000000eb680000,0x00000000eb680000)
  to   space 10752K, 0% used [0x00000000ebf80000,0x00000000ebf80000,0x00000000eca00000)
 ParOldGen       total 313856K, used 282139K [0x00000000c0000000, 0x00000000d3280000, 0x00000000eab00000)
  object space 313856K, 89% used [0x00000000c0000000,0x00000000d1386f10,0x00000000d3280000)
 Metaspace       used 92012K, committed 93376K, reserved 1179648K
  class space    used 9283K, committed 9856K, reserved 1048576K
}
Event: 8680.310 GC heap after
{Heap after GC invocations=363 (full 17):
 PSYoungGen      total 13824K, used 3113K [0x00000000eab00000, 0x00000000ec300000, 0x0000000100000000)
  eden space 10240K, 0% used [0x00000000eab00000,0x00000000eab00000,0x00000000eb500000)
  from space 3584K, 86% used [0x00000000ebf80000,0x00000000ec28a400,0x00000000ec300000)
  to   space 5632K, 0% used [0x00000000eb800000,0x00000000eb800000,0x00000000ebd80000)
 ParOldGen       total 313856K, used 285243K [0x00000000c0000000, 0x00000000d3280000, 0x00000000eab00000)
  object space 313856K, 90% used [0x00000000c0000000,0x00000000d168ef10,0x00000000d3280000)
 Metaspace       used 92012K, committed 93376K, reserved 1179648K
  class space    used 9283K, committed 9856K, reserved 1048576K
}
Event: 8680.337 GC heap before
{Heap before GC invocations=364 (full 17):
 PSYoungGen      total 13824K, used 13353K [0x00000000eab00000, 0x00000000ec300000, 0x0000000100000000)
  eden space 10240K, 100% used [0x00000000eab00000,0x00000000eb500000,0x00000000eb500000)
  from space 3584K, 86% used [0x00000000ebf80000,0x00000000ec28a400,0x00000000ec300000)
  to   space 5632K, 0% used [0x00000000eb800000,0x00000000eb800000,0x00000000ebd80000)
 ParOldGen       total 313856K, used 285243K [0x00000000c0000000, 0x00000000d3280000, 0x00000000eab00000)
  object space 313856K, 90% used [0x00000000c0000000,0x00000000d168ef10,0x00000000d3280000)
 Metaspace       used 92012K, committed 93376K, reserved 1179648K
  class space    used 9283K, committed 9856K, reserved 1048576K
}
Event: 8680.344 GC heap after
{Heap after GC invocations=364 (full 17):
 PSYoungGen      total 17408K, used 761K [0x00000000eab00000, 0x00000000ec000000, 0x0000000100000000)
  eden space 11776K, 0% used [0x00000000eab00000,0x00000000eab00000,0x00000000eb680000)
  from space 5632K, 13% used [0x00000000eb800000,0x00000000eb8be410,0x00000000ebd80000)
  to   space 2048K, 0% used [0x00000000ebe00000,0x00000000ebe00000,0x00000000ec000000)
 ParOldGen       total 313856K, used 288268K [0x00000000c0000000, 0x00000000d3280000, 0x00000000eab00000)
  object space 313856K, 91% used [0x00000000c0000000,0x00000000d1983330,0x00000000d3280000)
 Metaspace       used 92012K, committed 93376K, reserved 1179648K
  class space    used 9283K, committed 9856K, reserved 1048576K
}
Event: 8680.785 GC heap before
{Heap before GC invocations=365 (full 17):
 PSYoungGen      total 17408K, used 12537K [0x00000000eab00000, 0x00000000ec000000, 0x0000000100000000)
  eden space 11776K, 100% used [0x00000000eab00000,0x00000000eb680000,0x00000000eb680000)
  from space 5632K, 13% used [0x00000000eb800000,0x00000000eb8be410,0x00000000ebd80000)
  to   space 2048K, 0% used [0x00000000ebe00000,0x00000000ebe00000,0x00000000ec000000)
 ParOldGen       total 313856K, used 288268K [0x00000000c0000000, 0x00000000d3280000, 0x00000000eab00000)
  object space 313856K, 91% used [0x00000000c0000000,0x00000000d1983330,0x00000000d3280000)
 Metaspace       used 92016K, committed 93376K, reserved 1179648K
  class space    used 9283K, committed 9856K, reserved 1048576K
}
Event: 8680.793 GC heap after
{Heap after GC invocations=365 (full 17):
 PSYoungGen      total 14848K, used 768K [0x00000000eab00000, 0x00000000ebf00000, 0x0000000100000000)
  eden space 13824K, 0% used [0x00000000eab00000,0x00000000eab00000,0x00000000eb880000)
  from space 1024K, 75% used [0x00000000ebe00000,0x00000000ebec0000,0x00000000ebf00000)
  to   space 1024K, 0% used [0x00000000ebd00000,0x00000000ebd00000,0x00000000ebe00000)
 ParOldGen       total 313856K, used 288972K [0x00000000c0000000, 0x00000000d3280000, 0x00000000eab00000)
  object space 313856K, 92% used [0x00000000c0000000,0x00000000d1a33148,0x00000000d3280000)
 Metaspace       used 92016K, committed 93376K, reserved 1179648K
  class space    used 9283K, committed 9856K, reserved 1048576K
}
Event: 8680.831 GC heap before
{Heap before GC invocations=366 (full 17):
 PSYoungGen      total 14848K, used 14592K [0x00000000eab00000, 0x00000000ebf00000, 0x0000000100000000)
  eden space 13824K, 100% used [0x00000000eab00000,0x00000000eb880000,0x00000000eb880000)
  from space 1024K, 75% used [0x00000000ebe00000,0x00000000ebec0000,0x00000000ebf00000)
  to   space 1024K, 0% used [0x00000000ebd00000,0x00000000ebd00000,0x00000000ebe00000)
 ParOldGen       total 313856K, used 288972K [0x00000000c0000000, 0x00000000d3280000, 0x00000000eab00000)
  object space 313856K, 92% used [0x00000000c0000000,0x00000000d1a33148,0x00000000d3280000)
 Metaspace       used 92021K, committed 93376K, reserved 1179648K
  class space    used 9283K, committed 9856K, reserved 1048576K
}
Event: 8680.846 GC heap after
{Heap after GC invocations=366 (full 17):
 PSYoungGen      total 17408K, used 1014K [0x00000000eab00000, 0x00000000ed900000, 0x0000000100000000)
  eden space 16384K, 0% used [0x00000000eab00000,0x00000000eab00000,0x00000000ebb00000)
  from space 1024K, 99% used [0x00000000ebd00000,0x00000000ebdfdaa0,0x00000000ebe00000)
  to   space 15360K, 0% used [0x00000000eca00000,0x00000000eca00000,0x00000000ed900000)
 ParOldGen       total 313856K, used 301100K [0x00000000c0000000, 0x00000000d3280000, 0x00000000eab00000)
  object space 313856K, 95% used [0x00000000c0000000,0x00000000d260b248,0x00000000d3280000)
 Metaspace       used 92021K, committed 93376K, reserved 1179648K
  class space    used 9283K, committed 9856K, reserved 1048576K
}
Event: 8680.846 GC heap before
{Heap before GC invocations=367 (full 18):
 PSYoungGen      total 17408K, used 1014K [0x00000000eab00000, 0x00000000ed900000, 0x0000000100000000)
  eden space 16384K, 0% used [0x00000000eab00000,0x00000000eab00000,0x00000000ebb00000)
  from space 1024K, 99% used [0x00000000ebd00000,0x00000000ebdfdaa0,0x00000000ebe00000)
  to   space 15360K, 0% used [0x00000000eca00000,0x00000000eca00000,0x00000000ed900000)
 ParOldGen       total 313856K, used 301100K [0x00000000c0000000, 0x00000000d3280000, 0x00000000eab00000)
  object space 313856K, 95% used [0x00000000c0000000,0x00000000d260b248,0x00000000d3280000)
 Metaspace       used 92021K, committed 93376K, reserved 1179648K
  class space    used 9283K, committed 9856K, reserved 1048576K
}

Dll operation events (10 events):
Event: 0.003 Loaded shared library /home/user/.vscode/extensions/redhat.java-1.25.1-linux-x64/jre/17.0.9-linux-x86_64/lib/libjava.so
Event: 2.036 Loaded shared library /home/user/.vscode/extensions/redhat.java-1.25.1-linux-x64/jre/17.0.9-linux-x86_64/lib/libzip.so
Event: 2.061 Loaded shared library /home/user/.vscode/extensions/redhat.java-1.25.1-linux-x64/jre/17.0.9-linux-x86_64/lib/libinstrument.so
Event: 2.154 Loaded shared library /home/user/.vscode/extensions/redhat.java-1.25.1-linux-x64/jre/17.0.9-linux-x86_64/lib/libnio.so
Event: 2.422 Loaded shared library /home/user/.vscode/extensions/redhat.java-1.25.1-linux-x64/jre/17.0.9-linux-x86_64/lib/libzip.so
Event: 2.692 Loaded shared library /home/user/.vscode/extensions/redhat.java-1.25.1-linux-x64/jre/17.0.9-linux-x86_64/lib/libjimage.so
Event: 3.512 Loaded shared library /home/user/.vscode/extensions/redhat.java-1.25.1-linux-x64/jre/17.0.9-linux-x86_64/lib/libverify.so
Event: 9.865 Loaded shared library /home/user/.vscode/extensions/redhat.java-1.25.1-linux-x64/jre/17.0.9-linux-x86_64/lib/libnet.so
Event: 13.648 Loaded shared library /home/user/.config/Code/User/globalStorage/redhat.java/1.25.1/config_linux/org.eclipse.equinox.launcher/org.eclipse.equinox.launcher.gtk.linux.x86_64_1.2.800.v20231003-1442/eclipse_11802.so
Event: 44.085 Loaded shared library /home/user/.vscode/extensions/redhat.java-1.25.1-linux-x64/jre/17.0.9-linux-x86_64/lib/libextnet.so

Deoptimization events (20 events):
Event: 8664.220 Thread 0x00007f4c0409d4b0 Uncommon trap: trap_request=0xffffffc6 fr.pc=0x00007f4c56f3c058 relative=0x0000000000000058
Event: 8664.220 Thread 0x00007f4c0409d4b0 Uncommon trap: reason=bimorphic_or_optimized_type_check action=maybe_recompile pc=0x00007f4c56f3c058 method=org.eclipse.jdt.internal.core.PackageFragmentRoot.getModuleDescription()Lorg/eclipse/jdt/core/IModuleDescription; @ 1 c2
Event: 8664.220 Thread 0x00007f4c0409d4b0 DEOPT PACKING pc=0x00007f4c56f3c058 sp=0x00007f4c419f80f0
Event: 8664.220 Thread 0x00007f4c0409d4b0 DEOPT UNPACKING pc=0x00007f4c55968399 sp=0x00007f4c419f80c8 mode 2
Event: 8664.220 Thread 0x00007f4c0409d4b0 Uncommon trap: trap_request=0xffffffc6 fr.pc=0x00007f4c56f3c058 relative=0x0000000000000058
Event: 8664.220 Thread 0x00007f4c0409d4b0 Uncommon trap: reason=bimorphic_or_optimized_type_check action=maybe_recompile pc=0x00007f4c56f3c058 method=org.eclipse.jdt.internal.core.PackageFragmentRoot.getModuleDescription()Lorg/eclipse/jdt/core/IModuleDescription; @ 1 c2
Event: 8664.220 Thread 0x00007f4c0409d4b0 DEOPT PACKING pc=0x00007f4c56f3c058 sp=0x00007f4c419f80f0
Event: 8664.220 Thread 0x00007f4c0409d4b0 DEOPT UNPACKING pc=0x00007f4c55968399 sp=0x00007f4c419f80c8 mode 2
Event: 8664.220 Thread 0x00007f4c0409d4b0 Uncommon trap: trap_request=0xffffffc6 fr.pc=0x00007f4c56f3c058 relative=0x0000000000000058
Event: 8664.220 Thread 0x00007f4c0409d4b0 Uncommon trap: reason=bimorphic_or_optimized_type_check action=maybe_recompile pc=0x00007f4c56f3c058 method=org.eclipse.jdt.internal.core.PackageFragmentRoot.getModuleDescription()Lorg/eclipse/jdt/core/IModuleDescription; @ 1 c2
Event: 8664.220 Thread 0x00007f4c0409d4b0 DEOPT PACKING pc=0x00007f4c56f3c058 sp=0x00007f4c419f80f0
Event: 8664.220 Thread 0x00007f4c0409d4b0 DEOPT UNPACKING pc=0x00007f4c55968399 sp=0x00007f4c419f80c8 mode 2
Event: 8664.220 Thread 0x00007f4c0409d4b0 Uncommon trap: trap_request=0xffffffc6 fr.pc=0x00007f4c56f3c058 relative=0x0000000000000058
Event: 8664.220 Thread 0x00007f4c0409d4b0 Uncommon trap: reason=bimorphic_or_optimized_type_check action=maybe_recompile pc=0x00007f4c56f3c058 method=org.eclipse.jdt.internal.core.PackageFragmentRoot.getModuleDescription()Lorg/eclipse/jdt/core/IModuleDescription; @ 1 c2
Event: 8664.220 Thread 0x00007f4c0409d4b0 DEOPT PACKING pc=0x00007f4c56f3c058 sp=0x00007f4c419f80f0
Event: 8664.220 Thread 0x00007f4c0409d4b0 DEOPT UNPACKING pc=0x00007f4c55968399 sp=0x00007f4c419f80c8 mode 2
Event: 8666.484 Thread 0x00007f4bcc1a31a0 DEOPT PACKING pc=0x00007f4c4fffe422 sp=0x00007f4c40ce9770
Event: 8666.484 Thread 0x00007f4bcc1a31a0 DEOPT UNPACKING pc=0x00007f4c55968b2f sp=0x00007f4c40ce8c38 mode 0
Event: 8673.878 Thread 0x00007f4bcc1a31a0 DEOPT PACKING pc=0x00007f4c4f29eeac sp=0x00007f4c40ceacd0
Event: 8673.878 Thread 0x00007f4bcc1a31a0 DEOPT UNPACKING pc=0x00007f4c55968b2f sp=0x00007f4c40cea230 mode 0

Classes unloaded (20 events):
Event: 6011.079 Thread 0x00007f4c60068070 Unloading class 0x0000000100317800 'jdk/internal/reflect/GeneratedSerializationConstructorAccessor41'
Event: 6011.079 Thread 0x00007f4c60068070 Unloading class 0x0000000100318c00 'jdk/internal/reflect/GeneratedSerializationConstructorAccessor40'
Event: 6011.079 Thread 0x00007f4c60068070 Unloading class 0x000000010031a000 'jdk/internal/reflect/GeneratedSerializationConstructorAccessor39'
Event: 6011.079 Thread 0x00007f4c60068070 Unloading class 0x000000010045a000 'jdk/internal/reflect/GeneratedSerializationConstructorAccessor38'
Event: 6011.079 Thread 0x00007f4c60068070 Unloading class 0x0000000100479000 'jdk/internal/reflect/GeneratedSerializationConstructorAccessor37'
Event: 6011.079 Thread 0x00007f4c60068070 Unloading class 0x00000001005dc800 'jdk/internal/reflect/GeneratedSerializationConstructorAccessor36'
Event: 6011.079 Thread 0x00007f4c60068070 Unloading class 0x0000000100916800 'java/lang/invoke/LambdaForm$MH+0x0000000100916800'
Event: 6011.079 Thread 0x00007f4c60068070 Unloading class 0x0000000100916400 'java/lang/invoke/LambdaForm$MH+0x0000000100916400'
Event: 6011.079 Thread 0x00007f4c60068070 Unloading class 0x0000000100916000 'java/lang/invoke/LambdaForm$MH+0x0000000100916000'
Event: 6011.079 Thread 0x00007f4c60068070 Unloading class 0x0000000100915c00 'java/lang/invoke/LambdaForm$MH+0x0000000100915c00'
Event: 6011.079 Thread 0x00007f4c60068070 Unloading class 0x0000000100915800 'java/lang/invoke/LambdaForm$MH+0x0000000100915800'
Event: 6011.079 Thread 0x00007f4c60068070 Unloading class 0x0000000100915400 'java/lang/invoke/LambdaForm$MH+0x0000000100915400'
Event: 6011.079 Thread 0x00007f4c60068070 Unloading class 0x0000000100915000 'java/lang/invoke/LambdaForm$MH+0x0000000100915000'
Event: 6011.079 Thread 0x00007f4c60068070 Unloading class 0x0000000100914c00 'java/lang/invoke/LambdaForm$MH+0x0000000100914c00'
Event: 6011.079 Thread 0x00007f4c60068070 Unloading class 0x0000000100914800 'java/lang/invoke/LambdaForm$MH+0x0000000100914800'
Event: 6011.079 Thread 0x00007f4c60068070 Unloading class 0x0000000100914400 'java/lang/invoke/LambdaForm$MH+0x0000000100914400'
Event: 6011.079 Thread 0x00007f4c60068070 Unloading class 0x0000000100914000 'java/lang/invoke/LambdaForm$MH+0x0000000100914000'
Event: 6011.079 Thread 0x00007f4c60068070 Unloading class 0x00000001008ffc00 'java/lang/invoke/LambdaForm$MH+0x00000001008ffc00'
Event: 6011.079 Thread 0x00007f4c60068070 Unloading class 0x00000001008fcc00 'java/lang/invoke/LambdaForm$MH+0x00000001008fcc00'
Event: 6011.079 Thread 0x00007f4c60068070 Unloading class 0x00000001008fc800 'java/lang/invoke/LambdaForm$MH+0x00000001008fc800'

Classes redefined (0 events):
No events

Internal exceptions (20 events):
Event: 5477.175 Thread 0x00007f4bd45f8fa0 Implicit null exception at 0x00007f4c4ec90b4f to 0x00007f4c4ec91e6c
Event: 5477.175 Thread 0x00007f4bd45f8fa0 Exception <a 'java/lang/NullPointerException'{0x00000000ebe3b7b0}> (0x00000000ebe3b7b0) 
thrown [src/hotspot/share/runtime/sharedRuntime.cpp, line 631]
Event: 5477.175 Thread 0x00007f4bd45f8fa0 Implicit null exception at 0x00007f4c4ec90b4f to 0x00007f4c4ec91e6c
Event: 5477.175 Thread 0x00007f4bd45f8fa0 Exception <a 'java/lang/NullPointerException'{0x00000000ebe44978}> (0x00000000ebe44978) 
thrown [src/hotspot/share/runtime/sharedRuntime.cpp, line 631]
Event: 5477.175 Thread 0x00007f4bd45f8fa0 Implicit null exception at 0x00007f4c4ec90b4f to 0x00007f4c4ec91e6c
Event: 5477.175 Thread 0x00007f4bd45f8fa0 Exception <a 'java/lang/NullPointerException'{0x00000000ebe46748}> (0x00000000ebe46748) 
thrown [src/hotspot/share/runtime/sharedRuntime.cpp, line 631]
Event: 5991.926 Thread 0x00007f4bcc1a5980 Exception <a 'java/lang/NoSuchMethodError'{0x00000000eabc6bb0}: 'void java.lang.invoke.DirectMethodHandle$Holder.invokeSpecial(java.lang.Object, java.lang.Object, int)'> (0x00000000eabc6bb0) 
thrown [src/hotspot/share/interpreter/linkResolver.cpp, line 758]
Event: 5992.259 Thread 0x00007f4bcc1a5980 Exception <a 'java/lang/NoSuchMethodError'{0x00000000ecab8d70}: 'java.lang.Object java.lang.invoke.DirectMethodHandle$Holder.invokeSpecial(java.lang.Object, java.lang.Object, long, java.lang.Object, java.lang.Object, java.lang.Object, java.lang.Object, java.lang.Object, java.lang.Object, java.lang.Object, java.lang.Object, java.lang.Object)'> (0x00000000ecab8d70) 
thrown [src/hotspot/share/interpreter/linkResolver.cpp, line 758]
Event: 5992.260 Thread 0x00007f4bcc1a5980 Exception <a 'java/lang/NoSuchMethodError'{0x00000000ecabd2b8}: 'java.lang.Object java.lang.invoke.DelegatingMethodHandle$Holder.reinvoke_L(java.lang.Object, long, java.lang.Object, java.lang.Object, java.lang.Object, java.lang.Object, java.lang.Object, java.lang.Object, java.lang.Object, java.lang.Object, java.lang.Object)'> (0x00000000ecabd2b8) 
thrown [src/hotspot/share/interpreter/linkResolver.cpp, line 758]
Event: 5992.303 Thread 0x00007f4bcc1a5980 Exception <a 'java/lang/NoSuchMethodError'{0x00000000eab494a8}: 'java.lang.Object java.lang.invoke.Invokers$Holder.linkToTargetMethod(java.lang.Object, java.lang.Object, java.lang.Object, java.lang.Object, java.lang.Object, java.lang.Object, java.lang.Object, java.lang.Object, java.lang.Object, java.lang.Object)'> (0x00000000eab494a8) 
thrown [src/hotspot/share/interpreter/linkResolver.cpp, line 758]
Event: 6005.079 Thread 0x00007f4bec8b9690 Exception <a 'sun/nio/fs/UnixException'{0x00000000eb8940a0}> (0x00000000eb8940a0) 
thrown [src/hotspot/share/prims/jni.cpp, line 516]
Event: 6005.724 Thread 0x00007f4bec8b9690 Exception <a 'sun/nio/fs/UnixException'{0x00000000eb771988}> (0x00000000eb771988) 
thrown [src/hotspot/share/prims/jni.cpp, line 516]
Event: 6010.543 Thread 0x00007f4bec8b9690 Exception <a 'sun/nio/fs/UnixException'{0x00000000ec2e1bc0}> (0x00000000ec2e1bc0) 
thrown [src/hotspot/share/prims/jni.cpp, line 516]
Event: 6010.676 Thread 0x00007f4bdc1ad120 Implicit null exception at 0x00007f4c56e4c66c to 0x00007f4c56e4fc54
Event: 6011.850 Thread 0x00007f4bec8b9690 Exception <a 'sun/nio/fs/UnixException'{0x00000000eb059780}> (0x00000000eb059780) 
thrown [src/hotspot/share/prims/jni.cpp, line 516]
Event: 6305.153 Thread 0x00007f4bdc1ad120 Exception <a 'java/lang/NoSuchMethodError'{0x00000000ebd9bc60}: static Lorg/eclipse/m2e/core/internal/lifecyclemapping/model/PluginExecutionMetadata;.<clinit>()V> (0x00000000ebd9bc60) 
thrown [src/hotspot/share/prims/jni.cpp, line 1107]
Event: 6305.156 Thread 0x00007f4bdc1ad120 Exception <a 'java/lang/NoSuchMethodError'{0x00000000ebdc3b70}: static Lorg/eclipse/m2e/core/internal/lifecyclemapping/model/PluginExecutionFilter;.<clinit>()V> (0x00000000ebdc3b70) 
thrown [src/hotspot/share/prims/jni.cpp, line 1107]
Event: 6305.158 Thread 0x00007f4bdc1ad120 Exception <a 'java/lang/NoSuchMethodError'{0x00000000ebde0fa8}: static Lorg/eclipse/m2e/core/internal/project/registry/MavenProjectFacade$MavenProjectConfiguration;.<clinit>()V> (0x00000000ebde0fa8) 
thrown [src/hotspot/share/prims/jni.cpp, line 1107]
Event: 6305.160 Thread 0x00007f4bdc1ad120 Exception <a 'java/lang/NoSuchMethodError'{0x00000000ebdfaef0}: static [J.<clinit>()V> (0x00000000ebdfaef0) 
thrown [src/hotspot/share/prims/jni.cpp, line 1107]
Event: 8680.797 Thread 0x00007f4bec8b9690 Exception <a 'sun/nio/fs/UnixException'{0x00000000eabe7088}> (0x00000000eabe7088) 
thrown [src/hotspot/share/prims/jni.cpp, line 516]

VM Operations (20 events):
Event: 8680.103 Executing VM operation: ParallelGCFailedAllocation done
Event: 8680.116 Executing VM operation: ParallelGCFailedAllocation
Event: 8680.120 Executing VM operation: ParallelGCFailedAllocation done
Event: 8680.132 Executing VM operation: ParallelGCFailedAllocation
Event: 8680.136 Executing VM operation: ParallelGCFailedAllocation done
Event: 8680.152 Executing VM operation: ParallelGCFailedAllocation
Event: 8680.155 Executing VM operation: ParallelGCFailedAllocation done
Event: 8680.175 Executing VM operation: ParallelGCFailedAllocation
Event: 8680.179 Executing VM operation: ParallelGCFailedAllocation done
Event: 8680.214 Executing VM operation: ParallelGCFailedAllocation
Event: 8680.220 Executing VM operation: ParallelGCFailedAllocation done
Event: 8680.252 Executing VM operation: ParallelGCFailedAllocation
Event: 8680.269 Executing VM operation: ParallelGCFailedAllocation done
Event: 8680.300 Executing VM operation: ParallelGCFailedAllocation
Event: 8680.310 Executing VM operation: ParallelGCFailedAllocation done
Event: 8680.337 Executing VM operation: ParallelGCFailedAllocation
Event: 8680.345 Executing VM operation: ParallelGCFailedAllocation done
Event: 8680.785 Executing VM operation: ParallelGCFailedAllocation
Event: 8680.793 Executing VM operation: ParallelGCFailedAllocation done
Event: 8680.831 Executing VM operation: ParallelGCFailedAllocation

Events (20 events):
Event: 7236.933 Protecting memory [0x00007f4c40ff0000,0x00007f4c40ff4000] with protection modes 0
Event: 7296.958 Thread 0x00007f4bd9968970 Thread exited: 0x00007f4bd9968970
Event: 7356.958 Thread 0x00007f4bdc0eb480 Thread exited: 0x00007f4bdc0eb480
Event: 7416.958 Thread 0x00007f4bd801ce00 Thread exited: 0x00007f4bd801ce00
Event: 7476.958 Thread 0x00007f4bd82fc8e0 Thread exited: 0x00007f4bd82fc8e0
Event: 7536.958 Thread 0x00007f4bcc1a5980 Thread exited: 0x00007f4bcc1a5980
Event: 7596.958 Thread 0x00007f4bd8050d40 Thread exited: 0x00007f4bd8050d40
Event: 8662.168 Thread 0x00007f4bcc1a5980 Thread added: 0x00007f4bcc1a5980
Event: 8662.168 Protecting memory [0x00007f4c40ced000,0x00007f4c40cf1000] with protection modes 0
Event: 8662.168 Thread 0x00007f4bcc1a31a0 Thread added: 0x00007f4bcc1a31a0
Event: 8662.168 Protecting memory [0x00007f4c40bec000,0x00007f4c40bf0000] with protection modes 0
Event: 8662.170 Thread 0x00007f4be05458c0 Thread added: 0x00007f4be05458c0
Event: 8662.170 Protecting memory [0x00007f4c414f5000,0x00007f4c414f9000] with protection modes 0
Event: 8662.887 Thread 0x00007f4be0404fb0 Thread added: 0x00007f4be0404fb0
Event: 8662.887 Protecting memory [0x00007f4c40ff0000,0x00007f4c40ff4000] with protection modes 0
Event: 8662.902 Thread 0x00007f4be0645f20 Thread added: 0x00007f4be0645f20
Event: 8662.902 Protecting memory [0x00007f4c413f4000,0x00007f4c413f8000] with protection modes 0
Event: 8662.920 Thread 0x00007f4c1ca74780 Thread added: 0x00007f4c1ca74780
Event: 8662.927 Protecting memory [0x00007f4c417f8000,0x00007f4c417fc000] with protection modes 0
Event: 8663.994 Thread 0x00007f4c1ca74780 Thread exited: 0x00007f4c1ca74780


Dynamic libraries:
c0000000-d3280000 rw-p 00000000 00:00 0 
d3280000-eab00000 ---p 00000000 00:00 0 
eab00000-ed900000 rw-p 00000000 00:00 0 
ed900000-100000000 ---p 00000000 00:00 0 
100000000-100020000 rw-p 00000000 00:00 0 
100020000-100040000 rw-p 00000000 00:00 0 
100040000-1000c0000 rw-p 00000000 00:00 0 
1000c0000-1000e0000 rw-p 00000000 00:00 0 
1000e0000-100140000 rw-p 00000000 00:00 0 
100140000-100180000 rw-p 00000000 00:00 0 
100180000-1001c0000 rw-p 00000000 00:00 0 
1001c0000-100200000 rw-p 00000000 00:00 0 
100200000-100300000 rw-p 00000000 00:00 0 
100300000-100400000 rw-p 00000000 00:00 0 
100400000-1004c0000 rw-p 00000000 00:00 0 
1004c0000-100500000 rw-p 00000000 00:00 0 
100500000-100640000 rw-p 00000000 00:00 0 
100640000-1006c0000 rw-p 00000000 00:00 0 
1006c0000-1006e0000 rw-p 00000000 00:00 0 
1006e0000-100700000 ---p 00000000 00:00 0 
100700000-1009c0000 rw-p 00000000 00:00 0 
1009c0000-140000000 ---p 00000000 00:00 0 
55710ab73000-55710ab74000 r--p 00000000 08:05 5540742                    /home/user/.vscode/extensions/redhat.java-1.25.1-linux-x64/jre/17.0.9-linux-x86_64/bin/java
55710ab74000-55710ab75000 r-xp 00001000 08:05 5540742                    /home/user/.vscode/extensions/redhat.java-1.25.1-linux-x64/jre/17.0.9-linux-x86_64/bin/java
55710ab75000-55710ab76000 r--p 00002000 08:05 5540742                    /home/user/.vscode/extensions/redhat.java-1.25.1-linux-x64/jre/17.0.9-linux-x86_64/bin/java
55710ab76000-55710ab77000 r--p 00002000 08:05 5540742                    /home/user/.vscode/extensions/redhat.java-1.25.1-linux-x64/jre/17.0.9-linux-x86_64/bin/java
55710ab77000-55710ab78000 rw-p 00003000 08:05 5540742                    /home/user/.vscode/extensions/redhat.java-1.25.1-linux-x64/jre/17.0.9-linux-x86_64/bin/java
55710c751000-55710c8e5000 rw-p 00000000 00:00 0                          [heap]
7f4bbf000000-7f4bbfd80000 rw-p 00000000 00:00 0 
7f4bbfd80000-7f4bbfdc0000 rw-p 00000000 00:00 0 
7f4bbfdc0000-7f4bbfe00000 ---p 00000000 00:00 0 
7f4bbfe00000-7f4bc01d0000 rw-p 00000000 00:00 0 
7f4bc01d0000-7f4bc3000000 ---p 00000000 00:00 0 
7f4bc37f1000-7f4bcc000000 r--s 00000000 08:05 6425659                    /usr/lib/jvm/java-11-openjdk-amd64/lib/modules
7f4bcc000000-7f4bcc92e000 rw-p 00000000 00:00 0 
7f4bcc92e000-7f4bd0000000 ---p 00000000 00:00 0 
7f4bd0000000-7f4bd0097000 rw-p 00000000 00:00 0 
7f4bd0097000-7f4bd4000000 ---p 00000000 00:00 0 
7f4bd4000000-7f4bd6991000 rw-p 00000000 00:00 0 
7f4bd6991000-7f4bd8000000 ---p 00000000 00:00 0 
7f4bd8000000-7f4bda1fa000 rw-p 00000000 00:00 0 
7f4bda1fa000-7f4bdc000000 ---p 00000000 00:00 0 
7f4bdc000000-7f4bdd5ff000 rw-p 00000000 00:00 0 
7f4bdd5ff000-7f4be0000000 ---p 00000000 00:00 0 
7f4be0000000-7f4be0b85000 rw-p 00000000 00:00 0 
7f4be0b85000-7f4be4000000 ---p 00000000 00:00 0 
7f4be4000000-7f4be431e000 rw-p 00000000 00:00 0 
7f4be431e000-7f4be8000000 ---p 00000000 00:00 0 
7f4be8000000-7f4be9a80000 rw-p 00000000 00:00 0 
7f4be9a80000-7f4bec000000 ---p 00000000 00:00 0 
7f4bec000000-7f4bed478000 rw-p 00000000 00:00 0 
7f4bed478000-7f4bf0000000 ---p 00000000 00:00 0 
7f4bf0000000-7f4bf0f42000 rw-p 00000000 00:00 0 
7f4bf0f42000-7f4bf4000000 ---p 00000000 00:00 0 
7f4bf4000000-7f4bf6ac6000 rw-p 00000000 00:00 0 
7f4bf6ac6000-7f4bf8000000 ---p 00000000 00:00 0 
7f4bf8000000-7f4bf80c8000 rw-p 00000000 00:00 0 
7f4bf80c8000-7f4bfc000000 ---p 00000000 00:00 0 
7f4bfc000000-7f4bfc0d9000 rw-p 00000000 00:00 0 
7f4bfc0d9000-7f4c00000000 ---p 00000000 00:00 0 
7f4c00000000-7f4c003e2000 rw-p 00000000 00:00 0 
7f4c003e2000-7f4c04000000 ---p 00000000 00:00 0 
7f4c04000000-7f4c055fb000 rw-p 00000000 00:00 0 
7f4c055fb000-7f4c08000000 ---p 00000000 00:00 0 
7f4c08000000-7f4c08097000 rw-p 00000000 00:00 0 
7f4c08097000-7f4c0c000000 ---p 00000000 00:00 0 
7f4c0c000000-7f4c0c305000 rw-p 00000000 00:00 0 
7f4c0c305000-7f4c10000000 ---p 00000000 00:00 0 
7f4c10000000-7f4c1135f000 rw-p 00000000 00:00 0 
7f4c1135f000-7f4c14000000 ---p 00000000 00:00 0 
7f4c14000000-7f4c141dc000 rw-p 00000000 00:00 0 
7f4c141dc000-7f4c18000000 ---p 00000000 00:00 0 
7f4c18000000-7f4c18601000 rw-p 00000000 00:00 0 
7f4c18601000-7f4c1c000000 ---p 00000000 00:00 0 
7f4c1c000000-7f4c1d5aa000 rw-p 00000000 00:00 0 
7f4c1d5aa000-7f4c20000000 ---p 00000000 00:00 0 
7f4c20000000-7f4c20113000 rw-p 00000000 00:00 0 
7f4c20113000-7f4c24000000 ---p 00000000 00:00 0 
7f4c24000000-7f4c24292000 rw-p 00000000 00:00 0 
7f4c24292000-7f4c28000000 ---p 00000000 00:00 0 
7f4c28000000-7f4c2abfe000 rw-p 00000000 00:00 0 
7f4c2abfe000-7f4c2c000000 ---p 00000000 00:00 0 
7f4c2c000000-7f4c2c796000 rw-p 00000000 00:00 0 
7f4c2c796000-7f4c30000000 ---p 00000000 00:00 0 
7f4c30000000-7f4c303de000 rw-p 00000000 00:00 0 
7f4c303de000-7f4c34000000 ---p 00000000 00:00 0 
7f4c34000000-7f4c34054000 rw-p 00000000 00:00 0 
7f4c34054000-7f4c38000000 ---p 00000000 00:00 0 
7f4c38000000-7f4c3815f000 rw-p 00000000 00:00 0 
7f4c3815f000-7f4c3c000000 ---p 00000000 00:00 0 
7f4c3c000000-7f4c3c09e000 rw-p 00000000 00:00 0 
7f4c3c09e000-7f4c40000000 ---p 00000000 00:00 0 
7f4c403e4000-7f4c403e8000 ---p 00000000 00:00 0 
7f4c403e8000-7f4c404e5000 rw-p 00000000 00:00 0 
7f4c404e5000-7f4c404e9000 ---p 00000000 00:00 0 
7f4c404e9000-7f4c405e6000 rw-p 00000000 00:00 0 
7f4c405e6000-7f4c405ea000 ---p 00000000 00:00 0 
7f4c405ea000-7f4c406e7000 rw-p 00000000 00:00 0 
7f4c406e7000-7f4c406eb000 ---p 00000000 00:00 0 
7f4c406eb000-7f4c407e8000 rw-p 00000000 00:00 0 
7f4c407e8000-7f4c407ec000 ---p 00000000 00:00 0 
7f4c407ec000-7f4c408e9000 rw-p 00000000 00:00 0 
7f4c408e9000-7f4c408ed000 ---p 00000000 00:00 0 
7f4c408ed000-7f4c409ea000 rw-p 00000000 00:00 0 
7f4c409ea000-7f4c409ee000 ---p 00000000 00:00 0 
7f4c409ee000-7f4c40aeb000 rw-p 00000000 00:00 0 
7f4c40aeb000-7f4c40aef000 ---p 00000000 00:00 0 
7f4c40aef000-7f4c40bec000 rw-p 00000000 00:00 0 
7f4c40bec000-7f4c40bf0000 ---p 00000000 00:00 0 
7f4c40bf0000-7f4c40ced000 rw-p 00000000 00:00 0 
7f4c40ced000-7f4c40cf1000 ---p 00000000 00:00 0 
7f4c40cf1000-7f4c40dee000 rw-p 00000000 00:00 0 
7f4c40dee000-7f4c40df2000 ---p 00000000 00:00 0 
7f4c40df2000-7f4c40eef000 rw-p 00000000 00:00 0 
7f4c40eef000-7f4c40ef3000 ---p 00000000 00:00 0 
7f4c40ef3000-7f4c40ff0000 rw-p 00000000 00:00 0 
7f4c40ff0000-7f4c40ff4000 ---p 00000000 00:00 0 
7f4c40ff4000-7f4c410f1000 rw-p 00000000 00:00 0 
7f4c410f1000-7f4c410f5000 ---p 00000000 00:00 0 
7f4c410f5000-7f4c411f2000 rw-p 00000000 00:00 0 
7f4c411f2000-7f4c411f6000 ---p 00000000 00:00 0 
7f4c411f6000-7f4c412f3000 rw-p 00000000 00:00 0 
7f4c412f3000-7f4c412f7000 ---p 00000000 00:00 0 
7f4c412f7000-7f4c413f4000 rw-p 00000000 00:00 0 
7f4c413f4000-7f4c413f8000 ---p 00000000 00:00 0 
7f4c413f8000-7f4c414f5000 rw-p 00000000 00:00 0 
7f4c414f5000-7f4c414f9000 ---p 00000000 00:00 0 
7f4c414f9000-7f4c415f6000 rw-p 00000000 00:00 0 
7f4c415f6000-7f4c415fa000 ---p 00000000 00:00 0 
7f4c415fa000-7f4c416f7000 rw-p 00000000 00:00 0 
7f4c416f7000-7f4c416fb000 ---p 00000000 00:00 0 
7f4c416fb000-7f4c417f8000 rw-p 00000000 00:00 0 
7f4c417f8000-7f4c417fc000 ---p 00000000 00:00 0 
7f4c417fc000-7f4c418f9000 rw-p 00000000 00:00 0 
7f4c418f9000-7f4c418fd000 ---p 00000000 00:00 0 
7f4c418fd000-7f4c419fa000 rw-p 00000000 00:00 0 
7f4c419fa000-7f4c419fe000 ---p 00000000 00:00 0 
7f4c419fe000-7f4c41afb000 rw-p 00000000 00:00 0 
7f4c41afb000-7f4c41aff000 ---p 00000000 00:00 0 
7f4c41aff000-7f4c41bfc000 rw-p 00000000 00:00 0 
7f4c41bfc000-7f4c41c00000 ---p 00000000 00:00 0 
7f4c41c00000-7f4c41cfd000 rw-p 00000000 00:00 0 
7f4c41cfd000-7f4c41d0d000 r-xp 00000000 08:05 5401042                    /home/user/.config/Code/User/globalStorage/redhat.java/1.25.1/config_linux/org.eclipse.equinox.launcher/org.eclipse.equinox.launcher.gtk.linux.x86_64_1.2.800.v20231003-1442/eclipse_11802.so
7f4c41d0d000-7f4c41f0c000 ---p 00010000 08:05 5401042                    /home/user/.config/Code/User/globalStorage/redhat.java/1.25.1/config_linux/org.eclipse.equinox.launcher/org.eclipse.equinox.launcher.gtk.linux.x86_64_1.2.800.v20231003-1442/eclipse_11802.so
7f4c41f0c000-7f4c41f0d000 r--p 0000f000 08:05 5401042                    /home/user/.config/Code/User/globalStorage/redhat.java/1.25.1/config_linux/org.eclipse.equinox.launcher/org.eclipse.equinox.launcher.gtk.linux.x86_64_1.2.800.v20231003-1442/eclipse_11802.so
7f4c41f0d000-7f4c41f0e000 rw-p 00010000 08:05 5401042                    /home/user/.config/Code/User/globalStorage/redhat.java/1.25.1/config_linux/org.eclipse.equinox.launcher/org.eclipse.equinox.launcher.gtk.linux.x86_64_1.2.800.v20231003-1442/eclipse_11802.so
7f4c41f0e000-7f4c41f0f000 rw-p 00000000 00:00 0 
7f4c41f0f000-7f4c41f13000 ---p 00000000 00:00 0 
7f4c41f13000-7f4c42010000 rw-p 00000000 00:00 0 
7f4c42010000-7f4c42014000 ---p 00000000 00:00 0 
7f4c42014000-7f4c42111000 rw-p 00000000 00:00 0 
7f4c42111000-7f4c42115000 ---p 00000000 00:00 0 
7f4c42115000-7f4c42212000 rw-p 00000000 00:00 0 
7f4c42212000-7f4c42216000 ---p 00000000 00:00 0 
7f4c42216000-7f4c42313000 rw-p 00000000 00:00 0 
7f4c42313000-7f4c42314000 ---p 00000000 00:00 0 
7f4c42314000-7f4c42414000 rw-p 00000000 00:00 0 
7f4c42414000-7f4c42415000 ---p 00000000 00:00 0 
7f4c42415000-7f4c42515000 rw-p 00000000 00:00 0 
7f4c42515000-7f4c42519000 ---p 00000000 00:00 0 
7f4c42519000-7f4c42616000 rw-p 00000000 00:00 0 
7f4c42616000-7f4c42617000 ---p 00000000 00:00 0 
7f4c42617000-7f4c42717000 rw-p 00000000 00:00 0 
7f4c42717000-7f4c4271b000 ---p 00000000 00:00 0 
7f4c4271b000-7f4c42818000 rw-p 00000000 00:00 0 
7f4c42818000-7f4c4281c000 ---p 00000000 00:00 0 
7f4c4281c000-7f4c42919000 rw-p 00000000 00:00 0 
7f4c42919000-7f4c4291d000 ---p 00000000 00:00 0 
7f4c4291d000-7f4c42a1a000 rw-p 00000000 00:00 0 
7f4c42a1a000-7f4c42a1e000 ---p 00000000 00:00 0 
7f4c42a1e000-7f4c42b1b000 rw-p 00000000 00:00 0 
7f4c42b1b000-7f4c42b1f000 ---p 00000000 00:00 0 
7f4c42b1f000-7f4c42c1c000 rw-p 00000000 00:00 0 
7f4c42c1c000-7f4c42c20000 ---p 00000000 00:00 0 
7f4c42c20000-7f4c42d1d000 rw-p 00000000 00:00 0 
7f4c42d1d000-7f4c42d21000 ---p 00000000 00:00 0 
7f4c42d21000-7f4c42e1e000 rw-p 00000000 00:00 0 
7f4c42e1e000-7f4c42e22000 ---p 00000000 00:00 0 
7f4c42e22000-7f4c42f1f000 rw-p 00000000 00:00 0 
7f4c42f1f000-7f4c43cfd000 r--p 00000000 08:05 6296746                    /usr/lib/locale/locale-archive
7f4c43cfd000-7f4c43d01000 ---p 00000000 00:00 0 
7f4c43d01000-7f4c43dfe000 rw-p 00000000 00:00 0 
7f4c43dfe000-7f4c43e02000 ---p 00000000 00:00 0 
7f4c43e02000-7f4c43eff000 rw-p 00000000 00:00 0 
7f4c43eff000-7f4c43f00000 ---p 00000000 00:00 0 
7f4c43f00000-7f4c44400000 rw-p 00000000 00:00 0 
7f4c44400000-7f4c44460000 rw-p 00000000 00:00 0 
7f4c44460000-7f4c44480000 rw-p 00000000 00:00 0 
7f4c44480000-7f4c44500000 rw-p 00000000 00:00 0 
7f4c44500000-7f4c44800000 rw-p 00000000 00:00 0 
7f4c44800000-7f4c44880000 rw-p 00000000 00:00 0 
7f4c44880000-7f4c44900000 rw-p 00000000 00:00 0 
7f4c44900000-7f4c44b80000 rw-p 00000000 00:00 0 
7f4c44b80000-7f4c44c00000 rw-p 00000000 00:00 0 
7f4c44c00000-7f4c44d00000 rw-p 00000000 00:00 0 
7f4c44d00000-7f4c44e00000 rw-p 00000000 00:00 0 
7f4c44e00000-7f4c44f00000 rw-p 00000000 00:00 0 
7f4c44f00000-7f4c45000000 rw-p 00000000 00:00 0 
7f4c45000000-7f4c45180000 rw-p 00000000 00:00 0 
7f4c45180000-7f4c45200000 rw-p 00000000 00:00 0 
7f4c45200000-7f4c453e0000 rw-p 00000000 00:00 0 
7f4c453e0000-7f4c45500000 rw-p 00000000 00:00 0 
7f4c45500000-7f4c45600000 rw-p 00000000 00:00 0 
7f4c45600000-7f4c45900000 rw-p 00000000 00:00 0 
7f4c45900000-7f4c45a00000 rw-p 00000000 00:00 0 
7f4c45a00000-7f4c46380000 rw-p 00000000 00:00 0 
7f4c46380000-7f4c46400000 rw-p 00000000 00:00 0 
7f4c46400000-7f4c46600000 rw-p 00000000 00:00 0 
7f4c46600000-7f4c46a00000 rw-p 00000000 00:00 0 
7f4c46a00000-7f4c46c00000 rw-p 00000000 00:00 0 
7f4c46c00000-7f4c46d00000 rw-p 00000000 00:00 0 
7f4c46d00000-7f4c46f00000 rw-p 00000000 00:00 0 
7f4c46f00000-7f4c47100000 rw-p 00000000 00:00 0 
7f4c47100000-7f4c47200000 rw-p 00000000 00:00 0 
7f4c47200000-7f4c47780000 rw-p 00000000 00:00 0 
7f4c47780000-7f4c47800000 rw-p 00000000 00:00 0 
7f4c47800000-7f4c47f00000 rw-p 00000000 00:00 0 
7f4c47f00000-7f4c48000000 rw-p 00000000 00:00 0 
7f4c48000000-7f4c48582000 rw-p 00000000 00:00 0 
7f4c48582000-7f4c4c000000 ---p 00000000 00:00 0 
7f4c4c0d8000-7f4c4e3db000 rw-p 00000000 00:00 0 
7f4c4e3db000-7f4c5055b000 rwxp 00000000 00:00 0 
7f4c5055b000-7f4c55912000 ---p 00000000 00:00 0 
7f4c55912000-7f4c55b82000 rwxp 00000000 00:00 0 
7f4c55b82000-7f4c55ea3000 ---p 00000000 00:00 0 
7f4c55ea3000-7f4c56f83000 rwxp 00000000 00:00 0 
7f4c56f83000-7f4c5d3db000 ---p 00000000 00:00 0 
7f4c5d3db000-7f4c60000000 r--s 00000000 08:05 6061635                    /home/user/.vscode/extensions/redhat.java-1.25.1-linux-x64/jre/17.0.9-linux-x86_64/lib/modules
7f4c60000000-7f4c60847000 rw-p 00000000 00:00 0 
7f4c60847000-7f4c64000000 ---p 00000000 00:00 0 
7f4c64006000-7f4c64007000 r--p 00000000 08:05 6298219                    /usr/lib/x86_64-linux-gnu/libnss_dns-2.31.so
7f4c64007000-7f4c6400b000 r-xp 00001000 08:05 6298219                    /usr/lib/x86_64-linux-gnu/libnss_dns-2.31.so
7f4c6400b000-7f4c6400c000 r--p 00005000 08:05 6298219                    /usr/lib/x86_64-linux-gnu/libnss_dns-2.31.so
7f4c6400c000-7f4c6400d000 r--p 00005000 08:05 6298219                    /usr/lib/x86_64-linux-gnu/libnss_dns-2.31.so
7f4c6400d000-7f4c6400e000 rw-p 00006000 08:05 6298219                    /usr/lib/x86_64-linux-gnu/libnss_dns-2.31.so
7f4c6400e000-7f4c64012000 r--p 00000000 08:05 6298410                    /usr/lib/x86_64-linux-gnu/libresolv-2.31.so
7f4c64012000-7f4c64022000 r-xp 00004000 08:05 6298410                    /usr/lib/x86_64-linux-gnu/libresolv-2.31.so
7f4c64022000-7f4c64026000 r--p 00014000 08:05 6298410                    /usr/lib/x86_64-linux-gnu/libresolv-2.31.so
7f4c64026000-7f4c64027000 r--p 00017000 08:05 6298410                    /usr/lib/x86_64-linux-gnu/libresolv-2.31.so
7f4c64027000-7f4c64028000 rw-p 00018000 08:05 6298410                    /usr/lib/x86_64-linux-gnu/libresolv-2.31.so
7f4c64028000-7f4c6402a000 rw-p 00000000 00:00 0 
7f4c64036000-7f4c6403d000 r--s 00000000 08:05 6950955                    /usr/lib/x86_64-linux-gnu/gconv/gconv-modules.cache
7f4c6403d000-7f4c64041000 ---p 00000000 00:00 0 
7f4c64041000-7f4c6405f000 rw-p 00000000 00:00 0 
7f4c6405f000-7f4c64063000 r--p 00000000 08:05 6061633                    /home/user/.vscode/extensions/redhat.java-1.25.1-linux-x64/jre/17.0.9-linux-x86_64/lib/libverify.so
7f4c64063000-7f4c6406a000 r-xp 00004000 08:05 6061633                    /home/user/.vscode/extensions/redhat.java-1.25.1-linux-x64/jre/17.0.9-linux-x86_64/lib/libverify.so
7f4c6406a000-7f4c6406c000 r--p 0000b000 08:05 6061633                    /home/user/.vscode/extensions/redhat.java-1.25.1-linux-x64/jre/17.0.9-linux-x86_64/lib/libverify.so
7f4c6406c000-7f4c6406e000 r--p 0000c000 08:05 6061633                    /home/user/.vscode/extensions/redhat.java-1.25.1-linux-x64/jre/17.0.9-linux-x86_64/lib/libverify.so
7f4c6406e000-7f4c6406f000 rw-p 0000e000 08:05 6061633                    /home/user/.vscode/extensions/redhat.java-1.25.1-linux-x64/jre/17.0.9-linux-x86_64/lib/libverify.so
7f4c6406f000-7f4c64073000 r--p 00000000 08:05 6061626                    /home/user/.vscode/extensions/redhat.java-1.25.1-linux-x64/jre/17.0.9-linux-x86_64/lib/libnet.so
7f4c64073000-7f4c64081000 r-xp 00004000 08:05 6061626                    /home/user/.vscode/extensions/redhat.java-1.25.1-linux-x64/jre/17.0.9-linux-x86_64/lib/libnet.so
7f4c64081000-7f4c64085000 r--p 00012000 08:05 6061626                    /home/user/.vscode/extensions/redhat.java-1.25.1-linux-x64/jre/17.0.9-linux-x86_64/lib/libnet.so
7f4c64085000-7f4c64086000 r--p 00015000 08:05 6061626                    /home/user/.vscode/extensions/redhat.java-1.25.1-linux-x64/jre/17.0.9-linux-x86_64/lib/libnet.so
7f4c64086000-7f4c64087000 rw-p 00016000 08:05 6061626                    /home/user/.vscode/extensions/redhat.java-1.25.1-linux-x64/jre/17.0.9-linux-x86_64/lib/libnet.so
7f4c64087000-7f4c6408e000 r--p 00000000 08:05 6061627                    /home/user/.vscode/extensions/redhat.java-1.25.1-linux-x64/jre/17.0.9-linux-x86_64/lib/libnio.so
7f4c6408e000-7f4c64097000 r-xp 00007000 08:05 6061627                    /home/user/.vscode/extensions/redhat.java-1.25.1-linux-x64/jre/17.0.9-linux-x86_64/lib/libnio.so
7f4c64097000-7f4c6409b000 r--p 00010000 08:05 6061627                    /home/user/.vscode/extensions/redhat.java-1.25.1-linux-x64/jre/17.0.9-linux-x86_64/lib/libnio.so
7f4c6409b000-7f4c6409c000 ---p 00014000 08:05 6061627                    /home/user/.vscode/extensions/redhat.java-1.25.1-linux-x64/jre/17.0.9-linux-x86_64/lib/libnio.so
7f4c6409c000-7f4c6409d000 r--p 00014000 08:05 6061627                    /home/user/.vscode/extensions/redhat.java-1.25.1-linux-x64/jre/17.0.9-linux-x86_64/lib/libnio.so
7f4c6409d000-7f4c6409e000 rw-p 00015000 08:05 6061627                    /home/user/.vscode/extensions/redhat.java-1.25.1-linux-x64/jre/17.0.9-linux-x86_64/lib/libnio.so
7f4c6409e000-7f4c64caa000 rw-p 00000000 00:00 0 
7f4c64caa000-7f4c64cac000 r--p 00000000 08:05 6061634                    /home/user/.vscode/extensions/redhat.java-1.25.1-linux-x64/jre/17.0.9-linux-x86_64/lib/libzip.so
7f4c64cac000-7f4c64cbe000 r-xp 00002000 08:05 6061634                    /home/user/.vscode/extensions/redhat.java-1.25.1-linux-x64/jre/17.0.9-linux-x86_64/lib/libzip.so
7f4c64cbe000-7f4c64cc6000 r--p 00014000 08:05 6061634                    /home/user/.vscode/extensions/redhat.java-1.25.1-linux-x64/jre/17.0.9-linux-x86_64/lib/libzip.so
7f4c64cc6000-7f4c64cc7000 r--p 0001b000 08:05 6061634                    /home/user/.vscode/extensions/redhat.java-1.25.1-linux-x64/jre/17.0.9-linux-x86_64/lib/libzip.so
7f4c64cc7000-7f4c64cc8000 rw-p 0001c000 08:05 6061634                    /home/user/.vscode/extensions/redhat.java-1.25.1-linux-x64/jre/17.0.9-linux-x86_64/lib/libzip.so
7f4c64cc8000-7f4c65093000 rw-p 00000000 00:00 0 
7f4c65093000-7f4c6514f000 ---p 00000000 00:00 0 
7f4c6514f000-7f4c65150000 ---p 00000000 00:00 0 
7f4c65150000-7f4c652ea000 rw-p 00000000 00:00 0 
7f4c652ea000-7f4c653a5000 ---p 00000000 00:00 0 
7f4c653a5000-7f4c653bd000 rw-p 00000000 00:00 0 
7f4c653bd000-7f4c65450000 ---p 00000000 00:00 0 
7f4c65450000-7f4c65473000 rw-p 00000000 00:00 0 
7f4c65473000-7f4c6553c000 ---p 00000000 00:00 0 
7f4c6553c000-7f4c6557f000 rw-p 00000000 00:00 0 
7f4c6557f000-7f4c65627000 ---p 00000000 00:00 0 
7f4c65627000-7f4c6562c000 rw-p 00000000 00:00 0 
7f4c6562c000-7f4c65633000 ---p 00000000 00:00 0 
7f4c65633000-7f4c65636000 r--p 00000000 08:05 6298221                    /usr/lib/x86_64-linux-gnu/libnss_files-2.31.so
7f4c65636000-7f4c6563d000 r-xp 00003000 08:05 6298221                    /usr/lib/x86_64-linux-gnu/libnss_files-2.31.so
7f4c6563d000-7f4c6563f000 r--p 0000a000 08:05 6298221                    /usr/lib/x86_64-linux-gnu/libnss_files-2.31.so
7f4c6563f000-7f4c65640000 r--p 0000b000 08:05 6298221                    /usr/lib/x86_64-linux-gnu/libnss_files-2.31.so
7f4c65640000-7f4c65641000 rw-p 0000c000 08:05 6298221                    /usr/lib/x86_64-linux-gnu/libnss_files-2.31.so
7f4c65641000-7f4c65647000 rw-p 00000000 00:00 0 
7f4c65647000-7f4c65648000 r--p 00000000 08:05 6061606                    /home/user/.vscode/extensions/redhat.java-1.25.1-linux-x64/jre/17.0.9-linux-x86_64/lib/libextnet.so
7f4c65648000-7f4c65649000 r-xp 00001000 08:05 6061606                    /home/user/.vscode/extensions/redhat.java-1.25.1-linux-x64/jre/17.0.9-linux-x86_64/lib/libextnet.so
7f4c65649000-7f4c6564a000 r--p 00002000 08:05 6061606                    /home/user/.vscode/extensions/redhat.java-1.25.1-linux-x64/jre/17.0.9-linux-x86_64/lib/libextnet.so
7f4c6564a000-7f4c6564b000 r--p 00002000 08:05 6061606                    /home/user/.vscode/extensions/redhat.java-1.25.1-linux-x64/jre/17.0.9-linux-x86_64/lib/libextnet.so
7f4c6564b000-7f4c6564c000 rw-p 00003000 08:05 6061606                    /home/user/.vscode/extensions/redhat.java-1.25.1-linux-x64/jre/17.0.9-linux-x86_64/lib/libextnet.so
7f4c6564c000-7f4c6564d000 r--p 00000000 08:05 6298227                    /usr/lib/x86_64-linux-gnu/libnss_mdns4_minimal.so.2
7f4c6564d000-7f4c6564f000 r-xp 00001000 08:05 6298227                    /usr/lib/x86_64-linux-gnu/libnss_mdns4_minimal.so.2
7f4c6564f000-7f4c65650000 r--p 00003000 08:05 6298227                    /usr/lib/x86_64-linux-gnu/libnss_mdns4_minimal.so.2
7f4c65650000-7f4c65651000 r--p 00003000 08:05 6298227                    /usr/lib/x86_64-linux-gnu/libnss_mdns4_minimal.so.2
7f4c65651000-7f4c65652000 rw-p 00004000 08:05 6298227                    /usr/lib/x86_64-linux-gnu/libnss_mdns4_minimal.so.2
7f4c65652000-7f4c6565a000 rw-s 00000000 08:05 6030704                    /tmp/hsperfdata_user/4782
7f4c6565a000-7f4c65668000 r--p 00000000 08:05 6061613                    /home/user/.vscode/extensions/redhat.java-1.25.1-linux-x64/jre/17.0.9-linux-x86_64/lib/libjava.so
7f4c65668000-7f4c6567a000 r-xp 0000e000 08:05 6061613                    /home/user/.vscode/extensions/redhat.java-1.25.1-linux-x64/jre/17.0.9-linux-x86_64/lib/libjava.so
7f4c6567a000-7f4c65680000 r--p 00020000 08:05 6061613                    /home/user/.vscode/extensions/redhat.java-1.25.1-linux-x64/jre/17.0.9-linux-x86_64/lib/libjava.so
7f4c65680000-7f4c65681000 ---p 00026000 08:05 6061613                    /home/user/.vscode/extensions/redhat.java-1.25.1-linux-x64/jre/17.0.9-linux-x86_64/lib/libjava.so
7f4c65681000-7f4c65682000 r--p 00026000 08:05 6061613                    /home/user/.vscode/extensions/redhat.java-1.25.1-linux-x64/jre/17.0.9-linux-x86_64/lib/libjava.so
7f4c65682000-7f4c65683000 rw-p 00027000 08:05 6061613                    /home/user/.vscode/extensions/redhat.java-1.25.1-linux-x64/jre/17.0.9-linux-x86_64/lib/libjava.so
7f4c65683000-7f4c65684000 rw-p 00000000 00:00 0 
7f4c65684000-7f4c65688000 r--p 00000000 08:05 6061617                    /home/user/.vscode/extensions/redhat.java-1.25.1-linux-x64/jre/17.0.9-linux-x86_64/lib/libjimage.so
7f4c65688000-7f4c6569b000 r-xp 00004000 08:05 6061617                    /home/user/.vscode/extensions/redhat.java-1.25.1-linux-x64/jre/17.0.9-linux-x86_64/lib/libjimage.so
7f4c6569b000-7f4c656a1000 r--p 00017000 08:05 6061617                    /home/user/.vscode/extensions/redhat.java-1.25.1-linux-x64/jre/17.0.9-linux-x86_64/lib/libjimage.so
7f4c656a1000-7f4c656a3000 r--p 0001c000 08:05 6061617                    /home/user/.vscode/extensions/redhat.java-1.25.1-linux-x64/jre/17.0.9-linux-x86_64/lib/libjimage.so
7f4c656a3000-7f4c656a4000 rw-p 0001e000 08:05 6061617                    /home/user/.vscode/extensions/redhat.java-1.25.1-linux-x64/jre/17.0.9-linux-x86_64/lib/libjimage.so
7f4c656a4000-7f4c656a8000 ---p 00000000 00:00 0 
7f4c656a8000-7f4c657a5000 rw-p 00000000 00:00 0 
7f4c657a5000-7f4c657b2000 r--p 00000000 08:05 6298095                    /usr/lib/x86_64-linux-gnu/libm-2.31.so
7f4c657b2000-7f4c65859000 r-xp 0000d000 08:05 6298095                    /usr/lib/x86_64-linux-gnu/libm-2.31.so
7f4c65859000-7f4c658f2000 r--p 000b4000 08:05 6298095                    /usr/lib/x86_64-linux-gnu/libm-2.31.so
7f4c658f2000-7f4c658f3000 r--p 0014c000 08:05 6298095                    /usr/lib/x86_64-linux-gnu/libm-2.31.so
7f4c658f3000-7f4c658f4000 rw-p 0014d000 08:05 6298095                    /usr/lib/x86_64-linux-gnu/libm-2.31.so
7f4c658f4000-7f4c658f6000 r--p 00000000 08:05 6298430                    /usr/lib/x86_64-linux-gnu/librt-2.31.so
7f4c658f6000-7f4c658fa000 r-xp 00002000 08:05 6298430                    /usr/lib/x86_64-linux-gnu/librt-2.31.so
7f4c658fa000-7f4c658fc000 r--p 00006000 08:05 6298430                    /usr/lib/x86_64-linux-gnu/librt-2.31.so
7f4c658fc000-7f4c658fd000 r--p 00007000 08:05 6298430                    /usr/lib/x86_64-linux-gnu/librt-2.31.so
7f4c658fd000-7f4c658fe000 rw-p 00008000 08:05 6298430                    /usr/lib/x86_64-linux-gnu/librt-2.31.so
7f4c658fe000-7f4c65b51000 r--p 00000000 08:05 6061646                    /home/user/.vscode/extensions/redhat.java-1.25.1-linux-x64/jre/17.0.9-linux-x86_64/lib/server/libjvm.so
7f4c65b51000-7f4c6686f000 r-xp 00253000 08:05 6061646                    /home/user/.vscode/extensions/redhat.java-1.25.1-linux-x64/jre/17.0.9-linux-x86_64/lib/server/libjvm.so
7f4c6686f000-7f4c66afb000 r--p 00f71000 08:05 6061646                    /home/user/.vscode/extensions/redhat.java-1.25.1-linux-x64/jre/17.0.9-linux-x86_64/lib/server/libjvm.so
7f4c66afb000-7f4c66bb4000 r--p 011fc000 08:05 6061646                    /home/user/.vscode/extensions/redhat.java-1.25.1-linux-x64/jre/17.0.9-linux-x86_64/lib/server/libjvm.so
7f4c66bb4000-7f4c66be9000 rw-p 012b5000 08:05 6061646                    /home/user/.vscode/extensions/redhat.java-1.25.1-linux-x64/jre/17.0.9-linux-x86_64/lib/server/libjvm.so
7f4c66be9000-7f4c66c45000 rw-p 00000000 00:00 0 
7f4c66c45000-7f4c66c67000 r--p 00000000 08:05 6297437                    /usr/lib/x86_64-linux-gnu/libc-2.31.so
7f4c66c67000-7f4c66ddf000 r-xp 00022000 08:05 6297437                    /usr/lib/x86_64-linux-gnu/libc-2.31.so
7f4c66ddf000-7f4c66e2d000 r--p 0019a000 08:05 6297437                    /usr/lib/x86_64-linux-gnu/libc-2.31.so
7f4c66e2d000-7f4c66e31000 r--p 001e7000 08:05 6297437                    /usr/lib/x86_64-linux-gnu/libc-2.31.so
7f4c66e31000-7f4c66e33000 rw-p 001eb000 08:05 6297437                    /usr/lib/x86_64-linux-gnu/libc-2.31.so
7f4c66e33000-7f4c66e37000 rw-p 00000000 00:00 0 
7f4c66e37000-7f4c66e38000 r--p 00000000 08:05 6297580                    /usr/lib/x86_64-linux-gnu/libdl-2.31.so
7f4c66e38000-7f4c66e3a000 r-xp 00001000 08:05 6297580                    /usr/lib/x86_64-linux-gnu/libdl-2.31.so
7f4c66e3a000-7f4c66e3b000 r--p 00003000 08:05 6297580                    /usr/lib/x86_64-linux-gnu/libdl-2.31.so
7f4c66e3b000-7f4c66e3c000 r--p 00003000 08:05 6297580                    /usr/lib/x86_64-linux-gnu/libdl-2.31.so
7f4c66e3c000-7f4c66e3d000 rw-p 00004000 08:05 6297580                    /usr/lib/x86_64-linux-gnu/libdl-2.31.so
7f4c66e3d000-7f4c66e43000 r--p 00000000 08:05 6298365                    /usr/lib/x86_64-linux-gnu/libpthread-2.31.so
7f4c66e43000-7f4c66e54000 r-xp 00006000 08:05 6298365                    /usr/lib/x86_64-linux-gnu/libpthread-2.31.so
7f4c66e54000-7f4c66e5a000 r--p 00017000 08:05 6298365                    /usr/lib/x86_64-linux-gnu/libpthread-2.31.so
7f4c66e5a000-7f4c66e5b000 r--p 0001c000 08:05 6298365                    /usr/lib/x86_64-linux-gnu/libpthread-2.31.so
7f4c66e5b000-7f4c66e5c000 rw-p 0001d000 08:05 6298365                    /usr/lib/x86_64-linux-gnu/libpthread-2.31.so
7f4c66e5c000-7f4c66e60000 rw-p 00000000 00:00 0 
7f4c66e64000-7f4c66e66000 r--p 00000000 08:05 6061608                    /home/user/.vscode/extensions/redhat.java-1.25.1-linux-x64/jre/17.0.9-linux-x86_64/lib/libinstrument.so
7f4c66e66000-7f4c66e6c000 r-xp 00002000 08:05 6061608                    /home/user/.vscode/extensions/redhat.java-1.25.1-linux-x64/jre/17.0.9-linux-x86_64/lib/libinstrument.so
7f4c66e6c000-7f4c66e6f000 r--p 00008000 08:05 6061608                    /home/user/.vscode/extensions/redhat.java-1.25.1-linux-x64/jre/17.0.9-linux-x86_64/lib/libinstrument.so
7f4c66e6f000-7f4c66e70000 r--p 0000a000 08:05 6061608                    /home/user/.vscode/extensions/redhat.java-1.25.1-linux-x64/jre/17.0.9-linux-x86_64/lib/libinstrument.so
7f4c66e70000-7f4c66e71000 rw-p 0000b000 08:05 6061608                    /home/user/.vscode/extensions/redhat.java-1.25.1-linux-x64/jre/17.0.9-linux-x86_64/lib/libinstrument.so
7f4c66e71000-7f4c66e72000 ---p 00000000 00:00 0 
7f4c66e72000-7f4c66e73000 r--p 00000000 00:00 0 
7f4c66e73000-7f4c66e76000 r--p 00000000 08:05 6061618                    /home/user/.vscode/extensions/redhat.java-1.25.1-linux-x64/jre/17.0.9-linux-x86_64/lib/libjli.so
7f4c66e76000-7f4c66e86000 r-xp 00003000 08:05 6061618                    /home/user/.vscode/extensions/redhat.java-1.25.1-linux-x64/jre/17.0.9-linux-x86_64/lib/libjli.so
7f4c66e86000-7f4c66e8d000 r--p 00013000 08:05 6061618                    /home/user/.vscode/extensions/redhat.java-1.25.1-linux-x64/jre/17.0.9-linux-x86_64/lib/libjli.so
7f4c66e8d000-7f4c66e8e000 r--p 00019000 08:05 6061618                    /home/user/.vscode/extensions/redhat.java-1.25.1-linux-x64/jre/17.0.9-linux-x86_64/lib/libjli.so
7f4c66e8e000-7f4c66e8f000 rw-p 0001a000 08:05 6061618                    /home/user/.vscode/extensions/redhat.java-1.25.1-linux-x64/jre/17.0.9-linux-x86_64/lib/libjli.so
7f4c66e8f000-7f4c66e91000 rw-p 00000000 00:00 0 
7f4c66e91000-7f4c66e92000 r--p 00000000 08:05 6297217                    /usr/lib/x86_64-linux-gnu/ld-2.31.so
7f4c66e92000-7f4c66eb5000 r-xp 00001000 08:05 6297217                    /usr/lib/x86_64-linux-gnu/ld-2.31.so
7f4c66eb5000-7f4c66ebd000 r--p 00024000 08:05 6297217                    /usr/lib/x86_64-linux-gnu/ld-2.31.so
7f4c66ebd000-7f4c66ebe000 ---p 00000000 00:00 0 
7f4c66ebe000-7f4c66ebf000 r--p 0002c000 08:05 6297217                    /usr/lib/x86_64-linux-gnu/ld-2.31.so
7f4c66ebf000-7f4c66ec0000 rw-p 0002d000 08:05 6297217                    /usr/lib/x86_64-linux-gnu/ld-2.31.so
7f4c66ec0000-7f4c66ec1000 rw-p 00000000 00:00 0 
7ffd16887000-7ffd168a8000 rw-p 00000000 00:00 0                          [stack]
7ffd16934000-7ffd16938000 r--p 00000000 00:00 0                          [vvar]
7ffd16938000-7ffd1693a000 r-xp 00000000 00:00 0                          [vdso]
ffffffffff600000-ffffffffff601000 --xp 00000000 00:00 0                  [vsyscall]


VM Arguments:
jvm_args: --add-modules=ALL-SYSTEM --add-opens=java.base/java.util=ALL-UNNAMED --add-opens=java.base/java.lang=ALL-UNNAMED --add-opens=java.base/sun.nio.fs=ALL-UNNAMED -Declipse.application=org.eclipse.jdt.ls.core.id1 -Dosgi.bundles.defaultStartLevel=4 -Declipse.product=org.eclipse.jdt.ls.core.product -Djava.import.generatesMetadataFilesAtProjectRoot=false -DDetectVMInstallationsJob.disabled=true -Dfile.encoding=utf8 -XX:+UseParallelGC -XX:GCTimeRatio=4 -XX:AdaptiveSizePolicyWeight=90 -Dsun.zip.disableMemoryMapping=true -Xmx1G -Xms100m -Xlog:disable -javaagent:/home/user/.vscode/extensions/redhat.java-1.25.1-linux-x64/lombok/lombok-1.18.30.jar -XX:+HeapDumpOnOutOfMemoryError -XX:HeapDumpPath=/home/user/.config/Code/User/workspaceStorage/65bb7a6a6a548dfcc329cad1a124e5a3/redhat.java -Daether.dependencyCollector.impl=bf 
java_command: /home/user/.vscode/extensions/redhat.java-1.25.1-linux-x64/server/plugins/org.eclipse.equinox.launcher_1.6.600.v20231106-1826.jar -configuration /home/user/.config/Code/User/globalStorage/redhat.java/1.25.1/config_linux -data /home/user/.config/Code/User/workspaceStorage/65bb7a6a6a548dfcc329cad1a124e5a3/redhat.java/jdt_ws --stdio
java_class_path (initial): /home/user/.vscode/extensions/redhat.java-1.25.1-linux-x64/server/plugins/org.eclipse.equinox.launcher_1.6.600.v20231106-1826.jar
Launcher Type: SUN_STANDARD

[Global flags]
    uintx AdaptiveSizePolicyWeight                 = 90                                        {product} {command line}
     intx CICompilerCount                          = 3                                         {product} {ergonomic}
    uintx GCTimeRatio                              = 4                                         {product} {command line}
     bool HeapDumpOnOutOfMemoryError               = true                                   {manageable} {command line}
    ccstr HeapDumpPath                             = /home/user/.config/Code/User/workspaceStorage/65bb7a6a6a548dfcc329cad1a124e5a3/redhat.java         {manageable} {command line}
   size_t InitialHeapSize                          = 104857600                                 {product} {command line}
   size_t MaxHeapSize                              = 1073741824                                {product} {command line}
   size_t MaxNewSize                               = 357564416                                 {product} {ergonomic}
   size_t MinHeapDeltaBytes                        = 524288                                    {product} {ergonomic}
   size_t MinHeapSize                              = 104857600                                 {product} {command line}
   size_t NewSize                                  = 34603008                                  {product} {ergonomic}
    uintx NonNMethodCodeHeapSize                   = 5832780                                {pd product} {ergonomic}
    uintx NonProfiledCodeHeapSize                  = 122912730                              {pd product} {ergonomic}
   size_t OldSize                                  = 70254592                                  {product} {ergonomic}
    uintx ProfiledCodeHeapSize                     = 122912730                              {pd product} {ergonomic}
    uintx ReservedCodeCacheSize                    = 251658240                              {pd product} {ergonomic}
     bool SegmentedCodeCache                       = true                                      {product} {ergonomic}
   size_t SoftMaxHeapSize                          = 1073741824                             {manageable} {ergonomic}
     bool UseCompressedClassPointers               = true                           {product lp64_product} {ergonomic}
     bool UseCompressedOops                        = true                           {product lp64_product} {ergonomic}
     bool UseParallelGC                            = true                                      {product} {command line}

Logging:
Log output configuration:
 #0: stdout all=off uptime,level,tags
 #1: stderr all=off uptime,level,tags

Environment Variables:
JAVA_HOME=/usr/lib/jvm/java-11-openjdk-amd64
PATH=/opt/apache-maven-3.9.2/bin:/opt/apache-maven-3.9.2/bin:/opt/apache-maven-3.9.2/bin:/opt/apache-maven-3.9.2/bin:/usr/local/sbin:/usr/local/bin:/usr/sbin:/usr/bin:/sbin:/bin:/usr/games:/usr/local/games:/snap/bin
USERNAME=user
SHELL=/bin/bash
DISPLAY=:0
LANG=en_IN

Active Locale:
LC_ALL=en_IN
LC_COLLATE=en_IN
LC_CTYPE=en_IN
LC_MESSAGES=en_IN
LC_MONETARY=en_IN
LC_NUMERIC=en_IN
LC_TIME=en_IN

Signal Handlers:
   SIGSEGV: crash_handler in libjvm.so, mask=11100100010111111101111111111110, flags=SA_RESTART|SA_SIGINFO, unblocked
    SIGBUS: crash_handler in libjvm.so, mask=11100100010111111101111111111110, flags=SA_RESTART|SA_SIGINFO, unblocked
    SIGFPE: crash_handler in libjvm.so, mask=11100100010111111101111111111110, flags=SA_RESTART|SA_SIGINFO, unblocked
   SIGPIPE: javaSignalHandler in libjvm.so, mask=11100100010111111101111111111110, flags=SA_RESTART|SA_SIGINFO, blocked
   SIGXFSZ: javaSignalHandler in libjvm.so, mask=11100100010111111101111111111110, flags=SA_RESTART|SA_SIGINFO, blocked
    SIGILL: crash_handler in libjvm.so, mask=11100100010111111101111111111110, flags=SA_RESTART|SA_SIGINFO, unblocked
   SIGUSR2: SR_handler in libjvm.so, mask=00000000000000000000000000000000, flags=SA_RESTART|SA_SIGINFO, blocked
    SIGHUP: UserHandler in libjvm.so, mask=11100100010111111101111111111110, flags=SA_RESTART|SA_SIGINFO, blocked
    SIGINT: UserHandler in libjvm.so, mask=11100100010111111101111111111110, flags=SA_RESTART|SA_SIGINFO, blocked
   SIGTERM: UserHandler in libjvm.so, mask=11100100010111111101111111111110, flags=SA_RESTART|SA_SIGINFO, blocked
   SIGQUIT: UserHandler in libjvm.so, mask=11100100010111111101111111111110, flags=SA_RESTART|SA_SIGINFO, blocked
   SIGTRAP: crash_handler in libjvm.so, mask=11100100010111111101111111111110, flags=SA_RESTART|SA_SIGINFO, unblocked


Periodic native trim disabled


---------------  S Y S T E M  ---------------

OS:
DISTRIB_ID=Ubuntu
DISTRIB_RELEASE=20.04
DISTRIB_CODENAME=focal
DISTRIB_DESCRIPTION="Ubuntu 20.04.6 LTS"
uname: Linux 5.15.0-89-generic #99~20.04.1-Ubuntu SMP Thu Nov 2 15:16:47 UTC 2023 x86_64
OS uptime: 0 days 2:42 hours
libc: glibc 2.31 NPTL 2.31 
rlimit (soft/hard): STACK 8192k/infinity , CORE 0k/infinity , NPROC 30986/30986 , NOFILE 1048576/1048576 , AS infinity/infinity , CPU infinity/infinity , DATA infinity/infinity , FSIZE infinity/infinity , MEMLOCK 65536k/65536k
load average: 0.92 0.38 0.57

/proc/meminfo:
MemTotal:        8013956 kB
MemFree:         2455120 kB
MemAvailable:    2779752 kB
Buffers:           20132 kB
Cached:          1601016 kB
SwapCached:        66452 kB
Active:          1225232 kB
Inactive:        3866588 kB
Active(anon):     874160 kB
Inactive(anon):  3715560 kB
Active(file):     351072 kB
Inactive(file):   151028 kB
Unevictable:       66272 kB
Mlocked:              32 kB
SwapTotal:      10485752 kB
SwapFree:        9577712 kB
Dirty:               512 kB
Writeback:             0 kB
AnonPages:       3512364 kB
Mapped:           504484 kB
Shmem:           1118872 kB
KReclaimable:      82288 kB
Slab:             213228 kB
SReclaimable:      82288 kB
SUnreclaim:       130940 kB
KernelStack:       15760 kB
PageTables:        52888 kB
NFS_Unstable:          0 kB
Bounce:                0 kB
WritebackTmp:          0 kB
CommitLimit:    14492728 kB
Committed_AS:   14027408 kB
VmallocTotal:   34359738367 kB
VmallocUsed:       44116 kB
VmallocChunk:          0 kB
Percpu:             3648 kB
HardwareCorrupted:     0 kB
AnonHugePages:         0 kB
ShmemHugePages:        0 kB
ShmemPmdMapped:        0 kB
FileHugePages:         0 kB
FilePmdMapped:         0 kB
HugePages_Total:       0
HugePages_Free:        0
HugePages_Rsvd:        0
HugePages_Surp:        0
Hugepagesize:       2048 kB
Hugetlb:               0 kB
DirectMap4k:      311748 kB
DirectMap2M:     7962624 kB
DirectMap1G:     1048576 kB

/sys/kernel/mm/transparent_hugepage/enabled: always [madvise] never
/sys/kernel/mm/transparent_hugepage/defrag (defrag/compaction efforts parameter): always defer defer+madvise [madvise] never

Process Memory:
Virtual Size: 4837112K (peak: 4845972K)
Resident Set Size: 805416K (peak: 1113152K) (anon: 767544K, file: 37872K, shmem: 0K)
Swapped out: 12432K
C-Heap outstanding allocations: 71216K, retained: 254723K
glibc malloc tunables: (default)

/proc/sys/kernel/threads-max (system-wide limit on the number of threads): 61972
/proc/sys/vm/max_map_count (maximum number of memory map areas a process may have): 65530
/proc/sys/kernel/pid_max (system-wide limit on number of process identifiers): 4194304

container (cgroup) information:
container_type: cgroupv1
cpu_cpuset_cpus: 0-3
cpu_memory_nodes: 0
active_processor_count: 4
cpu_quota: no quota
cpu_period: 100000
cpu_shares: no shares
memory_limit_in_bytes: unlimited
memory_and_swap_limit_in_bytes: unlimited
memory_soft_limit_in_bytes: unlimited
memory_usage_in_bytes: 5016708 k
memory_max_usage_in_bytes: 7353052 k
kernel_memory_usage_in_bytes: 117724 k
kernel_memory_max_usage_in_bytes: unlimited
kernel_memory_limit_in_bytes: 254144 k
maximum number of tasks: unlimited
current number of tasks: 782

Steal ticks since vm start: 0
Steal ticks percentage since vm start:  0.000

CPU: total 4 (initial active 4) (2 cores per cpu, 2 threads per core) family 6 model 61 stepping 4 microcode 0x2f, cx8, cmov, fxsr, ht, mmx, 3dnowpref, sse, sse2, sse3, ssse3, sse4.1, sse4.2, popcnt, lzcnt, tsc, tscinvbit, avx, avx2, aes, erms, clmul, bmi1, bmi2, adx, fma, vzeroupper, clflush
CPU Model and flags from /proc/cpuinfo:
model name	: Intel(R) Core(TM) i5-5200U CPU @ 2.20GHz
flags		: fpu vme de pse tsc msr pae mce cx8 apic sep mtrr pge mca cmov pat pse36 clflush dts acpi mmx fxsr sse sse2 ss ht tm pbe syscall nx pdpe1gb rdtscp lm constant_tsc arch_perfmon pebs bts rep_good nopl xtopology nonstop_tsc cpuid aperfmperf pni pclmulqdq dtes64 monitor ds_cpl vmx est tm2 ssse3 sdbg fma cx16 xtpr pdcm pcid sse4_1 sse4_2 x2apic movbe popcnt tsc_deadline_timer aes xsave avx f16c rdrand lahf_lm abm 3dnowprefetch cpuid_fault epb invpcid_single pti ssbd ibrs ibpb stibp tpr_shadow vnmi flexpriority ept vpid ept_ad fsgsbase tsc_adjust bmi1 avx2 smep bmi2 erms invpcid rdseed adx smap intel_pt xsaveopt dtherm ida arat pln pts md_clear flush_l1d

Online cpus: 0-3
Offline cpus: 
BIOS frequency limitation: <Not Available>
Frequency switch latency (ns): 20000
Available cpu frequencies: <Not Available>
Current governor: ondemand
Core performance/turbo boost: <Not Available>

Memory: 4k page, physical 8013956k(2455120k free), swap 10485752k(9577712k free)
Page Sizes: 4k

vm_info: OpenJDK 64-Bit Server VM (17.0.9+9) for linux-amd64 JRE (17.0.9+9), built on Oct 17 2023 00:00:00 by "admin" with gcc 10.3.0

END.
